[19:15:57] [Server thread/INFO]: Starting minecraft server version 1.8.8
[19:15:57] [Server thread/INFO]: Loading properties
[19:15:57] [Server thread/INFO]: Default game type: SURVIVAL
[19:15:57] [Server thread/INFO]: This server is running CraftBukkit version git-PaperSpigot-"4c7641d" (MC: 1.8.8) (Implementing API version 1.8.8-R0.1-SNAPSHOT)
[19:15:57] [Server thread/INFO]: Debug logging is disabled
[19:15:57] [Server thread/INFO]: Spigot Timings: true - Verbose: true - Interval: 5m - Length: 60m
[19:15:57] [Server thread/INFO]: Server Ping Player Sample Count: 12
[19:15:57] [Server thread/INFO]: Using 4 threads for Netty based IO
[19:15:57] [Server thread/INFO]: Data value allowed items: 
[19:15:57] [Server thread/INFO]: Generating keypair
[19:15:57] [Server thread/INFO]: Starting Minecraft server on *:25567
[19:15:57] [Server thread/INFO]: Using default channel type
[19:16:01] [Server thread/INFO]: Set PluginClassLoader as parallel capable
[19:16:01] [Server thread/INFO]: [WorldEdit] Loading WorldEdit v6.1;no_git_id
[19:16:01] [Server thread/INFO]: [Essentials] Loading Essentials vTeamCity
[19:16:01] [Server thread/INFO]: [ItemMerge] Loading ItemMerge v2.0
[19:16:01] [Server thread/INFO]: [PlaceholderAPI] Loading PlaceholderAPI v2.8.2
[19:16:01] [Server thread/INFO]: [Stp] Loading Stp v0.0.3
[19:16:01] [Server thread/INFO]: [NoJoinQuitMessage] Loading NoJoinQuitMessage v1.0
[19:16:01] [Server thread/INFO]: [ServerJoiner] Loading ServerJoiner v1.0.2
[19:16:01] [Server thread/INFO]: [tpLogin] Loading tpLogin v1.5.1
[19:16:01] [Server thread/INFO]: [LaggRemover] Loading LaggRemover v2.0.4
[19:16:01] [Server thread/INFO]: [PlaceHolder-Motd] Loading PlaceHolder-Motd v1.0
[19:16:01] [Server thread/INFO]: [SkinsRestorer] Loading SkinsRestorer v13.5-SNAPSHOT
[19:16:01] [Server thread/INFO]: [EssentialsProtect] Loading EssentialsProtect vTeamCity
[19:16:01] [Server thread/INFO]: [GameLobbyBasics] Loading GameLobbyBasics v0.0.6-SNAPSHOT
[19:16:01] [Server thread/INFO]: [DeluxeMenus] Loading DeluxeMenus v1.10.4
[19:16:01] [Server thread/INFO]: [EssentialsChat] Loading EssentialsChat vTeamCity
[19:16:01] [Server thread/INFO]: [EssentialsAntiBuild] Loading EssentialsAntiBuild vTeamCity
[19:16:01] [Server thread/INFO]: [PermissionsEx] Loading PermissionsEx v1.23.4
[19:16:01] [Server thread/WARN]: [PermissionsEx] This server is in offline mode. Unless this server is configured to integrate with a supported proxy (see http://dft.ba/-8ous), UUIDs *may not be stable*!
[19:16:01] [Server thread/INFO]: [SQLibrary] Loading SQLibrary v7.1
[19:16:01] [Server thread/INFO]: [ViaVersion] Loading ViaVersion v1.5.0
[19:16:01] [Server thread/INFO]: [ViaVersion] ViaVersion 1.5.0 is now loaded, injecting!
[19:16:01] [Server thread/INFO]: [ViaVersion] Loading block mapping...
[19:16:01] [Server thread/INFO]: [ViaVersion] Loading item mapping...
[19:16:01] [Server thread/INFO]: [ViaVersion] Loading new tags...
[19:16:01] [Server thread/INFO]: [ViaVersion] Loading enchantments...
[19:16:01] [Server thread/INFO]: [ViaVersion] Loading sound mapping...
[19:16:01] [Server thread/INFO]: [CustomJoinItems] Loading CustomJoinItems v1.5.1
[19:16:01] [Server thread/INFO]: [PlayerHider] Loading PlayerHider v1.4
[19:16:01] [Server thread/INFO]: [Vault] Loading Vault v1.4.1-b436
[19:16:01] [Server thread/INFO]: [HubSpeed] Loading HubSpeed v1.0
[19:16:01] [Server thread/INFO]: [EssentialsSpawn] Loading EssentialsSpawn vTeamCity
[19:16:01] [Server thread/INFO]: [PlayerPoints] Loading PlayerPoints v2.1.4
[19:16:01] [Server thread/INFO]: [ProtocolLib] Loading ProtocolLib v3.6.5
[19:16:02] [Server thread/INFO]: [DeluxeChat] Loading DeluxeChat v1.6.5.1
[19:16:02] [Server thread/INFO]: [Citizens] Loading Citizens v2.0.16-SNAPSHOT (build 1247)
[19:16:02] [Server thread/INFO]: [CommandNPC] Loading CommandNPC v1.7.2
[19:16:02] [Server thread/INFO]: [GadgetsMenu] Loading GadgetsMenu v4.1.17
[19:16:02] [Server thread/INFO]: [NeverLag] Loading NeverLag v1.3.0
[19:16:02] [Server thread/INFO]: [HolographicDisplays] Loading HolographicDisplays v2.2.6
[19:16:02] [Server thread/INFO]: [ProBedwars] Loading ProBedwars v1.0
[19:16:02] [Server thread/INFO]: [HolographicScoreboard] Loading HolographicScoreboard v1.5.1
[19:16:02] [Server thread/INFO]: [Vault] Enabling Vault v1.4.1-b436
[19:16:02] [Server thread/INFO]: [Vault] [Economy] Essentials Economy found: Waiting
[19:16:02] [Server thread/INFO]: [Vault] [Permission] PermissionsEx found: Waiting
[19:16:02] [Server thread/INFO]: [Vault] [Permission] SuperPermissions loaded as backup permission system.
[19:16:02] [Server thread/INFO]: [Vault] [Chat] PermissionsEx found: Waiting
[19:16:02] [Server thread/INFO]: [Vault] Enabled Version 1.4.1-b436
[19:16:02] [Server thread/INFO]: [ProtocolLib] Enabling ProtocolLib v3.6.5
[19:16:02] [Server thread/INFO]: [ProtocolLib] Started structure compiler thread.
[19:16:02] [Server thread/WARN]: **** SERVER IS RUNNING IN OFFLINE/INSECURE MODE!
[19:16:02] [Server thread/WARN]: The server will make no attempt to authenticate usernames. Beware.
[19:16:02] [Server thread/WARN]: While this makes the game possible to play without internet access, it also opens up the ability for hackers to connect with any username they choose.
[19:16:02] [Server thread/WARN]: To change this, set "online-mode" to "true" in the server.properties file.
[19:16:02] [Server thread/INFO]: **** Beginning UUID conversion, this may take A LONG time ****
[19:16:02] [Server thread/INFO]: Preparing level "world"
[19:16:02] [Server thread/INFO]: -------- World Settings For [world] --------
[19:16:02] [Server thread/INFO]: Mob Spawn Range: 4
[19:16:02] [Server thread/INFO]: Entity Activation Range: An 32 / Mo 32 / Mi 16
[19:16:02] [Server thread/INFO]: Entity Tracking Range: Pl 48 / An 48 / Mo 48 / Mi 32 / Other 64
[19:16:02] [Server thread/INFO]: Structure Info Saving: true
[19:16:02] [Server thread/INFO]: Hopper Transfer: 8 Hopper Check: 8 Hopper Amount: 1
[19:16:02] [Server thread/INFO]: Anti X-Ray: true
[19:16:02] [Server thread/INFO]: 	Engine Mode: 1
[19:16:02] [Server thread/INFO]: 	Hidden Blocks: [14, 15, 16, 21, 48, 49, 54, 56, 73, 74, 82, 129, 130]
[19:16:02] [Server thread/INFO]: 	Replace Blocks: [1, 5]
[19:16:02] [Server thread/INFO]: Nerfing mobs spawned from spawners: false
[19:16:02] [Server thread/INFO]: Cactus Growth Modifier: 100%
[19:16:02] [Server thread/INFO]: Cane Growth Modifier: 100%
[19:16:02] [Server thread/INFO]: Melon Growth Modifier: 100%
[19:16:02] [Server thread/INFO]: Mushroom Growth Modifier: 100%
[19:16:02] [Server thread/INFO]: Pumpkin Growth Modifier: 100%
[19:16:02] [Server thread/INFO]: Sapling Growth Modifier: 100%
[19:16:02] [Server thread/INFO]: Wheat Growth Modifier: 100%
[19:16:02] [Server thread/INFO]: NetherWart Growth Modifier: 100%
[19:16:02] [Server thread/INFO]: Random Lighting Updates: false
[19:16:02] [Server thread/INFO]: Sending up to 10 chunks per packet
[19:16:02] [Server thread/INFO]: Max TNT Explosions: 100
[19:16:02] [Server thread/INFO]: Tile Max Tick Time: 50ms Entity max Tick Time: 50ms
[19:16:02] [Server thread/INFO]: Arrow Despawn Rate: 1200
[19:16:02] [Server thread/INFO]: View Distance: 10
[19:16:02] [Server thread/INFO]: Item Despawn Rate: 6000
[19:16:02] [Server thread/INFO]: Item Merge Radius: 2.5
[19:16:02] [Server thread/INFO]: Zombie Aggressive Towards Villager: true
[19:16:02] [Server thread/INFO]: Chunks to Grow per Tick: 650
[19:16:02] [Server thread/INFO]: Clear tick list: false
[19:16:02] [Server thread/INFO]: Experience Merge Radius: 3.0
[19:16:02] [Server thread/INFO]: Allow Zombie Pigmen to spawn from portal blocks: true
[19:16:02] [Server thread/INFO]: Max Entity Collisions: 8
[19:16:02] [Server thread/INFO]: Custom Map Seeds:  Village: 10387312 Feature: 14357617
[19:16:02] [Server thread/INFO]: -------- World Settings For [world] --------
[19:16:02] [Server thread/INFO]: Squids will spawn between Y: 45.0 and Y: 63.0
[19:16:02] [Server thread/INFO]: Living Entity Despawn Ranges:  Soft: 32 Hard: 128
[19:16:02] [Server thread/INFO]: Fix TNT cannons: false
[19:16:02] [Server thread/INFO]: Water over lava flow speed: 5
[19:16:02] [Server thread/INFO]: Allow undead horse types to be leashed: false
[19:16:02] [Server thread/INFO]: World async lighting: false
[19:16:02] [Server thread/INFO]: WorldServer TickNextTick cap set at 10000
[19:16:02] [Server thread/INFO]: WorldServer TickNextTickList cap always processes redstone: false
[19:16:02] [Server thread/INFO]: Keep spawn chunk loaded: true
[19:16:02] [Server thread/INFO]: Player blocking damage multiplier set to 0.5
[19:16:02] [Server thread/INFO]: Max height for cactus growth 3. Max height for reed growth 3
[19:16:02] [Server thread/INFO]: Remove invalid mob spawner tile entities: true
[19:16:02] [Server thread/INFO]: -------- World Settings For [world_the_end] --------
[19:16:02] [Server thread/INFO]: Mob Spawn Range: 4
[19:16:02] [Server thread/INFO]: Entity Activation Range: An 32 / Mo 32 / Mi 16
[19:16:02] [Server thread/INFO]: Entity Tracking Range: Pl 48 / An 48 / Mo 48 / Mi 32 / Other 64
[19:16:02] [Server thread/INFO]: Structure Info Saving: true
[19:16:02] [Server thread/INFO]: Hopper Transfer: 8 Hopper Check: 8 Hopper Amount: 1
[19:16:02] [Server thread/INFO]: Anti X-Ray: true
[19:16:02] [Server thread/INFO]: 	Engine Mode: 1
[19:16:02] [Server thread/INFO]: 	Hidden Blocks: [14, 15, 16, 21, 48, 49, 54, 56, 73, 74, 82, 129, 130]
[19:16:02] [Server thread/INFO]: 	Replace Blocks: [1, 5]
[19:16:02] [Server thread/INFO]: Nerfing mobs spawned from spawners: false
[19:16:02] [Server thread/INFO]: Cactus Growth Modifier: 100%
[19:16:02] [Server thread/INFO]: Cane Growth Modifier: 100%
[19:16:02] [Server thread/INFO]: Melon Growth Modifier: 100%
[19:16:02] [Server thread/INFO]: Mushroom Growth Modifier: 100%
[19:16:02] [Server thread/INFO]: Pumpkin Growth Modifier: 100%
[19:16:02] [Server thread/INFO]: Sapling Growth Modifier: 100%
[19:16:02] [Server thread/INFO]: Wheat Growth Modifier: 100%
[19:16:02] [Server thread/INFO]: NetherWart Growth Modifier: 100%
[19:16:02] [Server thread/INFO]: Random Lighting Updates: false
[19:16:02] [Server thread/INFO]: Sending up to 10 chunks per packet
[19:16:02] [Server thread/INFO]: Max TNT Explosions: 100
[19:16:02] [Server thread/INFO]: Tile Max Tick Time: 50ms Entity max Tick Time: 50ms
[19:16:02] [Server thread/INFO]: Arrow Despawn Rate: 1200
[19:16:02] [Server thread/INFO]: View Distance: 10
[19:16:02] [Server thread/INFO]: Item Despawn Rate: 6000
[19:16:02] [Server thread/INFO]: Item Merge Radius: 2.5
[19:16:02] [Server thread/INFO]: Zombie Aggressive Towards Villager: true
[19:16:02] [Server thread/INFO]: Chunks to Grow per Tick: 650
[19:16:02] [Server thread/INFO]: Clear tick list: false
[19:16:02] [Server thread/INFO]: Experience Merge Radius: 3.0
[19:16:02] [Server thread/INFO]: Allow Zombie Pigmen to spawn from portal blocks: true
[19:16:02] [Server thread/INFO]: Max Entity Collisions: 8
[19:16:02] [Server thread/INFO]: Custom Map Seeds:  Village: 10387312 Feature: 14357617
[19:16:02] [Server thread/INFO]: -------- World Settings For [world_the_end] --------
[19:16:02] [Server thread/INFO]: Squids will spawn between Y: 45.0 and Y: 63.0
[19:16:02] [Server thread/INFO]: Living Entity Despawn Ranges:  Soft: 32 Hard: 128
[19:16:02] [Server thread/INFO]: Fix TNT cannons: false
[19:16:02] [Server thread/INFO]: Water over lava flow speed: 5
[19:16:02] [Server thread/INFO]: Allow undead horse types to be leashed: false
[19:16:02] [Server thread/INFO]: World async lighting: false
[19:16:02] [Server thread/INFO]: WorldServer TickNextTick cap set at 10000
[19:16:02] [Server thread/INFO]: WorldServer TickNextTickList cap always processes redstone: false
[19:16:02] [Server thread/INFO]: Keep spawn chunk loaded: true
[19:16:02] [Server thread/INFO]: Player blocking damage multiplier set to 0.5
[19:16:02] [Server thread/INFO]: Max height for cactus growth 3. Max height for reed growth 3
[19:16:02] [Server thread/INFO]: Remove invalid mob spawner tile entities: true
[19:16:02] [Server thread/INFO]: Preparing start region for level 0 (Seed: 0)
[19:16:02] [Server thread/INFO]: Preparing start region for level 1 (Seed: 1452536600467985551)
[19:16:02] [Server thread/INFO]: [WorldEdit] Enabling WorldEdit v6.1;no_git_id
[19:16:03] [Server thread/INFO]: WEPIF: Using the Bukkit Permissions API.
[19:16:03] [Server thread/INFO]: [WorldEdit] Using com.sk89q.worldedit.bukkit.adapter.impl.Spigot_v1_8_R3 as the Bukkit adapter
[19:16:03] [Server thread/INFO]: [Essentials] Enabling Essentials vTeamCity
[19:16:03] [Server thread/INFO]: Bukkit version format changed. Version not checked.
[19:16:03] [Server thread/INFO]: git-PaperSpigot-"4c7641d" (MC: 1.8.8)
[19:16:03] [Server thread/INFO]: 1.8.8-R0.1-SNAPSHOT
[19:16:03] [Server thread/INFO]: Using locale zh_CN
[19:16:03] [Server thread/INFO]: Using locale zh_CN
[19:16:03] [Server thread/INFO]: [Vault][Economy] Essentials Economy hooked.
[19:16:03] [Server thread/INFO]: Essentials: Using config file enhanced permissions.
[19:16:03] [Server thread/INFO]: Permissions listed in as player-commands will be given to all users.
[19:16:03] [Server thread/INFO]: [ItemMerge] Enabling ItemMerge v2.0
[19:16:03] [Server thread/INFO]: [ItemMerge] The plugin will be enabled.
[19:16:03] [Server thread/INFO]: [ItemMerge] This version 2.0
[19:16:03] [Server thread/INFO]: [ItemMerge] Produce by RWTA
[19:16:03] [Server thread/INFO]: [PlaceholderAPI] Enabling PlaceholderAPI v2.8.2
[19:16:03] [Server thread/INFO]: [PlaceholderAPI] Placeholder expansion registration initializing...
[19:16:03] [Server thread/INFO]: [PlaceholderAPI] Successfully registered expansion: bungee
[19:16:03] [Server thread/INFO]: [PlaceholderAPI] Started scheduled task for expansion: bungee
[19:16:03] [Server thread/INFO]: [PlaceholderAPI] Successfully registered expansion: player
[19:16:03] [Server thread/INFO]: [PlaceholderAPI] Fetching available expansion list from extendedclip.com...
[19:16:03] [Server thread/INFO]: [Stp] Enabling Stp v0.0.3
[19:16:03] [Server thread/INFO]: [Stp] 检测到config.yml,开始加载配置!
[19:16:03] [Server thread/WARN]: [Stp] Default system encoding may have misread config.yml from plugin jar
[19:16:03] [Server thread/INFO]: [Stp] Stp 载入完成！
[19:16:03] [Server thread/INFO]: [Stp] 作者：Sun_An
[19:16:03] [Server thread/INFO]: [Stp] Stp 已被加载！
[19:16:03] [Server thread/INFO]: [Stp] 作者：Sun_An
[19:16:03] [Server thread/INFO]: [NoJoinQuitMessage] Enabling NoJoinQuitMessage v1.0
[19:16:03] [Server thread/INFO]: [ServerJoiner] Enabling ServerJoiner v1.0.2
[19:16:03] [Server thread/WARN]: [ServerJoiner] Could not save config.yml to plugins\ServerJoiner\config.yml because config.yml already exists.
[19:16:03] [Server thread/WARN]: [ServerJoiner] Default system encoding may have misread config.yml from plugin jar
[19:16:03] [Server thread/INFO]: [ServerJoiner] 插件已加载.
[19:16:03] [Server thread/INFO]: [tpLogin] Enabling tpLogin v1.5.1
[19:16:06] [Server thread/INFO]: 
[19:16:06] [Server thread/INFO]: tpLogin v1.5.1 has been enabled!
[19:16:06] [Server thread/INFO]: [LaggRemover] Enabling LaggRemover v2.0.4
[19:16:06] [Server thread/INFO]: 
    __                      ____                                         _    _____
   / /   ____ _____ _____ _/ __ \___  ____ ___  ____ _   _____  _____   | |  / /__ \
  / /   / __ `/ __ `/ __ `/ /_/ / _ \/ __ `__ \/ __ \ | / / _ \/ ___/   | | / /__/ /
 / /___/ /_/ / /_/ / /_/ / _, _/  __/ / / / / / /_/ / |/ /  __/ /       | |/ // __/
/_____/\__,_/\__, /\__, /_/ |_|\___/_/ /_/ /_/\____/|___/\___/_/        |___//____/
            /____//____/

[19:16:06] [Server thread/INFO]: [LaggRemover] Loaded 0 module(s)
[19:16:06] [Server thread/INFO]: [LaggRemover] The LaggRemover AI is now active!
[19:16:06] [Server thread/INFO]: [LaggRemover] LaggRemover has been enabled!
[19:16:06] [Server thread/INFO]: [PlaceHolder-Motd] Enabling PlaceHolder-Motd v1.0
[19:16:06] [Server thread/INFO]: [SkinsRestorer] Enabling SkinsRestorer v13.5-SNAPSHOT
[19:16:06] [Server thread/INFO]: [SkinsRestorer] Detected Minecraft v1_8_R3, using UniversalSkinFactory.
[19:16:06] [Server thread/INFO]: [EssentialsProtect] Enabling EssentialsProtect vTeamCity
[19:16:06] [Server thread/INFO]: [GameLobbyBasics] Enabling GameLobbyBasics v0.0.6-SNAPSHOT
[19:16:06] [Server thread/INFO]: [GLB] Found config,Loading....
[19:16:06] [Server thread/INFO]: world
[19:16:06] [Server thread/INFO]: [DeluxeMenus] Enabling DeluxeMenus v1.10.4
[19:16:06] [Server thread/INFO]: [DeluxeMenus] Hooked into PlaceholderAPI!
[19:16:06] [Server thread/INFO]: [DeluxeMenus] 5 GUI menus loaded!
[19:16:06] [Server thread/INFO]: [DeluxeMenus] You are running the latest version of DeluxeMenus!
[19:16:06] [Server thread/INFO]: [DeluxeMenus] Successfully hooked into Vault for economy requirement!
[19:16:06] [Server thread/INFO]: [DeluxeMenus] NMS hook has been setup
[19:16:06] [Server thread/INFO]: [EssentialsChat] Enabling EssentialsChat vTeamCity
[19:16:06] [Server thread/INFO]: [EssentialsAntiBuild] Enabling EssentialsAntiBuild vTeamCity
[19:16:06] [Server thread/INFO]: [PermissionsEx] Enabling PermissionsEx v1.23.4
[19:16:06] [Server thread/INFO]: [PermissionsEx] Initializing file backend
[19:16:06] [Server thread/INFO]: [PermissionsEx] Permissions file successfully reloaded
[19:16:06] [Server thread/INFO]: WEPIF: PermissionsEx detected! Using PermissionsEx for permissions.
[19:16:06] [Server thread/INFO]: [Vault][Permission] PermissionsEx hooked.
[19:16:06] [Server thread/INFO]: [Vault][Chat] PermissionsEx_Chat hooked.
[19:16:06] [Server thread/INFO]: Essentials: Using PermissionsEx based permissions.
[19:16:06] [Server thread/INFO]: [SQLibrary] Enabling SQLibrary v7.1
[19:16:06] [Server thread/INFO]: SQLibrary loaded.
[19:16:06] [Server thread/INFO]: [ViaVersion] Enabling ViaVersion v1.5.0
[19:16:06] [Server thread/INFO]: [CustomJoinItems] Enabling CustomJoinItems v1.5.1
[19:16:06] [Server thread/INFO]: [PlayerHider] Enabling PlayerHider v1.4
[19:16:06] [Server thread/INFO]: [HubSpeed] Enabling HubSpeed v1.0
[19:16:06] [Server thread/WARN]: [HubSpeed] Default system encoding may have misread config.yml from plugin jar
[19:16:06] [Server thread/INFO]: [EssentialsSpawn] Enabling EssentialsSpawn vTeamCity
[19:16:06] [Server thread/INFO]: [PlayerPoints] Enabling PlayerPoints v2.1.4
[19:16:06] [Server thread/INFO]: [DeluxeChat] Enabling DeluxeChat v1.6.5.1
[19:16:07] [Server thread/INFO]: [DeluxeChat] 1 formats loaded!
[19:16:07] [Server thread/INFO]: [DeluxeChat] Loading DeluxeChat messages.yml
[19:16:07] [Server thread/INFO]: [DeluxeChat] Loading placeholders.yml
[19:16:07] [Server thread/INFO]: [DeluxeChat] Hooked into Vault for economy placeholders!
[19:16:07] [Server thread/INFO]: [DeluxeChat] Hooked into Vault for permissions placeholders!
[19:16:07] [Server thread/INFO]: [DeluxeChat] 3 placeholder hooks have been registered and are enabled.
[19:16:08] [Server thread/INFO]: ----------------------------
[19:16:08] [Server thread/INFO]:      DeluxeChat Updater
[19:16:08] [Server thread/INFO]:  
[19:16:08] [Server thread/INFO]: Could not connect to spigotmc.org
[19:16:08] [Server thread/INFO]: to check for updates! 
[19:16:08] [Server thread/INFO]:  
[19:16:08] [Server thread/INFO]: ----------------------------
[19:16:08] [Server thread/INFO]: ----------------------------
[19:16:08] [Server thread/INFO]:      DeluxeChat Updater
[19:16:08] [Server thread/INFO]:  
[19:16:08] [Server thread/INFO]: You are running 1.6.5.1
[19:16:08] [Server thread/INFO]: The latest version
[19:16:08] [Server thread/INFO]: of DeluxeChat!
[19:16:08] [Server thread/INFO]:  
[19:16:08] [Server thread/INFO]: ----------------------------
[19:16:08] [Server thread/INFO]: [Citizens] Enabling Citizens v2.0.16-SNAPSHOT (build 1247)
[19:16:08] [Server thread/ERROR]: [Citizens] Missing preferred location bundle.
[19:16:08] [Server thread/INFO]: [CommandNPC] Enabling CommandNPC v1.7.2
[19:16:08] [Server thread/INFO]: Injecting command information into Citizens.
[19:16:08] [Server thread/INFO]: [GadgetsMenu] Enabling GadgetsMenu v4.1.17
[19:16:09] [Server thread/INFO]: [GadgetsMenu] ------------------------------------------------------
[19:16:09] [Server thread/INFO]: [GadgetsMenu] GadgetsMenu 4.1.17 is loading... [server: git-PaperSpigot-"4c7641d" (MC: 1.8.8)]
[19:16:09] [Server thread/INFO]: [GadgetsMenu]                Plugin by Yap Zhen Yie.
[19:16:09] [Server thread/INFO]: [GadgetsMenu]                Date Modified: 8-04-2018
[19:16:09] [Server thread/INFO]: [GadgetsMenu]                            
[19:16:09] [Server thread/INFO]: [GadgetsMenu]              Initializing module v1_8_R3
[19:16:09] [Server thread/INFO]: [GadgetsMenu] ------------------------------------------------------
[19:16:09] [Server thread/INFO]: [GadgetsMenu] Enabled player relative placeholders with ProtocolLib.
[19:16:09] [Server thread/INFO]: [GadgetsMenu] [Placeholder] PlaceholderAPI hooked.
[19:16:09] [Server thread/INFO]: [NeverLag] Enabling NeverLag v1.3.0
[19:16:09] [Server thread/WARN]: [NeverLag] Default system encoding may have misread config.yml from plugin jar
[19:16:09] [Server thread/INFO]: [HolographicDisplays] Enabling HolographicDisplays v2.2.6
[19:16:10] [Server thread/INFO]: [HolographicDisplays] Found ProtocolLib, using old version.
[19:16:10] [Server thread/INFO]: [HolographicDisplays] Enabled player relative placeholders with ProtocolLib.
[19:16:10] [Server thread/INFO]: [ProBedwars] Enabling ProBedwars v1.0
[19:16:11] [Server thread/WARN]: java.net.ConnectException: Connection refused: connect
[19:16:11] [Server thread/WARN]: 	at .(:1)
[19:16:11] [Server thread/INFO]: [BedWars] Loaded 0 Sign(s)!
[19:16:11] [Server thread/INFO]: HolographicDisplays has been detected! HolographicDisplays features are now enabled!
[19:16:11] [Server thread/INFO]: [Bedwars] Loaded 7 Shop(s)!
[19:16:11] [Server thread/INFO]: [ProBedWars] Cracked by HotSpot@BlackSpigot.com
[19:16:11] [Server thread/INFO]: [HolographicScoreboard] Enabling HolographicScoreboard v1.5.1
[19:16:11] [Server thread/INFO]: [HolographicScoreboard] MCStats enabled for HolographicScoreboard
[19:16:11] [Server thread/INFO]: Server permissions file permissions.yml is empty, ignoring it
[19:16:11] [Server thread/INFO]: Done (9.686s)! For help, type "help" or "?"
[19:16:11] [Server thread/INFO]: Timings Reset
[19:16:11] [Server thread/INFO]: Holograms Updated!
[19:16:11] [Server thread/INFO]: Updating leaderboards
[19:16:11] [Server thread/INFO]: [HolographicDisplays] Found a new version available: v2.3.2
[19:16:11] [Server thread/INFO]: [HolographicDisplays] Download it on Bukkit Dev:
[19:16:11] [Server thread/INFO]: [HolographicDisplays] dev.bukkit.org/bukkit-plugins/holographic-displays
[19:16:11] [Server thread/INFO]: [ViaVersion] ViaVersion detected server version: 1.8.x(47)
[19:16:11] [Server thread/INFO]: [ViaVersion] Enabling Paper/TacoSpigot/Torch patch: Fixes block placement.
[19:16:12] [Server thread/INFO]: [Citizens] Loaded 4 NPCs.
[19:16:12] [Craft Scheduler Thread - 8/INFO]: [PlaceholderAPI] Failed to check for a update on spigot.
[19:16:12] [Server thread/WARN]: [ViaVersion] There is a newer version available: 1.6.0, you're on: 1.5.0
[19:16:12] [Craft Scheduler Thread - 20/INFO]: [Vault] Checking for Updates:
[19:16:12] [Craft Scheduler Thread - 20/WARN]: [Vault] Stable Version: 1.7.1 is out! You are still running version: 1.4.1
[19:16:12] [Craft Scheduler Thread - 20/WARN]: [Vault] Update at: http://dev.bukkit.org/server-mods/vault
[19:16:13] [Craft Scheduler Thread - 17/INFO]: [PlaceholderAPI] 126 placeholder expansions are available on the cloud.
[19:16:13] [Craft Scheduler Thread - 17/INFO]: [PlaceholderAPI] 2 expansions you use have updates.
[19:16:13] [Craft Scheduler Thread - 15/WARN]: [SpigetUpdate] Invalid SemVer versions specified [135-SNAPSHOT] [1352]
[19:16:13] [Craft Scheduler Thread - 15/INFO]: [SkinsRestorer] ----------------------------------------------
[19:16:13] [Craft Scheduler Thread - 15/INFO]: [SkinsRestorer]     +===============+
[19:16:13] [Craft Scheduler Thread - 15/INFO]: [SkinsRestorer]     | SkinsRestorer |
[19:16:13] [Craft Scheduler Thread - 15/INFO]: [SkinsRestorer]     +===============+
[19:16:13] [Craft Scheduler Thread - 15/INFO]: [SkinsRestorer] ----------------------------------------------
[19:16:13] [Craft Scheduler Thread - 15/INFO]: [SkinsRestorer]     Current version: 13.5-SNAPSHOT
[19:16:13] [Craft Scheduler Thread - 15/INFO]: [SkinsRestorer]     This is the latest version!
[19:16:13] [Craft Scheduler Thread - 15/INFO]: [SkinsRestorer] ----------------------------------------------
[19:16:16] [Server thread/INFO]: [ProtocolLib] The updater found an update: 4.4.0 (Running 3.6.5). Download at https://www.spigotmc.org/resources/protocollib.1997/
[19:26:11] [Server thread/INFO]: Updating leaderboards
[19:26:11] [Server thread/INFO]: Holograms Updated!
[19:28:09] [Thread-732/INFO]: UUID of player YuukiSkniro is 9fa3a992-90a2-3e98-8124-1c0a3159b2d0
[19:28:10] [Server thread/INFO]: Detected the PlayerJoinEvent of player YuukiSkniro
[19:28:10] [Server thread/INFO]: Forced YuukiSkniro to defined location.
[19:28:10] [Server thread/INFO]: YuukiSkniro[/127.0.0.1:58395] logged in with entity id 113 at ([world]-30.5, 73.0, 0.5)
[19:28:15] [Craft Scheduler Thread - 27/INFO]: [SkinsRestorer] Switching to Mojang to get UUID. (yuukiskniro)
[19:28:16] [Craft Scheduler Thread - 27/INFO]: [SkinsRestorer] Switching to Mojang to get skin property. (c32ab6d0867347c8b2a37df48ce221f4)
[19:28:16] [Server thread/INFO]: YuukiSkniro issued server command: /bw
[19:28:22] [Server thread/INFO]: YuukiSkniro issued server command: /sj open 4v4v4v4
[19:28:28] [Server thread/INFO]: YuukiSkniro issued server command: /bw join
[19:28:52] [Server thread/INFO]: YuukiSkniro lost connection: Disconnected
[19:30:11] [Server thread/INFO]: [″ㄥ]颁界╁ 60绉? 娓わ
[19:30:41] [Server thread/INFO]: [″ㄥ]颁界╁ 30绉? 娓わ
[19:31:01] [Server thread/INFO]: [″ㄥ]颁界╁ 10绉? 娓わ
[19:31:11] [Server thread/INFO]: [″ㄥ]锛杩娆℃浜 0涓? 撅瑙宸辫~
