[19:16:03] [Server thread/INFO]: Starting minecraft server version 1.8.8
[19:16:03] [Server thread/INFO]: Loading properties
[19:16:03] [Server thread/INFO]: Default game type: SURVIVAL
[19:16:03] [Server thread/INFO]: This server is running CraftBukkit version git-PaperSpigot-"8b18730" (MC: 1.8.8) (Implementing API version 1.8.8-R0.1-SNAPSHOT)
[19:16:03] [Server thread/INFO]: Debug logging is disabled
[19:16:03] [Server thread/INFO]: Spigot Timings: true - Verbose: true - Interval: 5m - Length: 60m
[19:16:03] [Server thread/INFO]: Server Ping Player Sample Count: 12
[19:16:03] [Server thread/INFO]: Using 4 threads for Netty based IO
[19:16:03] [Server thread/INFO]: Data value allowed items: 
[19:16:03] [Server thread/INFO]: Generating keypair
[19:16:03] [Server thread/INFO]: Starting Minecraft server on localhost:14003
[19:16:03] [Server thread/INFO]: Using default channel type
[19:16:05] [Server thread/INFO]: Set PluginClassLoader as parallel capable
[19:16:05] [Server thread/INFO]: [Bedwars] Loading Bedwars v9.1
[19:16:05] [Server thread/INFO]: [ProBedwars] Loading ProBedwars v1.0
[19:16:05] [Server thread/INFO]: [SkinsRestorer] Loading SkinsRestorer v13.5-SNAPSHOT
[19:16:05] [Server thread/INFO]: [BedwarsGeneratorReloaded] Loading BedwarsGeneratorRel vREL2.0
[19:16:05] [Server thread/INFO]: [BedwarsGeneratorRel] Loading...
[19:16:05] [Server thread/INFO]: [Essentials] Loading Essentials vTeamCity
[19:16:05] [Server thread/INFO]: [EssentialsProtect] Loading EssentialsProtect vTeamCity
[19:16:05] [Server thread/INFO]: [ItemMerge] Loading ItemMerge v2.0
[19:16:05] [Server thread/INFO]: [EssentialsChat] Loading EssentialsChat vTeamCity
[19:16:05] [Server thread/INFO]: [EssentialsAntiBuild] Loading EssentialsAntiBuild vTeamCity
[19:16:05] [Server thread/INFO]: [ViaVersion] Loading ViaVersion v1.5.0
[19:16:05] [Server thread/INFO]: [ViaVersion] ViaVersion 1.5.0 is now loaded, injecting!
[19:16:05] [Server thread/INFO]: [ViaVersion] Loading block mapping...
[19:16:05] [Server thread/INFO]: [ViaVersion] Loading item mapping...
[19:16:05] [Server thread/INFO]: [ViaVersion] Loading new tags...
[19:16:05] [Server thread/INFO]: [ViaVersion] Loading enchantments...
[19:16:05] [Server thread/INFO]: [ViaVersion] Loading sound mapping...
[19:16:05] [Server thread/INFO]: [EssentialsSpawn] Loading EssentialsSpawn vTeamCity
[19:16:05] [Server thread/INFO]: [LaggRemover] Loading LaggRemover v2.0.4
[19:16:05] [Server thread/INFO]: [ProtocolLib] Loading ProtocolLib v3.6.5
[19:16:05] [Server thread/INFO]: [NeverLag] Loading NeverLag v1.3.0
[19:16:05] [Server thread/INFO]: [ProtocolLib] Enabling ProtocolLib v3.6.5
[19:16:05] [Server thread/INFO]: [ProtocolLib] Started structure compiler thread.
[19:16:05] [Server thread/WARN]: **** SERVER IS RUNNING IN OFFLINE/INSECURE MODE!
[19:16:05] [Server thread/WARN]: The server will make no attempt to authenticate usernames. Beware.
[19:16:05] [Server thread/WARN]: While this makes the game possible to play without internet access, it also opens up the ability for hackers to connect with any username they choose.
[19:16:05] [Server thread/WARN]: To change this, set "online-mode" to "true" in the server.properties file.
[19:16:05] [Server thread/INFO]: **** Beginning UUID conversion, this may take A LONG time ****
[19:16:05] [Server thread/INFO]: Preparing level "参天松树"
[19:16:05] [Server thread/INFO]: -------- World Settings For [参天松树] --------
[19:16:05] [Server thread/INFO]: Item Despawn Rate: 6000
[19:16:05] [Server thread/INFO]: Item Merge Radius: 2.5
[19:16:05] [Server thread/INFO]: View Distance: 10
[19:16:05] [Server thread/INFO]: Chunks to Grow per Tick: 650
[19:16:05] [Server thread/INFO]: Clear tick list: false
[19:16:05] [Server thread/INFO]: Experience Merge Radius: 3.0
[19:16:05] [Server thread/INFO]: Arrow Despawn Rate: 1200
[19:16:05] [Server thread/INFO]: Allow Zombie Pigmen to spawn from portal blocks: true
[19:16:05] [Server thread/INFO]: Zombie Aggressive Towards Villager: true
[19:16:05] [Server thread/INFO]: Hopper Transfer: 8 Hopper Check: 8 Hopper Amount: 1
[19:16:05] [Server thread/INFO]: Entity Activation Range: An 32 / Mo 32 / Mi 16
[19:16:05] [Server thread/INFO]: Entity Tracking Range: Pl 48 / An 48 / Mo 48 / Mi 32 / Other 64
[19:16:05] [Server thread/INFO]: Anti X-Ray: true
[19:16:05] [Server thread/INFO]: 	Engine Mode: 1
[19:16:05] [Server thread/INFO]: 	Hidden Blocks: [14, 15, 16, 21, 48, 49, 54, 56, 73, 74, 82, 129, 130]
[19:16:05] [Server thread/INFO]: 	Replace Blocks: [1, 5]
[19:16:05] [Server thread/INFO]: Mob Spawn Range: 4
[19:16:05] [Server thread/INFO]: Nerfing mobs spawned from spawners: false
[19:16:05] [Server thread/INFO]: Cactus Growth Modifier: 100%
[19:16:05] [Server thread/INFO]: Cane Growth Modifier: 100%
[19:16:05] [Server thread/INFO]: Melon Growth Modifier: 100%
[19:16:05] [Server thread/INFO]: Mushroom Growth Modifier: 100%
[19:16:05] [Server thread/INFO]: Pumpkin Growth Modifier: 100%
[19:16:05] [Server thread/INFO]: Sapling Growth Modifier: 100%
[19:16:05] [Server thread/INFO]: Wheat Growth Modifier: 100%
[19:16:05] [Server thread/INFO]: NetherWart Growth Modifier: 100%
[19:16:05] [Server thread/INFO]: Sending up to 10 chunks per packet
[19:16:05] [Server thread/INFO]: Tile Max Tick Time: 50ms Entity max Tick Time: 50ms
[19:16:05] [Server thread/INFO]: Structure Info Saving: true
[19:16:05] [Server thread/INFO]: Max TNT Explosions: 100
[19:16:05] [Server thread/INFO]: Random Lighting Updates: false
[19:16:05] [Server thread/INFO]: Custom Map Seeds:  Village: 10387312 Feature: 14357617
[19:16:05] [Server thread/INFO]: Max Entity Collisions: 8
[19:16:06] [Server thread/INFO]: -------- World Settings For [参天松树] --------
[19:16:06] [Server thread/INFO]: World async lighting: false
[19:16:06] [Server thread/INFO]: WorldServer TickNextTick cap set at 10000
[19:16:06] [Server thread/INFO]: WorldServer TickNextTickList cap always processes redstone: false
[19:16:06] [Server thread/INFO]: Water over lava flow speed: 5
[19:16:06] [Server thread/INFO]: Fix TNT cannons: false
[19:16:06] [Server thread/INFO]: Keep spawn chunk loaded: true
[19:16:06] [Server thread/INFO]: Allow undead horse types to be leashed: false
[19:16:06] [Server thread/INFO]: Remove invalid mob spawner tile entities: true
[19:16:06] [Server thread/INFO]: Living Entity Despawn Ranges:  Soft: 32 Hard: 128
[19:16:06] [Server thread/INFO]: Squids will spawn between Y: 45.0 and Y: 63.0
[19:16:06] [Server thread/INFO]: Max height for cactus growth 3. Max height for reed growth 3
[19:16:06] [Server thread/INFO]: Player blocking damage multiplier set to 0.5
[19:16:06] [Server thread/INFO]: -------- World Settings For [参天松树_the_end] --------
[19:16:06] [Server thread/INFO]: Item Despawn Rate: 6000
[19:16:06] [Server thread/INFO]: Item Merge Radius: 2.5
[19:16:06] [Server thread/INFO]: View Distance: 10
[19:16:06] [Server thread/INFO]: Chunks to Grow per Tick: 650
[19:16:06] [Server thread/INFO]: Clear tick list: false
[19:16:06] [Server thread/INFO]: Experience Merge Radius: 3.0
[19:16:06] [Server thread/INFO]: Arrow Despawn Rate: 1200
[19:16:06] [Server thread/INFO]: Allow Zombie Pigmen to spawn from portal blocks: true
[19:16:06] [Server thread/INFO]: Zombie Aggressive Towards Villager: true
[19:16:06] [Server thread/INFO]: Hopper Transfer: 8 Hopper Check: 8 Hopper Amount: 1
[19:16:06] [Server thread/INFO]: Entity Activation Range: An 32 / Mo 32 / Mi 16
[19:16:06] [Server thread/INFO]: Entity Tracking Range: Pl 48 / An 48 / Mo 48 / Mi 32 / Other 64
[19:16:06] [Server thread/INFO]: Anti X-Ray: true
[19:16:06] [Server thread/INFO]: 	Engine Mode: 1
[19:16:06] [Server thread/INFO]: 	Hidden Blocks: [14, 15, 16, 21, 48, 49, 54, 56, 73, 74, 82, 129, 130]
[19:16:06] [Server thread/INFO]: 	Replace Blocks: [1, 5]
[19:16:06] [Server thread/INFO]: Mob Spawn Range: 4
[19:16:06] [Server thread/INFO]: Nerfing mobs spawned from spawners: false
[19:16:06] [Server thread/INFO]: Cactus Growth Modifier: 100%
[19:16:06] [Server thread/INFO]: Cane Growth Modifier: 100%
[19:16:06] [Server thread/INFO]: Melon Growth Modifier: 100%
[19:16:06] [Server thread/INFO]: Mushroom Growth Modifier: 100%
[19:16:06] [Server thread/INFO]: Pumpkin Growth Modifier: 100%
[19:16:06] [Server thread/INFO]: Sapling Growth Modifier: 100%
[19:16:06] [Server thread/INFO]: Wheat Growth Modifier: 100%
[19:16:06] [Server thread/INFO]: NetherWart Growth Modifier: 100%
[19:16:06] [Server thread/INFO]: Sending up to 10 chunks per packet
[19:16:06] [Server thread/INFO]: Tile Max Tick Time: 50ms Entity max Tick Time: 50ms
[19:16:06] [Server thread/INFO]: Structure Info Saving: true
[19:16:06] [Server thread/INFO]: Max TNT Explosions: 100
[19:16:06] [Server thread/INFO]: Random Lighting Updates: false
[19:16:06] [Server thread/INFO]: Custom Map Seeds:  Village: 10387312 Feature: 14357617
[19:16:06] [Server thread/INFO]: Max Entity Collisions: 8
[19:16:06] [Server thread/INFO]: -------- World Settings For [参天松树_the_end] --------
[19:16:06] [Server thread/INFO]: World async lighting: false
[19:16:06] [Server thread/INFO]: WorldServer TickNextTick cap set at 10000
[19:16:06] [Server thread/INFO]: WorldServer TickNextTickList cap always processes redstone: false
[19:16:06] [Server thread/INFO]: Water over lava flow speed: 5
[19:16:06] [Server thread/INFO]: Fix TNT cannons: false
[19:16:06] [Server thread/INFO]: Keep spawn chunk loaded: true
[19:16:06] [Server thread/INFO]: Allow undead horse types to be leashed: false
[19:16:06] [Server thread/INFO]: Remove invalid mob spawner tile entities: true
[19:16:06] [Server thread/INFO]: Living Entity Despawn Ranges:  Soft: 32 Hard: 128
[19:16:06] [Server thread/INFO]: Squids will spawn between Y: 45.0 and Y: 63.0
[19:16:06] [Server thread/INFO]: Max height for cactus growth 3. Max height for reed growth 3
[19:16:06] [Server thread/INFO]: Player blocking damage multiplier set to 0.5
[19:16:06] [Server thread/INFO]: Preparing start region for level 0 (Seed: 0)
[19:16:06] [Server thread/INFO]: Preparing start region for level 1 (Seed: 7583966346363917134)
[19:16:06] [Server thread/INFO]: [Bedwars] Enabling Bedwars v9.1
[19:16:06] [Server thread/INFO]: [ProBedwars] Enabling ProBedwars v1.0
[19:16:08] [Server thread/WARN]: java.net.ConnectException: Connection refused: connect
[19:16:08] [Server thread/WARN]: 	at .(:1)
[19:16:08] [Server thread/INFO]: [BedWars] Loaded 0 Sign(s)!
[19:16:08] [Server thread/INFO]: [Bedwars] Loaded 7 Shop(s)!
[19:16:08] [Server thread/INFO]: [ProBedWars] Cracked by HotSpot@BlackSpigot.com
[19:16:08] [Server thread/INFO]: [SkinsRestorer] Enabling SkinsRestorer v13.5-SNAPSHOT
[19:16:08] [Server thread/INFO]: [SkinsRestorer] Detected Minecraft v1_8_R3, using UniversalSkinFactory.
[19:16:08] [Server thread/INFO]: [BedwarsGeneratorReloaded] Enabling BedwarsGeneratorRel vREL2.0
[19:16:08] [Server thread/INFO]: [BedwarsGeneratorRel] Registering modules...
[19:16:08] [Server thread/ERROR]: [BedwarsGeneratorReloaded] Plugin BedwarsGeneratorRel vREL2.0 has failed to register events for class me.blueobsidian.BedwarsGeneratorRel.objects.Bedwars.Listeners because me/MineHome/Bedwars/Events/GameStartEvent does not exist.
[19:16:08] [Server thread/WARN]: [BedwarsGeneratorReloaded] Default system encoding may have misread config.yml from plugin jar
[19:16:08] [Server thread/ERROR]: [BedwarsGeneratorReloaded] Plugin BedwarsGeneratorRel vREL2.0 has failed to register events for class me.blueobsidian.BedwarsTeamShop.objects.CitizenListener because net/citizensnpcs/api/event/NPCLeftClickEvent does not exist.
[19:16:08] [Server thread/INFO]: [BedwarsGeneratorRel] An error occured while registering modules
[19:16:08] [Server thread/WARN]: java.lang.NoClassDefFoundError: me/MineHome/Bedwars/Game/GameManager
[19:16:08] [Server thread/WARN]: 	at me.blueobsidian.BedwarsGeneratorRel.objects.Bedwars.Util.getStartedGames(Util.java:38)
[19:16:08] [Server thread/WARN]: 	at me.blueobsidian.BedwarsGeneratorRel.Main.onEnable(Main.java:76)
[19:16:08] [Server thread/WARN]: 	at org.bukkit.plugin.java.JavaPlugin.setEnabled(JavaPlugin.java:321)
[19:16:08] [Server thread/WARN]: 	at org.bukkit.plugin.java.JavaPluginLoader.enablePlugin(JavaPluginLoader.java:332)
[19:16:08] [Server thread/WARN]: 	at org.bukkit.plugin.SimplePluginManager.enablePlugin(SimplePluginManager.java:404)
[19:16:08] [Server thread/WARN]: 	at org.bukkit.craftbukkit.v1_8_R3.CraftServer.loadPlugin(CraftServer.java:359)
[19:16:08] [Server thread/WARN]: 	at org.bukkit.craftbukkit.v1_8_R3.CraftServer.enablePlugins(CraftServer.java:318)
[19:16:08] [Server thread/WARN]: 	at net.minecraft.server.v1_8_R3.MinecraftServer.s(MinecraftServer.java:408)
[19:16:08] [Server thread/WARN]: 	at net.minecraft.server.v1_8_R3.MinecraftServer.k(MinecraftServer.java:372)
[19:16:08] [Server thread/WARN]: 	at net.minecraft.server.v1_8_R3.MinecraftServer.a(MinecraftServer.java:327)
[19:16:08] [Server thread/WARN]: 	at net.minecraft.server.v1_8_R3.DedicatedServer.init(DedicatedServer.java:267)
[19:16:08] [Server thread/WARN]: 	at net.minecraft.server.v1_8_R3.MinecraftServer.run(MinecraftServer.java:563)
[19:16:08] [Server thread/WARN]: 	at java.lang.Thread.run(Unknown Source)
[19:16:08] [Server thread/WARN]: Caused by: java.lang.ClassNotFoundException: me.MineHome.Bedwars.Game.GameManager
[19:16:08] [Server thread/WARN]: 	at java.net.URLClassLoader.findClass(Unknown Source)
[19:16:08] [Server thread/WARN]: 	at org.bukkit.plugin.java.PluginClassLoader.findClass(PluginClassLoader.java:102)
[19:16:08] [Server thread/WARN]: 	at org.bukkit.plugin.java.PluginClassLoader.findClass(PluginClassLoader.java:87)
[19:16:08] [Server thread/WARN]: 	at java.lang.ClassLoader.loadClass(Unknown Source)
[19:16:08] [Server thread/WARN]: 	at java.lang.ClassLoader.loadClass(Unknown Source)
[19:16:08] [Server thread/WARN]: 	... 13 more
[19:16:08] [Server thread/INFO]: [Essentials] Enabling Essentials vTeamCity
[19:16:08] [Server thread/INFO]: Bukkit version format changed. Version not checked.
[19:16:08] [Server thread/INFO]: git-PaperSpigot-"8b18730" (MC: 1.8.8)
[19:16:08] [Server thread/INFO]: 1.8.8-R0.1-SNAPSHOT
[19:16:08] [Server thread/INFO]: Using locale zh_CN
[19:16:08] [Server thread/INFO]: Using locale zh_CN
[19:16:08] [Server thread/INFO]: Essentials: Using config file enhanced permissions.
[19:16:08] [Server thread/INFO]: Permissions listed in as player-commands will be given to all users.
[19:16:08] [Server thread/INFO]: [EssentialsProtect] Enabling EssentialsProtect vTeamCity
[19:16:08] [Server thread/INFO]: [ItemMerge] Enabling ItemMerge v2.0
[19:16:08] [Server thread/INFO]: [ItemMerge] The plugin will be enabled.
[19:16:08] [Server thread/INFO]: [ItemMerge] This version 2.0
[19:16:08] [Server thread/INFO]: [ItemMerge] Produce by RWTA
[19:16:08] [Server thread/INFO]: [EssentialsChat] Enabling EssentialsChat vTeamCity
[19:16:08] [Server thread/INFO]: [EssentialsAntiBuild] Enabling EssentialsAntiBuild vTeamCity
[19:16:08] [Server thread/INFO]: [ViaVersion] Enabling ViaVersion v1.5.0
[19:16:08] [Server thread/INFO]: [EssentialsSpawn] Enabling EssentialsSpawn vTeamCity
[19:16:08] [Server thread/INFO]: [LaggRemover] Enabling LaggRemover v2.0.4
[19:16:08] [Server thread/INFO]: 
    __                      ____                                         _    _____
   / /   ____ _____ _____ _/ __ \___  ____ ___  ____ _   _____  _____   | |  / /__ \
  / /   / __ `/ __ `/ __ `/ /_/ / _ \/ __ `__ \/ __ \ | / / _ \/ ___/   | | / /__/ /
 / /___/ /_/ / /_/ / /_/ / _, _/  __/ / / / / / /_/ / |/ /  __/ /       | |/ // __/
/_____/\__,_/\__, /\__, /_/ |_|\___/_/ /_/ /_/\____/|___/\___/_/        |___//____/
            /____//____/

[19:16:08] [Server thread/INFO]: [LaggRemover] Loaded 0 module(s)
[19:16:08] [Server thread/INFO]: [LaggRemover] The LaggRemover AI is now active!
[19:16:08] [Server thread/INFO]: [LaggRemover] LaggRemover has been enabled!
[19:16:08] [Server thread/INFO]: [NeverLag] Enabling NeverLag v1.3.0
[19:16:08] [Server thread/WARN]: [NeverLag] Default system encoding may have misread config.yml from plugin jar
[19:16:08] [Server thread/INFO]: Server permissions file permissions.yml is empty, ignoring it
[19:16:09] [Server thread/INFO]: Done (3.073s)! For help, type "help" or "?"
[19:16:09] [Server thread/INFO]: Timings Reset
[19:16:09] [Server thread/INFO]: [ViaVersion] ViaVersion detected server version: 1.8.x(47)
[19:16:09] [Server thread/INFO]: [ViaVersion] Enabling Paper/TacoSpigot/Torch patch: Fixes block placement.
[19:16:09] [Server thread/INFO]: Updating leaderboards
[19:16:10] [Server thread/WARN]: [ViaVersion] There is a newer version available: 1.6.0, you're on: 1.5.0
[19:16:10] [Server thread/INFO]: §aLoaded games: 参天松树 
[19:16:11] [Craft Scheduler Thread - 4/WARN]: [SpigetUpdate] Invalid SemVer versions specified [135-SNAPSHOT] [1352]
[19:16:11] [Craft Scheduler Thread - 4/INFO]: [SkinsRestorer] ----------------------------------------------
[19:16:11] [Craft Scheduler Thread - 4/INFO]: [SkinsRestorer]     +===============+
[19:16:11] [Craft Scheduler Thread - 4/INFO]: [SkinsRestorer]     | SkinsRestorer |
[19:16:11] [Craft Scheduler Thread - 4/INFO]: [SkinsRestorer]     +===============+
[19:16:11] [Craft Scheduler Thread - 4/INFO]: [SkinsRestorer] ----------------------------------------------
[19:16:11] [Craft Scheduler Thread - 4/INFO]: [SkinsRestorer]     Current version: 13.5-SNAPSHOT
[19:16:11] [Craft Scheduler Thread - 4/INFO]: [SkinsRestorer]     This is the latest version!
[19:16:11] [Craft Scheduler Thread - 4/INFO]: [SkinsRestorer] ----------------------------------------------
[19:16:11] [Server thread/INFO]: [ProtocolLib] The updater found an update: 4.4.0 (Running 3.6.5). Download at https://www.spigotmc.org/resources/protocollib.1997/
[19:16:11] [Server thread/INFO]: Loaded signs for games: 
[19:26:09] [Server thread/INFO]: Updating leaderboards
[19:28:51] [Thread-10/INFO]: UUID of player YuukiSkniro is 9fa3a992-90a2-3e98-8124-1c0a3159b2d0
[19:28:51] [Server thread/INFO]: YuukiSkniro[/127.0.0.1:59541] logged in with entity id 42 at ([参天松树]-1.7476178680645216, 118.0, -2.8266293192455225)
[19:28:57] [Server thread/INFO]: YuukiSkniro issued server command: /gamemode `1
[19:29:00] [Server thread/INFO]: YuukiSkniro issued server command: /gamemode 1
[19:29:03] [Server thread/INFO]: YuukiSkniro issued server command: /bw
[19:29:29] [Server thread/INFO]: YuukiSkniro issued server command: /bw hologram set
[19:29:29] [Server thread/ERROR]: null
org.bukkit.command.CommandException: Unhandled exception executing command 'bw' in plugin ProBedwars v1.0
	at org.bukkit.command.PluginCommand.execute(PluginCommand.java:47) ~[PaperSpigot-1.8.8.jar:git-PaperSpigot-"8b18730"]
	at org.bukkit.command.SimpleCommandMap.dispatch(SimpleCommandMap.java:143) ~[PaperSpigot-1.8.8.jar:git-PaperSpigot-"8b18730"]
	at org.bukkit.craftbukkit.v1_8_R3.CraftServer.dispatchCommand(CraftServer.java:666) ~[PaperSpigot-1.8.8.jar:git-PaperSpigot-"8b18730"]
	at net.minecraft.server.v1_8_R3.PlayerConnection.handleCommand(PlayerConnection.java:1189) [PaperSpigot-1.8.8.jar:git-PaperSpigot-"8b18730"]
	at net.minecraft.server.v1_8_R3.PlayerConnection.a(PlayerConnection.java:1001) [PaperSpigot-1.8.8.jar:git-PaperSpigot-"8b18730"]
	at net.minecraft.server.v1_8_R3.PacketPlayInChat.a(PacketPlayInChat.java:45) [PaperSpigot-1.8.8.jar:git-PaperSpigot-"8b18730"]
	at net.minecraft.server.v1_8_R3.PacketPlayInChat.a(PacketPlayInChat.java:1) [PaperSpigot-1.8.8.jar:git-PaperSpigot-"8b18730"]
	at net.minecraft.server.v1_8_R3.PlayerConnectionUtils$1.run(SourceFile:13) [PaperSpigot-1.8.8.jar:git-PaperSpigot-"8b18730"]
	at java.util.concurrent.Executors$RunnableAdapter.call(Unknown Source) [?:1.8.0_171]
	at java.util.concurrent.FutureTask.run(Unknown Source) [?:1.8.0_171]
	at net.minecraft.server.v1_8_R3.SystemUtils.a(SourceFile:44) [PaperSpigot-1.8.8.jar:git-PaperSpigot-"8b18730"]
	at net.minecraft.server.v1_8_R3.MinecraftServer.B(MinecraftServer.java:774) [PaperSpigot-1.8.8.jar:git-PaperSpigot-"8b18730"]
	at net.minecraft.server.v1_8_R3.DedicatedServer.B(DedicatedServer.java:378) [PaperSpigot-1.8.8.jar:git-PaperSpigot-"8b18730"]
	at net.minecraft.server.v1_8_R3.MinecraftServer.A(MinecraftServer.java:713) [PaperSpigot-1.8.8.jar:git-PaperSpigot-"8b18730"]
	at net.minecraft.server.v1_8_R3.MinecraftServer.run(MinecraftServer.java:616) [PaperSpigot-1.8.8.jar:git-PaperSpigot-"8b18730"]
	at java.lang.Thread.run(Unknown Source) [?:1.8.0_171]
Caused by: java.lang.NullPointerException
	at io.gabbo200.github.Bedwars.d.c.onCommand(SkywarsCommands.java:622) ~[?:?]
	at org.bukkit.command.PluginCommand.execute(PluginCommand.java:45) ~[PaperSpigot-1.8.8.jar:git-PaperSpigot-"8b18730"]
	... 15 more
[19:29:51] [Server thread/INFO]: YuukiSkniro issued server command: /bw set
[19:29:56] [Server thread/INFO]: YuukiSkniro issued server command: /bw help
[19:30:08] [Server thread/INFO]: [″ㄥ]颁界╁ 60绉? 娓わ
[19:30:38] [Server thread/INFO]: [″ㄥ]颁界╁ 30绉? 娓わ
[19:30:46] [Server thread/INFO]: YuukiSkniro issued server command: /bwarena create
[19:30:58] [Server thread/INFO]: [″ㄥ]颁界╁ 10绉? 娓わ
[19:31:08] [Server thread/INFO]: [″ㄥ]锛杩娆℃浜 0涓? 撅瑙宸辫~
[19:32:25] [Server thread/INFO]: YuukiSkniro issued server command: /bwarena create 参天松树
[19:34:31] [Server thread/INFO]: YuukiSkniro lost connection: Disconnected
[19:34:31] [Server thread/INFO]: YuukiSkniro left the game.
