2018-9-7 21:01:50[Yum 能耗监控] 注意! 插件 ASkyBlock 处理 com.wasteofplastic.askyblock.ASkyBlock$1$1 任务 耗时 4542ms 平均耗时 4542ms!
2018-9-7 21:06:33[Yum 能耗监控] 注意! 插件 ProtocolLib 处理 PlayerLoginEvent 事件 耗时 24ms 平均耗时 24ms!
2018-9-7 21:21:57[Yum 能耗监控] 注意! 插件 ASkyBlock 处理 ASkyBlock$1$$Lambda$12/1430570115 任务 耗时 82ms 平均耗时 82ms!
2018-9-7 21:22:00[Yum 能耗监控] 注意! 插件 ASkyBlock 处理 com.wasteofplastic.askyblock.ASkyBlock$1$1 任务 耗时 2719ms 平均耗时 2719ms!
2018-9-7 22:05:09[Yum 能耗监控] 注意! 插件 ASkyBlock 处理 ASkyBlock$1$$Lambda$12/1308168928 任务 耗时 94ms 平均耗时 94ms!
2018-9-7 22:05:19[Yum 能耗监控] 注意! 插件 ASkyBlock 处理 com.wasteofplastic.askyblock.ASkyBlock$1$1 任务 耗时 8596ms 平均耗时 4298ms!
2018-9-7 22:07:38[Yum 能耗监控] 注意! 插件 ASkyBlock 处理 ASkyBlock$1$$Lambda$11/1250338915 任务 耗时 80ms 平均耗时 80ms!
2018-9-7 22:07:44[Yum 能耗监控] 注意! 插件 ASkyBlock 处理 com.wasteofplastic.askyblock.ASkyBlock$1$1 任务 耗时 5728ms 平均耗时 2864ms!
2018-9-7 22:09:43[Yum 能耗监控] 注意! 插件 ASkyBlock 处理 ASkyBlock$1$$Lambda$11/1158195079 任务 耗时 86ms 平均耗时 86ms!
2018-9-7 22:09:47[Yum 能耗监控] 注意! 插件 ASkyBlock 处理 com.wasteofplastic.askyblock.ASkyBlock$1$1 任务 耗时 3241ms 平均耗时 1620ms!
2018-9-7 22:13:04[Yum 能耗监控] 注意! 玩家 YuukiSkniro 执行 Yum 插件 yum unload ASkyBlock 命令 耗时 320ms 平均耗时 164ms!
2018-9-7 22:16:04[Yum 能耗监控] 注意! 插件 ASkyBlock 处理 ASkyBlock$1$$Lambda$11/1468614113 任务 耗时 83ms 平均耗时 83ms!
2018-9-8 10:05:44[Yum 能耗监控] 注意! 插件 EssentialsXMPP 处理 PlayerJoinEvent 事件 耗时 24ms 平均耗时 24ms!
2018-9-8 21:47:25[Yum 能耗监控] 注意! 插件 EssentialsXMPP 处理 PlayerJoinEvent 事件 耗时 32ms 平均耗时 32ms!
2018-9-8 21:53:05[Yum 能耗监控] 注意! 玩家 YuukiSkniro 执行 Yum 插件 yum del ASkyBlock 命令 耗时 335ms 平均耗时 68ms!
2018-9-8 21:53:09[Yum 能耗监控] 注意! 玩家 YuukiSkniro 执行 Yum 插件 yum del Vault 命令 耗时 212ms 平均耗时 92ms!
2018-9-8 22:24:16[Yum 能耗监控] 注意! 插件 ASkyBlock 处理 ASkyBlock$1$$Lambda$11/1888251372 任务 耗时 192ms 平均耗时 192ms!
2018-9-8 22:30:13[Yum 能耗监控] 注意! 插件 ASkyBlock 处理 ASkyBlock$1$$Lambda$11/583621857 任务 耗时 83ms 平均耗时 83ms!
2018-9-15 21:39:08[Yum 能耗监控] 注意! 插件 ASkyBlock 处理 ASkyBlock$1$$Lambda$11/680279052 任务 耗时 107ms 平均耗时 107ms!
2018-9-15 21:52:46[Yum 能耗监控] 注意! 插件 ASkyBlock 处理 ASkyBlock$1$$Lambda$11/699251416 任务 耗时 76ms 平均耗时 76ms!
2018-9-15 22:14:07[Yum 能耗监控] 注意! 插件 ASkyBlock 处理 ASkyBlock$1$$Lambda$11/3402567 任务 耗时 100ms 平均耗时 100ms!
2018-9-15 22:37:55[Yum 能耗监控] 注意! 插件 LaggRemover 处理 drew6017.lr.main.LaggRemover$1 任务 耗时 681ms 平均耗时 681ms!
2018-9-15 22:42:15[Yum 能耗监控] 注意! 插件 LaggRemover 处理 drew6017.lr.main.LaggRemover$1 任务 耗时 1415ms 平均耗时 1415ms!
2018-9-16 11:39:29[Yum 能耗监控] 注意! 插件 LaggRemover 处理 drew6017.lr.main.LaggRemover$1 任务 耗时 437ms 平均耗时 437ms!
2018-9-16 17:32:50[Yum 能耗监控] 注意! 插件 ASkyBlock 处理 ASkyBlock$1$$Lambda$11/138074945 任务 耗时 89ms 平均耗时 89ms!
2018-9-16 17:33:00[Yum 能耗监控] 注意! 插件 LaggRemover 处理 drew6017.lr.main.LaggRemover$1 任务 耗时 443ms 平均耗时 443ms!
2018-9-16 17:51:42[Yum 能耗监控] 注意! 插件 ASkyBlock 处理 ASkyBlock$1$$Lambda$11/138074945 任务 耗时 75ms 平均耗时 75ms!
2018-9-16 17:51:52[Yum 能耗监控] 注意! 插件 LaggRemover 处理 drew6017.lr.main.LaggRemover$1 任务 耗时 755ms 平均耗时 755ms!
2018-9-16 21:42:59[Yum 能耗监控] 注意! 插件 ASkyBlock 处理 ASkyBlock$1$$Lambda$11/2123699826 任务 耗时 82ms 平均耗时 82ms!
2018-9-16 21:43:10[Yum 能耗监控] 注意! 插件 LaggRemover 处理 drew6017.lr.main.LaggRemover$1 任务 耗时 614ms 平均耗时 614ms!
2018-9-21 21:39:25[Yum 能耗监控] 注意! 插件 ASkyBlock 处理 ASkyBlock$1$$Lambda$11/1707248019 任务 耗时 101ms 平均耗时 101ms!
2018-9-21 21:39:36[Yum 能耗监控] 注意! 插件 LaggRemover 处理 drew6017.lr.main.LaggRemover$1 任务 耗时 442ms 平均耗时 442ms!
2018-9-21 21:46:50[Yum 能耗监控] 注意! 插件 EssentialsXMPP 处理 PlayerJoinEvent 事件 耗时 34ms 平均耗时 34ms!
2018-9-30 21:30:56[Yum 能耗监控] 注意! 插件 ASkyBlock 处理 ASkyBlock$1$$Lambda$12/1243185423 任务 耗时 119ms 平均耗时 119ms!
2018-9-30 21:31:06[Yum 能耗监控] 注意! 插件 LaggRemover 处理 drew6017.lr.main.LaggRemover$1 任务 耗时 799ms 平均耗时 799ms!
2018-10-2 9:35:32[Yum 能耗监控] 注意! 插件 ASkyBlock 处理 ASkyBlock$1$$Lambda$12/694391406 任务 耗时 196ms 平均耗时 196ms!
2018-10-2 9:35:42[Yum 能耗监控] 注意! 插件 LaggRemover 处理 drew6017.lr.main.LaggRemover$1 任务 耗时 526ms 平均耗时 526ms!
2018-10-2 9:39:02[Yum 能耗监控] 注意! 插件 EssentialsXMPP 处理 PlayerJoinEvent 事件 耗时 34ms 平均耗时 34ms!
2018-10-2 9:44:55[Yum 能耗监控] 注意! 插件 ASkyBlock 处理 ASkyBlock$1$$Lambda$12/1174189448 任务 耗时 64ms 平均耗时 64ms!
2018-10-2 9:45:06[Yum 能耗监控] 注意! 插件 LaggRemover 处理 drew6017.lr.main.LaggRemover$1 任务 耗时 1029ms 平均耗时 1029ms!
2018-10-2 9:52:13[Yum 能耗监控] 注意! 插件 ASkyBlock 处理 ASkyBlock$1$$Lambda$12/1722080964 任务 耗时 63ms 平均耗时 63ms!
2018-10-2 9:52:24[Yum 能耗监控] 注意! 插件 LaggRemover 处理 drew6017.lr.main.LaggRemover$1 任务 耗时 464ms 平均耗时 464ms!
2018-10-2 10:00:57[Yum 能耗监控] 注意! 插件 EssentialsXMPP 处理 PlayerJoinEvent 事件 耗时 21ms 平均耗时 21ms!
2018-10-2 21:24:04[Yum 能耗监控] 注意! 插件 ASkyBlock 处理 ASkyBlock$1$$Lambda$12/73148186 任务 耗时 153ms 平均耗时 153ms!
2018-10-2 21:24:14[Yum 能耗监控] 注意! 插件 LaggRemover 处理 drew6017.lr.main.LaggRemover$1 任务 耗时 510ms 平均耗时 510ms!
2018-10-2 21:25:47[Yum 能耗监控] 注意! 插件 EssentialsXMPP 处理 PlayerJoinEvent 事件 耗时 30ms 平均耗时 30ms!
2018-10-2 21:26:59[Yum 能耗监控] 注意! 插件 ASkyBlock 处理 ASkyBlock$1$$Lambda$12/505885618 任务 耗时 66ms 平均耗时 66ms!
2018-10-2 21:27:09[Yum 能耗监控] 注意! 插件 LaggRemover 处理 drew6017.lr.main.LaggRemover$1 任务 耗时 150ms 平均耗时 150ms!
2018-10-3 11:20:08[Yum 能耗监控] 注意! 插件 ASkyBlock 处理 ASkyBlock$1$$Lambda$12/411425579 任务 耗时 191ms 平均耗时 191ms!
2018-10-3 11:20:18[Yum 能耗监控] 注意! 插件 LaggRemover 处理 drew6017.lr.main.LaggRemover$1 任务 耗时 352ms 平均耗时 352ms!
2018-10-3 11:46:19[Yum 能耗监控] 注意! 插件 EssentialsXMPP 处理 PlayerJoinEvent 事件 耗时 54ms 平均耗时 54ms!
2018-10-3 20:36:24[Yum 能耗监控] 注意! 插件 ASkyBlock 处理 ASkyBlock$1$$Lambda$12/1206491279 任务 耗时 120ms 平均耗时 120ms!
2018-10-3 20:36:34[Yum 能耗监控] 注意! 插件 LaggRemover 处理 drew6017.lr.main.LaggRemover$1 任务 耗时 468ms 平均耗时 468ms!
2018-10-3 21:06:04[Yum 能耗监控] 注意! 插件 EssentialsXMPP 处理 PlayerJoinEvent 事件 耗时 35ms 平均耗时 35ms!
2018-10-4 22:28:26[Yum 能耗监控] 注意! 插件 ASkyBlock 处理 ASkyBlock$1$$Lambda$12/715547512 任务 耗时 129ms 平均耗时 129ms!
2018-10-4 22:28:37[Yum 能耗监控] 注意! 插件 LaggRemover 处理 drew6017.lr.main.LaggRemover$1 任务 耗时 685ms 平均耗时 685ms!
2018-10-4 22:47:07[Yum 能耗监控] 注意! 插件 LaggRemover 处理 drew6017.lr.main.LaggRemover$1 任务 耗时 412ms 平均耗时 412ms!
2018-10-5 12:10:08[Yum 能耗监控] 注意! 插件 LaggRemover 处理 drew6017.lr.main.LaggRemover$1 任务 耗时 1326ms 平均耗时 1326ms!
2018-10-5 12:14:28[Yum 能耗监控] 注意! 插件 LaggRemover 处理 drew6017.lr.main.LaggRemover$1 任务 耗时 1155ms 平均耗时 1155ms!
2018-10-6 17:07:06[Yum 能耗监控] 注意! 插件 LaggRemover 处理 drew6017.lr.main.LaggRemover$1 任务 耗时 1502ms 平均耗时 1502ms!
2018-10-6 18:33:28[Yum 能耗监控] 注意! 插件 Yum 处理 pw.yumc.Yum.listeners.PluginListener$1 任务 耗时 124ms 平均耗时 124ms!
2018-10-6 18:33:39[Yum 能耗监控] 注意! 插件 LaggRemover 处理 drew6017.lr.main.LaggRemover$1 任务 耗时 475ms 平均耗时 475ms!
2018-10-6 18:44:50[Yum 能耗监控] 注意! 插件 Essentials 处理 PlayerJoinEvent 事件 耗时 39ms 平均耗时 39ms!
2018-10-6 18:44:50[Yum 能耗监控] 注意! 插件 EssentialsXMPP 处理 PlayerJoinEvent 事件 耗时 31ms 平均耗时 31ms!
2018-10-6 18:47:02[Yum 能耗监控] 注意! 插件 LaggRemover 处理 drew6017.lr.main.LaggRemover$1 任务 耗时 54ms 平均耗时 27ms!
2018-10-6 20:08:06[Yum 能耗监控] 注意! 插件 LaggRemover 处理 drew6017.lr.main.LaggRemover$1 任务 耗时 941ms 平均耗时 941ms!
2018-10-6 20:25:29[Yum 能耗监控] 注意! 插件 LaggRemover 处理 drew6017.lr.main.LaggRemover$1 任务 耗时 538ms 平均耗时 538ms!
2018-10-6 20:28:34[Yum 能耗监控] 注意! 插件 LaggRemover 处理 drew6017.lr.main.LaggRemover$1 任务 耗时 166ms 平均耗时 166ms!
2018-10-6 20:29:50[Yum 能耗监控] 注意! 插件 LaggRemover 处理 drew6017.lr.main.LaggRemover$1 任务 耗时 279ms 平均耗时 279ms!
2018-10-6 20:49:57[Yum 能耗监控] 注意! 插件 LaggRemover 处理 drew6017.lr.main.LaggRemover$1 任务 耗时 683ms 平均耗时 683ms!
2018-10-6 20:50:27[Yum 能耗监控] 注意! 插件 LaggRemover 处理 drew6017.lr.main.LaggRemover$1 任务 耗时 331ms 平均耗时 331ms!
2018-10-6 20:51:02[Yum 能耗监控] 注意! 插件 ASkyBlock 处理 com.wasteofplastic.askyblock.ASkyBlock$1$1 任务 耗时 1861ms 平均耗时 930ms!
2018-10-6 20:51:11[Yum 能耗监控] 注意! 插件 LaggRemover 处理 drew6017.lr.main.LaggRemover$1 任务 耗时 532ms 平均耗时 532ms!
2018-10-12 21:45:03[Yum 能耗监控] 注意! 插件 ASkyBlock 处理 com.wasteofplastic.askyblock.ASkyBlock$1$1 任务 耗时 2702ms 平均耗时 1351ms!
2018-10-12 21:45:12[Yum 能耗监控] 注意! 插件 LaggRemover 处理 drew6017.lr.main.LaggRemover$1 任务 耗时 474ms 平均耗时 474ms!
2018-10-19 21:33:11[Yum 能耗监控] 注意! 插件 ASkyBlock 处理 com.wasteofplastic.askyblock.ASkyBlock$1$1 任务 耗时 1772ms 平均耗时 886ms!
2018-10-19 21:33:19[Yum 能耗监控] 注意! 插件 LaggRemover 处理 drew6017.lr.main.LaggRemover$1 任务 耗时 315ms 平均耗时 315ms!
2018-10-19 21:55:01[Yum 能耗监控] 注意! 插件 EssentialsXMPP 处理 PlayerJoinEvent 事件 耗时 24ms 平均耗时 24ms!
2018-10-19 22:10:25[Yum 能耗监控] 注意! 插件 ASkyBlock 处理 PlayerJoinEvent 事件 耗时 32ms 平均耗时 24ms!
2018-10-19 22:17:53[Yum 能耗监控] 注意! 插件 ViaVersion 处理 InventoryClickEvent 事件 耗时 25ms 平均耗时 25ms!
2018-11-8 22:00:23[Yum 能耗监控] 注意! 插件 ASkyBlock 处理 com.wasteofplastic.askyblock.ASkyBlock$1$1 任务 耗时 2070ms 平均耗时 1035ms!
2018-11-8 22:00:31[Yum 能耗监控] 注意! 插件 LaggRemover 处理 drew6017.lr.main.LaggRemover$1 任务 耗时 473ms 平均耗时 473ms!
2018-11-9 18:20:53[Yum 能耗监控] 注意! 插件 ASkyBlock 处理 com.wasteofplastic.askyblock.ASkyBlock$1$1 任务 耗时 1691ms 平均耗时 845ms!
2018-11-9 18:21:02[Yum 能耗监控] 注意! 插件 LaggRemover 处理 drew6017.lr.main.LaggRemover$1 任务 耗时 1147ms 平均耗时 1147ms!
2018-11-10 9:49:57[Yum 能耗监控] 注意! 插件 ASkyBlock 处理 com.wasteofplastic.askyblock.ASkyBlock$1$1 任务 耗时 1859ms 平均耗时 929ms!
2018-11-10 9:50:06[Yum 能耗监控] 注意! 插件 LaggRemover 处理 drew6017.lr.main.LaggRemover$1 任务 耗时 1114ms 平均耗时 1114ms!
2018-11-10 18:09:21[Yum 能耗监控] 注意! 插件 ASkyBlock 处理 com.wasteofplastic.askyblock.ASkyBlock$1$1 任务 耗时 1856ms 平均耗时 928ms!
2018-11-10 18:09:30[Yum 能耗监控] 注意! 插件 LaggRemover 处理 drew6017.lr.main.LaggRemover$1 任务 耗时 747ms 平均耗时 747ms!
2018-12-31 17:34:31[Yum 能耗监控] 注意! 插件 ASkyBlock 处理 com.wasteofplastic.askyblock.ASkyBlock$1$1 任务 耗时 2309ms 平均耗时 1154ms!
2018-12-31 17:34:40[Yum 能耗监控] 注意! 插件 LaggRemover 处理 drew6017.lr.main.LaggRemover$1 任务 耗时 1018ms 平均耗时 1018ms!
2018-12-31 21:51:05[Yum 能耗监控] 注意! 插件 ASkyBlock 处理 com.wasteofplastic.askyblock.ASkyBlock$1$1 任务 耗时 2494ms 平均耗时 1247ms!
2018-12-31 21:51:13[Yum 能耗监控] 注意! 插件 LaggRemover 处理 drew6017.lr.main.LaggRemover$1 任务 耗时 234ms 平均耗时 234ms!
2019-1-1 9:54:35[Yum 能耗监控] 注意! 插件 ASkyBlock 处理 com.wasteofplastic.askyblock.ASkyBlock$1$1 任务 耗时 2363ms 平均耗时 1181ms!
2019-1-1 9:54:43[Yum 能耗监控] 注意! 插件 LaggRemover 处理 drew6017.lr.main.LaggRemover$1 任务 耗时 322ms 平均耗时 322ms!
2019-1-5 11:10:11[Yum 能耗监控] 注意! 插件 ASkyBlock 处理 com.wasteofplastic.askyblock.ASkyBlock$1$1 任务 耗时 1530ms 平均耗时 765ms!
2019-1-17 18:35:33[Yum 能耗监控] 注意! 插件 ASkyBlock 处理 com.wasteofplastic.askyblock.ASkyBlock$1$1 任务 耗时 1313ms 平均耗时 656ms!
2019-1-17 18:35:42[Yum 能耗监控] 注意! 插件 LaggRemover 处理 drew6017.lr.main.LaggRemover$1 任务 耗时 1071ms 平均耗时 1071ms!
2019-1-24 8:55:53[Yum 能耗监控] 注意! 插件 ASkyBlock 处理 ASkyBlock$1$$Lambda$73/2074928194 任务 耗时 78ms 平均耗时 78ms!
2019-1-24 8:56:00[Yum 能耗监控] 注意! 插件 ASkyBlock 处理 com.wasteofplastic.askyblock.ASkyBlock$1$1 任务 耗时 5479ms 平均耗时 2739ms!
2019-1-24 8:56:08[Yum 能耗监控] 注意! 插件 LaggRemover 处理 drew6017.lr.main.LaggRemover$1 任务 耗时 79ms 平均耗时 79ms!
2019-1-29 12:16:44[Yum 能耗监控] 注意! 插件 ASkyBlock 处理 ASkyBlock$1$$Lambda$73/796209689 任务 耗时 133ms 平均耗时 133ms!
2019-1-29 12:16:50[Yum 能耗监控] 注意! 插件 ASkyBlock 处理 com.wasteofplastic.askyblock.ASkyBlock$1$1 任务 耗时 5600ms 平均耗时 2800ms!
2019-1-29 12:16:58[Yum 能耗监控] 注意! 插件 LaggRemover 处理 drew6017.lr.main.LaggRemover$1 任务 耗时 79ms 平均耗时 79ms!
2019-2-1 20:56:40[Yum 能耗监控] 注意! 插件 ASkyBlock 处理 ASkyBlock$1$$Lambda$73/1091067641 任务 耗时 86ms 平均耗时 86ms!
2019-2-1 20:56:47[Yum 能耗监控] 注意! 插件 ASkyBlock 处理 com.wasteofplastic.askyblock.ASkyBlock$1$1 任务 耗时 5729ms 平均耗时 2864ms!
2019-2-1 20:56:55[Yum 能耗监控] 注意! 插件 LaggRemover 处理 drew6017.lr.main.LaggRemover$1 任务 耗时 45ms 平均耗时 45ms!
2019-2-2 17:53:13[Yum 能耗监控] 注意! 插件 ASkyBlock 处理 ASkyBlock$1$$Lambda$73/1952227853 任务 耗时 235ms 平均耗时 235ms!
2019-2-2 17:53:14[Yum 能耗监控] 注意! 插件 ASkyBlock 处理 com.wasteofplastic.askyblock.ASkyBlock$1$1 任务 耗时 1247ms 平均耗时 623ms!
2019-2-2 17:53:23[Yum 能耗监控] 注意! 插件 LaggRemover 处理 drew6017.lr.main.LaggRemover$1 任务 耗时 136ms 平均耗时 136ms!
2019-2-2 17:59:47[Yum 能耗监控] 注意! 插件 ASkyBlock 处理 ASkyBlock$1$$Lambda$73/1040191779 任务 耗时 60ms 平均耗时 60ms!
2019-2-2 17:59:56[Yum 能耗监控] 注意! 插件 ASkyBlock 处理 com.wasteofplastic.askyblock.ASkyBlock$1$1 任务 耗时 8447ms 平均耗时 4223ms!
2019-2-2 18:00:04[Yum 能耗监控] 注意! 插件 LaggRemover 处理 drew6017.lr.main.LaggRemover$1 任务 耗时 59ms 平均耗时 59ms!
2019-2-2 18:09:31[Yum 能耗监控] 注意! 插件 ASkyBlock 处理 ASkyBlock$1$$Lambda$73/12962980 任务 耗时 50ms 平均耗时 50ms!
2019-2-2 18:09:33[Yum 能耗监控] 注意! 插件 ASkyBlock 处理 com.wasteofplastic.askyblock.ASkyBlock$1$1 任务 耗时 1402ms 平均耗时 701ms!
2019-2-2 18:09:41[Yum 能耗监控] 注意! 插件 LaggRemover 处理 drew6017.lr.main.LaggRemover$1 任务 耗时 54ms 平均耗时 54ms!
2019-2-3 11:32:46[Yum 能耗监控] 注意! 插件 ASkyBlock 处理 ASkyBlock$1$$Lambda$73/754518915 任务 耗时 150ms 平均耗时 150ms!
2019-2-3 11:32:52[Yum 能耗监控] 注意! 插件 ASkyBlock 处理 com.wasteofplastic.askyblock.ASkyBlock$1$1 任务 耗时 5727ms 平均耗时 2863ms!
2019-2-3 11:33:01[Yum 能耗监控] 注意! 插件 LaggRemover 处理 drew6017.lr.main.LaggRemover$1 任务 耗时 134ms 平均耗时 134ms!
2019-2-3 13:27:56[Yum 能耗监控] 注意! 插件 EssentialsXMPP 处理 PlayerJoinEvent 事件 耗时 39ms 平均耗时 39ms!
