[11:19:55] [Server thread/INFO]: Starting minecraft server version 1.8.8
[11:19:55] [Server thread/INFO]: Loading properties
[11:19:55] [Server thread/INFO]: Default game type: SURVIVAL
[11:19:55] [Server thread/INFO]: This server is running CraftBukkit version git-PaperSpigot-"8b18730" (MC: 1.8.8) (Implementing API version 1.8.8-R0.1-SNAPSHOT)
[11:19:55] [Server thread/INFO]: Debug logging is disabled
[11:19:55] [Server thread/INFO]: Spigot Timings: true - Verbose: true - Interval: 5m - Length: 60m
[11:19:55] [Server thread/INFO]: Server Ping Player Sample Count: 12
[11:19:55] [Server thread/INFO]: Using 4 threads for Netty based IO
[11:19:55] [Server thread/INFO]: Data value allowed items: 
[11:19:55] [Server thread/INFO]: Generating keypair
[11:19:55] [Server thread/INFO]: Starting Minecraft server on localhost:14001
[11:19:55] [Server thread/INFO]: Using default channel type
[11:19:57] [Server thread/INFO]: Set PluginClassLoader as parallel capable
[11:19:57] [Server thread/INFO]: [Bedwars] Loading Bedwars v9.1
[11:19:57] [Server thread/INFO]: [SkinsRestorer] Loading SkinsRestorer v13.5-SNAPSHOT
[11:19:57] [Server thread/INFO]: [BedwarsGeneratorReloaded] Loading BedwarsGeneratorRel vREL2.0
[11:19:57] [Server thread/INFO]: [BedwarsGeneratorRel] Loading...
[11:19:57] [Server thread/INFO]: [Essentials] Loading Essentials vTeamCity
[11:19:57] [Server thread/INFO]: [EssentialsProtect] Loading EssentialsProtect vTeamCity
[11:19:57] [Server thread/INFO]: [ItemMerge] Loading ItemMerge v2.0
[11:19:57] [Server thread/INFO]: [EssentialsChat] Loading EssentialsChat vTeamCity
[11:19:57] [Server thread/INFO]: [EssentialsAntiBuild] Loading EssentialsAntiBuild vTeamCity
[11:19:57] [Server thread/INFO]: [ViaVersion] Loading ViaVersion v1.5.0
[11:19:57] [Server thread/INFO]: [ViaVersion] ViaVersion 1.5.0 is now loaded, injecting!
[11:19:58] [Server thread/INFO]: [ViaVersion] Loading block mapping...
[11:19:58] [Server thread/INFO]: [ViaVersion] Loading item mapping...
[11:19:58] [Server thread/INFO]: [ViaVersion] Loading new tags...
[11:19:58] [Server thread/INFO]: [ViaVersion] Loading enchantments...
[11:19:58] [Server thread/INFO]: [ViaVersion] Loading sound mapping...
[11:19:59] [Server thread/INFO]: [EssentialsSpawn] Loading EssentialsSpawn vTeamCity
[11:19:59] [Server thread/INFO]: [LaggRemover] Loading LaggRemover v2.0.4
[11:19:59] [Server thread/INFO]: [ProtocolLib] Loading ProtocolLib v3.6.5
[11:19:59] [Server thread/INFO]: [NeverLag] Loading NeverLag v1.3.0
[11:19:59] [Server thread/INFO]: [ProtocolLib] Enabling ProtocolLib v3.6.5
[11:19:59] [Server thread/INFO]: [ProtocolLib] Started structure compiler thread.
[11:19:59] [Server thread/WARN]: **** SERVER IS RUNNING IN OFFLINE/INSECURE MODE!
[11:19:59] [Server thread/WARN]: The server will make no attempt to authenticate usernames. Beware.
[11:19:59] [Server thread/WARN]: While this makes the game possible to play without internet access, it also opens up the ability for hackers to connect with any username they choose.
[11:19:59] [Server thread/WARN]: To change this, set "online-mode" to "true" in the server.properties file.
[11:19:59] [Server thread/INFO]: **** Beginning UUID conversion, this may take A LONG time ****
[11:19:59] [Server thread/INFO]: Preparing level "石砖要塞"
[11:19:59] [Server thread/INFO]: -------- World Settings For [石砖要塞] --------
[11:19:59] [Server thread/INFO]: Arrow Despawn Rate: 1200
[11:19:59] [Server thread/INFO]: Item Despawn Rate: 6000
[11:19:59] [Server thread/INFO]: Item Merge Radius: 2.5
[11:19:59] [Server thread/INFO]: View Distance: 10
[11:19:59] [Server thread/INFO]: Allow Zombie Pigmen to spawn from portal blocks: true
[11:19:59] [Server thread/INFO]: Mob Spawn Range: 4
[11:19:59] [Server thread/INFO]: Cactus Growth Modifier: 100%
[11:19:59] [Server thread/INFO]: Cane Growth Modifier: 100%
[11:19:59] [Server thread/INFO]: Melon Growth Modifier: 100%
[11:19:59] [Server thread/INFO]: Mushroom Growth Modifier: 100%
[11:19:59] [Server thread/INFO]: Pumpkin Growth Modifier: 100%
[11:19:59] [Server thread/INFO]: Sapling Growth Modifier: 100%
[11:19:59] [Server thread/INFO]: Wheat Growth Modifier: 100%
[11:19:59] [Server thread/INFO]: NetherWart Growth Modifier: 100%
[11:19:59] [Server thread/INFO]: Nerfing mobs spawned from spawners: false
[11:19:59] [Server thread/INFO]: Random Lighting Updates: false
[11:19:59] [Server thread/INFO]: Entity Tracking Range: Pl 48 / An 48 / Mo 48 / Mi 32 / Other 64
[11:19:59] [Server thread/INFO]: Hopper Transfer: 8 Hopper Check: 8 Hopper Amount: 1
[11:19:59] [Server thread/INFO]: Sending up to 10 chunks per packet
[11:19:59] [Server thread/INFO]: Anti X-Ray: true
[11:19:59] [Server thread/INFO]: 	Engine Mode: 1
[11:19:59] [Server thread/INFO]: 	Hidden Blocks: [14, 15, 16, 21, 48, 49, 54, 56, 73, 74, 82, 129, 130]
[11:19:59] [Server thread/INFO]: 	Replace Blocks: [1, 5]
[11:19:59] [Server thread/INFO]: Structure Info Saving: true
[11:19:59] [Server thread/INFO]: Max TNT Explosions: 100
[11:19:59] [Server thread/INFO]: Tile Max Tick Time: 50ms Entity max Tick Time: 50ms
[11:19:59] [Server thread/INFO]: Entity Activation Range: An 32 / Mo 32 / Mi 16
[11:19:59] [Server thread/INFO]: Zombie Aggressive Towards Villager: true
[11:19:59] [Server thread/INFO]: Experience Merge Radius: 3.0
[11:19:59] [Server thread/INFO]: Chunks to Grow per Tick: 650
[11:19:59] [Server thread/INFO]: Clear tick list: false
[11:19:59] [Server thread/INFO]: Custom Map Seeds:  Village: 10387312 Feature: 14357617
[11:19:59] [Server thread/INFO]: Max Entity Collisions: 8
[11:19:59] [Server thread/INFO]: -------- World Settings For [石砖要塞] --------
[11:19:59] [Server thread/INFO]: Water over lava flow speed: 5
[11:19:59] [Server thread/INFO]: Fix TNT cannons: false
[11:19:59] [Server thread/INFO]: Keep spawn chunk loaded: true
[11:19:59] [Server thread/INFO]: Squids will spawn between Y: 45.0 and Y: 63.0
[11:19:59] [Server thread/INFO]: Living Entity Despawn Ranges:  Soft: 32 Hard: 128
[11:19:59] [Server thread/INFO]: Allow undead horse types to be leashed: false
[11:19:59] [Server thread/INFO]: World async lighting: false
[11:19:59] [Server thread/INFO]: WorldServer TickNextTick cap set at 10000
[11:19:59] [Server thread/INFO]: WorldServer TickNextTickList cap always processes redstone: false
[11:19:59] [Server thread/INFO]: Remove invalid mob spawner tile entities: true
[11:19:59] [Server thread/INFO]: Player blocking damage multiplier set to 0.5
[11:19:59] [Server thread/INFO]: Max height for cactus growth 3. Max height for reed growth 3
[11:19:59] [Server thread/INFO]: -------- World Settings For [石砖要塞_the_end] --------
[11:19:59] [Server thread/INFO]: Arrow Despawn Rate: 1200
[11:19:59] [Server thread/INFO]: Item Despawn Rate: 6000
[11:19:59] [Server thread/INFO]: Item Merge Radius: 2.5
[11:19:59] [Server thread/INFO]: View Distance: 10
[11:19:59] [Server thread/INFO]: Allow Zombie Pigmen to spawn from portal blocks: true
[11:19:59] [Server thread/INFO]: Mob Spawn Range: 4
[11:19:59] [Server thread/INFO]: Cactus Growth Modifier: 100%
[11:19:59] [Server thread/INFO]: Cane Growth Modifier: 100%
[11:19:59] [Server thread/INFO]: Melon Growth Modifier: 100%
[11:19:59] [Server thread/INFO]: Mushroom Growth Modifier: 100%
[11:19:59] [Server thread/INFO]: Pumpkin Growth Modifier: 100%
[11:19:59] [Server thread/INFO]: Sapling Growth Modifier: 100%
[11:19:59] [Server thread/INFO]: Wheat Growth Modifier: 100%
[11:19:59] [Server thread/INFO]: NetherWart Growth Modifier: 100%
[11:19:59] [Server thread/INFO]: Nerfing mobs spawned from spawners: false
[11:19:59] [Server thread/INFO]: Random Lighting Updates: false
[11:19:59] [Server thread/INFO]: Entity Tracking Range: Pl 48 / An 48 / Mo 48 / Mi 32 / Other 64
[11:19:59] [Server thread/INFO]: Hopper Transfer: 8 Hopper Check: 8 Hopper Amount: 1
[11:19:59] [Server thread/INFO]: Sending up to 10 chunks per packet
[11:19:59] [Server thread/INFO]: Anti X-Ray: true
[11:19:59] [Server thread/INFO]: 	Engine Mode: 1
[11:19:59] [Server thread/INFO]: 	Hidden Blocks: [14, 15, 16, 21, 48, 49, 54, 56, 73, 74, 82, 129, 130]
[11:19:59] [Server thread/INFO]: 	Replace Blocks: [1, 5]
[11:19:59] [Server thread/INFO]: Structure Info Saving: true
[11:19:59] [Server thread/INFO]: Max TNT Explosions: 100
[11:19:59] [Server thread/INFO]: Tile Max Tick Time: 50ms Entity max Tick Time: 50ms
[11:19:59] [Server thread/INFO]: Entity Activation Range: An 32 / Mo 32 / Mi 16
[11:19:59] [Server thread/INFO]: Zombie Aggressive Towards Villager: true
[11:19:59] [Server thread/INFO]: Experience Merge Radius: 3.0
[11:19:59] [Server thread/INFO]: Chunks to Grow per Tick: 650
[11:19:59] [Server thread/INFO]: Clear tick list: false
[11:19:59] [Server thread/INFO]: Custom Map Seeds:  Village: 10387312 Feature: 14357617
[11:19:59] [Server thread/INFO]: Max Entity Collisions: 8
[11:19:59] [Server thread/INFO]: -------- World Settings For [石砖要塞_the_end] --------
[11:19:59] [Server thread/INFO]: Water over lava flow speed: 5
[11:19:59] [Server thread/INFO]: Fix TNT cannons: false
[11:19:59] [Server thread/INFO]: Keep spawn chunk loaded: true
[11:19:59] [Server thread/INFO]: Squids will spawn between Y: 45.0 and Y: 63.0
[11:19:59] [Server thread/INFO]: Living Entity Despawn Ranges:  Soft: 32 Hard: 128
[11:19:59] [Server thread/INFO]: Allow undead horse types to be leashed: false
[11:19:59] [Server thread/INFO]: World async lighting: false
[11:19:59] [Server thread/INFO]: WorldServer TickNextTick cap set at 10000
[11:19:59] [Server thread/INFO]: WorldServer TickNextTickList cap always processes redstone: false
[11:19:59] [Server thread/INFO]: Remove invalid mob spawner tile entities: true
[11:19:59] [Server thread/INFO]: Player blocking damage multiplier set to 0.5
[11:19:59] [Server thread/INFO]: Max height for cactus growth 3. Max height for reed growth 3
[11:19:59] [Server thread/INFO]: Preparing start region for level 0 (Seed: 3898472464398147451)
[11:20:00] [Server thread/INFO]: Preparing spawn area: 48%
[11:20:01] [Server thread/INFO]: Preparing start region for level 1 (Seed: 3898472464398147451)
[11:20:01] [Server thread/INFO]: [Bedwars] Enabling Bedwars v9.1
[11:20:02] [Server thread/INFO]: [SkinsRestorer] Enabling SkinsRestorer v13.5-SNAPSHOT
[11:20:02] [Server thread/INFO]: [SkinsRestorer] Detected Minecraft v1_8_R3, using UniversalSkinFactory.
[11:20:02] [Server thread/INFO]: [BedwarsGeneratorReloaded] Enabling BedwarsGeneratorRel vREL2.0
[11:20:02] [Server thread/INFO]: [BedwarsGeneratorRel] Registering modules...
[11:20:02] [Server thread/ERROR]: [BedwarsGeneratorReloaded] Plugin BedwarsGeneratorRel vREL2.0 has failed to register events for class me.blueobsidian.BedwarsGeneratorRel.objects.Bedwars.Listeners because me/MineHome/Bedwars/Events/GameStartEvent does not exist.
[11:20:02] [Server thread/WARN]: [BedwarsGeneratorReloaded] Default system encoding may have misread config.yml from plugin jar
[11:20:02] [Server thread/ERROR]: [BedwarsGeneratorReloaded] Plugin BedwarsGeneratorRel vREL2.0 has failed to register events for class me.blueobsidian.BedwarsTeamShop.objects.CitizenListener because net/citizensnpcs/api/event/NPCLeftClickEvent does not exist.
[11:20:02] [Server thread/INFO]: [BedwarsGeneratorRel] An error occured while registering modules
[11:20:02] [Server thread/WARN]: java.lang.NoClassDefFoundError: me/MineHome/Bedwars/Game/GameManager
[11:20:02] [Server thread/WARN]: 	at me.blueobsidian.BedwarsGeneratorRel.objects.Bedwars.Util.getStartedGames(Util.java:38)
[11:20:02] [Server thread/WARN]: 	at me.blueobsidian.BedwarsGeneratorRel.Main.onEnable(Main.java:76)
[11:20:02] [Server thread/WARN]: 	at org.bukkit.plugin.java.JavaPlugin.setEnabled(JavaPlugin.java:321)
[11:20:02] [Server thread/WARN]: 	at org.bukkit.plugin.java.JavaPluginLoader.enablePlugin(JavaPluginLoader.java:332)
[11:20:02] [Server thread/WARN]: 	at org.bukkit.plugin.SimplePluginManager.enablePlugin(SimplePluginManager.java:404)
[11:20:02] [Server thread/WARN]: 	at org.bukkit.craftbukkit.v1_8_R3.CraftServer.loadPlugin(CraftServer.java:359)
[11:20:02] [Server thread/WARN]: 	at org.bukkit.craftbukkit.v1_8_R3.CraftServer.enablePlugins(CraftServer.java:318)
[11:20:02] [Server thread/WARN]: 	at net.minecraft.server.v1_8_R3.MinecraftServer.s(MinecraftServer.java:408)
[11:20:02] [Server thread/WARN]: 	at net.minecraft.server.v1_8_R3.MinecraftServer.k(MinecraftServer.java:372)
[11:20:02] [Server thread/WARN]: 	at net.minecraft.server.v1_8_R3.MinecraftServer.a(MinecraftServer.java:327)
[11:20:02] [Server thread/WARN]: 	at net.minecraft.server.v1_8_R3.DedicatedServer.init(DedicatedServer.java:267)
[11:20:02] [Server thread/WARN]: 	at net.minecraft.server.v1_8_R3.MinecraftServer.run(MinecraftServer.java:563)
[11:20:02] [Server thread/WARN]: 	at java.lang.Thread.run(Unknown Source)
[11:20:02] [Server thread/WARN]: Caused by: java.lang.ClassNotFoundException: me.MineHome.Bedwars.Game.GameManager
[11:20:02] [Server thread/WARN]: 	at java.net.URLClassLoader.findClass(Unknown Source)
[11:20:02] [Server thread/WARN]: 	at org.bukkit.plugin.java.PluginClassLoader.findClass(PluginClassLoader.java:102)
[11:20:02] [Server thread/WARN]: 	at org.bukkit.plugin.java.PluginClassLoader.findClass(PluginClassLoader.java:87)
[11:20:02] [Server thread/WARN]: 	at java.lang.ClassLoader.loadClass(Unknown Source)
[11:20:02] [Server thread/WARN]: 	at java.lang.ClassLoader.loadClass(Unknown Source)
[11:20:02] [Server thread/WARN]: 	... 13 more
[11:20:02] [Server thread/INFO]: [Essentials] Enabling Essentials vTeamCity
[11:20:02] [Server thread/INFO]: Bukkit version format changed. Version not checked.
[11:20:02] [Server thread/INFO]: git-PaperSpigot-"8b18730" (MC: 1.8.8)
[11:20:02] [Server thread/INFO]: 1.8.8-R0.1-SNAPSHOT
[11:20:02] [Server thread/INFO]: Using locale zh_CN
[11:20:03] [Server thread/INFO]: Using locale zh_CN
[11:20:03] [Server thread/INFO]: Essentials: Using config file enhanced permissions.
[11:20:03] [Server thread/INFO]: Permissions listed in as player-commands will be given to all users.
[11:20:03] [Server thread/INFO]: [EssentialsProtect] Enabling EssentialsProtect vTeamCity
[11:20:03] [Server thread/INFO]: [ItemMerge] Enabling ItemMerge v2.0
[11:20:03] [Server thread/INFO]: [ItemMerge] The plugin will be enabled.
[11:20:03] [Server thread/INFO]: [ItemMerge] This version 2.0
[11:20:03] [Server thread/INFO]: [ItemMerge] Produce by RWTA
[11:20:03] [Server thread/INFO]: [EssentialsChat] Enabling EssentialsChat vTeamCity
[11:20:03] [Server thread/INFO]: [EssentialsAntiBuild] Enabling EssentialsAntiBuild vTeamCity
[11:20:03] [Server thread/INFO]: [ViaVersion] Enabling ViaVersion v1.5.0
[11:20:03] [Server thread/INFO]: [EssentialsSpawn] Enabling EssentialsSpawn vTeamCity
[11:20:03] [Server thread/INFO]: [LaggRemover] Enabling LaggRemover v2.0.4
[11:20:03] [Server thread/INFO]: 
    __                      ____                                         _    _____
   / /   ____ _____ _____ _/ __ \___  ____ ___  ____ _   _____  _____   | |  / /__ \
  / /   / __ `/ __ `/ __ `/ /_/ / _ \/ __ `__ \/ __ \ | / / _ \/ ___/   | | / /__/ /
 / /___/ /_/ / /_/ / /_/ / _, _/  __/ / / / / / /_/ / |/ /  __/ /       | |/ // __/
/_____/\__,_/\__, /\__, /_/ |_|\___/_/ /_/ /_/\____/|___/\___/_/        |___//____/
            /____//____/

[11:20:03] [Server thread/INFO]: [LaggRemover] Loaded 0 module(s)
[11:20:03] [Server thread/INFO]: [LaggRemover] The LaggRemover AI is now active!
[11:20:03] [Server thread/INFO]: [LaggRemover] LaggRemover has been enabled!
[11:20:03] [Server thread/INFO]: [NeverLag] Enabling NeverLag v1.3.0
[11:20:03] [Server thread/WARN]: [NeverLag] Default system encoding may have misread config.yml from plugin jar
[11:20:03] [Server thread/INFO]: Server permissions file permissions.yml is empty, ignoring it
[11:20:03] [Server thread/INFO]: Done (4.131s)! For help, type "help" or "?"
[11:20:03] [Server thread/INFO]: Timings Reset
[11:20:03] [Server thread/INFO]: [ViaVersion] ViaVersion detected server version: 1.8.x(47)
[11:20:04] [Server thread/INFO]: [ViaVersion] Enabling Paper/TacoSpigot/Torch patch: Fixes block placement.
[11:20:05] [Server thread/WARN]: [ViaVersion] There is a newer version available: 1.5.2, you're on: 1.5.0
[11:20:05] [Craft Scheduler Thread - 5/WARN]: [SpigetUpdate] Invalid SemVer versions specified [135-SNAPSHOT] [135]
[11:20:05] [Craft Scheduler Thread - 5/INFO]: [SkinsRestorer] ----------------------------------------------
[11:20:05] [Craft Scheduler Thread - 5/INFO]: [SkinsRestorer]     +===============+
[11:20:05] [Craft Scheduler Thread - 5/INFO]: [SkinsRestorer]     | SkinsRestorer |
[11:20:05] [Craft Scheduler Thread - 5/INFO]: [SkinsRestorer]     +===============+
[11:20:05] [Craft Scheduler Thread - 5/INFO]: [SkinsRestorer] ----------------------------------------------
[11:20:05] [Craft Scheduler Thread - 5/INFO]: [SkinsRestorer]     Current version: 13.5-SNAPSHOT
[11:20:05] [Craft Scheduler Thread - 5/INFO]: [SkinsRestorer]     This is the latest version!
[11:20:05] [Craft Scheduler Thread - 5/INFO]: [SkinsRestorer] ----------------------------------------------
[11:20:06] [Server thread/INFO]: Loaded signs for games: 
[11:20:06] [Server thread/INFO]: [ProtocolLib] The updater found an update: 4.4.0 (Running 3.6.5). Download at https://www.spigotmc.org/resources/protocollib.1997/
[11:22:58] [Thread-9/INFO]: UUID of player YuukiSkniro is 9fa3a992-90a2-3e98-8124-1c0a3159b2d0
[11:22:58] [Server thread/INFO]: YuukiSkniro[/127.0.0.1:55142] logged in with entity id 120 at ([石砖要塞]-311.05117062085645, 115.0, 66.99623810139188)
[11:23:12] [Server thread/INFO]: YuukiSkniro lost connection: Disconnected
[11:23:12] [Server thread/INFO]: YuukiSkniro left the game.
[11:23:49] [Server thread/INFO]: Stopping the server
[11:23:49] [Server thread/INFO]: Unknown command. Type "/help" for help.
[11:23:49] [Server thread/INFO]: Stopping server
[11:23:49] [Server thread/INFO]: [NeverLag] Disabling NeverLag v1.3.0
[11:23:49] [Server thread/INFO]: [ProtocolLib] Disabling ProtocolLib v3.6.5
[11:23:49] [Server thread/INFO]: [LaggRemover] Disabling LaggRemover v2.0.4
[11:23:49] [Server thread/INFO]: [LaggRemover] LaggRemover has been disabled!
[11:23:49] [Server thread/INFO]: [EssentialsSpawn] Disabling EssentialsSpawn vTeamCity
[11:23:49] [Server thread/INFO]: [ViaVersion] Disabling ViaVersion v1.5.0
[11:23:49] [Server thread/INFO]: [ViaVersion] ViaVersion is disabling, if this is a reload and you experience issues consider rebooting.
[11:23:49] [Server thread/INFO]: [EssentialsAntiBuild] Disabling EssentialsAntiBuild vTeamCity
[11:23:49] [Server thread/INFO]: [EssentialsChat] Disabling EssentialsChat vTeamCity
[11:23:49] [Server thread/INFO]: [ItemMerge] Disabling ItemMerge v2.0
[11:23:49] [Server thread/INFO]: [ItemMerge] The plugin will be disabled.
[11:23:49] [Server thread/INFO]: [EssentialsProtect] Disabling EssentialsProtect vTeamCity
[11:23:49] [Server thread/INFO]: [Essentials] Disabling Essentials vTeamCity
[11:23:49] [Server thread/INFO]: [BedwarsGeneratorReloaded] Disabling BedwarsGeneratorRel vREL2.0
[11:23:49] [Server thread/ERROR]: Error occurred while disabling BedwarsGeneratorRel vREL2.0 (Is it up to date?)
java.lang.NoClassDefFoundError: me/MineHome/Bedwars/Game/GameManager
	at me.blueobsidian.BedwarsGeneratorRel.objects.Bedwars.Util.getStartedGames(Util.java:38) ~[?:?]
	at me.blueobsidian.BedwarsGeneratorRel.Main.onDisable(Main.java:163) ~[?:?]
	at org.bukkit.plugin.java.JavaPlugin.setEnabled(JavaPlugin.java:323) ~[PaperSpigot-1.8.8.jar:git-PaperSpigot-"8b18730"]
	at org.bukkit.plugin.java.JavaPluginLoader.disablePlugin(JavaPluginLoader.java:360) [PaperSpigot-1.8.8.jar:git-PaperSpigot-"8b18730"]
	at org.bukkit.plugin.SimplePluginManager.disablePlugin(SimplePluginManager.java:423) [PaperSpigot-1.8.8.jar:git-PaperSpigot-"8b18730"]
	at org.bukkit.plugin.SimplePluginManager.disablePlugins(SimplePluginManager.java:416) [PaperSpigot-1.8.8.jar:git-PaperSpigot-"8b18730"]
	at org.bukkit.craftbukkit.v1_8_R3.CraftServer.disablePlugins(CraftServer.java:338) [PaperSpigot-1.8.8.jar:git-PaperSpigot-"8b18730"]
	at net.minecraft.server.v1_8_R3.MinecraftServer.stop(MinecraftServer.java:456) [PaperSpigot-1.8.8.jar:git-PaperSpigot-"8b18730"]
	at net.minecraft.server.v1_8_R3.MinecraftServer.run(MinecraftServer.java:652) [PaperSpigot-1.8.8.jar:git-PaperSpigot-"8b18730"]
	at java.lang.Thread.run(Unknown Source) [?:1.8.0_171]
[11:23:49] [Server thread/INFO]: [SkinsRestorer] Disabling SkinsRestorer v13.5-SNAPSHOT
[11:23:49] [Server thread/INFO]: [Bedwars] Disabling Bedwars v9.1
[11:23:49] [Server thread/INFO]: Saving players
[11:23:49] [Server thread/INFO]: Saving worlds
[11:23:49] [Server thread/INFO]: Saving chunks for level '石砖要塞'/Overworld
[11:23:49] [Server thread/INFO]: Saving chunks for level '石砖要塞_the_end'/The End
