[20:50:18] [Server thread/INFO]: Starting minecraft server version 1.8.8
[20:50:18] [Server thread/WARN]: To start the server with more ram, launch it as "java -Xmx1024M -Xms1024M -jar minecraft_server.jar"
[20:50:18] [Server thread/INFO]: Loading properties
[20:50:18] [Server thread/INFO]: Default game type: SURVIVAL
[20:50:18] [Server thread/INFO]: This server is running CraftBukkit version git-PaperSpigot-"8b18730" (MC: 1.8.8) (Implementing API version 1.8.8-R0.1-SNAPSHOT)
[20:50:18] [Server thread/INFO]: Debug logging is disabled
[20:50:18] [Server thread/INFO]: Spigot Timings: true - Verbose: true - Interval: 5m - Length: 60m
[20:50:18] [Server thread/INFO]: Server Ping Player Sample Count: 12
[20:50:18] [Server thread/INFO]: Using 4 threads for Netty based IO
[20:50:18] [Server thread/INFO]: Data value allowed items: 
[20:50:18] [Server thread/INFO]: Generating keypair
[20:50:18] [Server thread/INFO]: Starting Minecraft server on localhost:14002
[20:50:18] [Server thread/INFO]: Using default channel type
[20:50:18] [Server thread/INFO]: Set PluginClassLoader as parallel capable
[20:50:19] [Server thread/INFO]: [Bedwars] Loading Bedwars v9.1
[20:50:19] [Server thread/INFO]: [SkinsRestorer] Loading SkinsRestorer v13.5-SNAPSHOT
[20:50:19] [Server thread/INFO]: [BedwarsGeneratorReloaded] Loading BedwarsGeneratorRel vREL2.0
[20:50:19] [Server thread/INFO]: [BedwarsGeneratorRel] Loading...
[20:50:19] [Server thread/INFO]: [Essentials] Loading Essentials vTeamCity
[20:50:19] [Server thread/INFO]: [EssentialsProtect] Loading EssentialsProtect vTeamCity
[20:50:19] [Server thread/INFO]: [ItemMerge] Loading ItemMerge v2.0
[20:50:19] [Server thread/INFO]: [EssentialsChat] Loading EssentialsChat vTeamCity
[20:50:19] [Server thread/INFO]: [EssentialsAntiBuild] Loading EssentialsAntiBuild vTeamCity
[20:50:19] [Server thread/INFO]: [ViaVersion] Loading ViaVersion v1.5.0
[20:50:19] [Server thread/INFO]: [ViaVersion] ViaVersion 1.5.0 is now loaded, injecting!
[20:50:19] [Server thread/INFO]: [ViaVersion] Loading block mapping...
[20:50:19] [Server thread/INFO]: [ViaVersion] Loading item mapping...
[20:50:19] [Server thread/INFO]: [ViaVersion] Loading new tags...
[20:50:19] [Server thread/INFO]: [ViaVersion] Loading enchantments...
[20:50:19] [Server thread/INFO]: [ViaVersion] Loading sound mapping...
[20:50:19] [Server thread/INFO]: [EssentialsSpawn] Loading EssentialsSpawn vTeamCity
[20:50:19] [Server thread/INFO]: [LaggRemover] Loading LaggRemover v2.0.4
[20:50:19] [Server thread/INFO]: [ProtocolLib] Loading ProtocolLib v3.6.5
[20:50:19] [Server thread/INFO]: [NeverLag] Loading NeverLag v1.3.0
[20:50:19] [Server thread/INFO]: [ProtocolLib] Enabling ProtocolLib v3.6.5
[20:50:19] [Server thread/INFO]: [ProtocolLib] Started structure compiler thread.
[20:50:19] [Server thread/WARN]: **** SERVER IS RUNNING IN OFFLINE/INSECURE MODE!
[20:50:19] [Server thread/WARN]: The server will make no attempt to authenticate usernames. Beware.
[20:50:19] [Server thread/WARN]: While this makes the game possible to play without internet access, it also opens up the ability for hackers to connect with any username they choose.
[20:50:19] [Server thread/WARN]: To change this, set "online-mode" to "true" in the server.properties file.
[20:50:19] [Server thread/INFO]: **** Beginning UUID conversion, this may take A LONG time ****
[20:50:19] [Server thread/INFO]: Preparing level "∫£µ¡¥¨"
[20:50:19] [Server thread/INFO]: -------- World Settings For [∫£µ¡¥¨] --------
[20:50:19] [Server thread/INFO]: Item Despawn Rate: 6000
[20:50:19] [Server thread/INFO]: Item Merge Radius: 2.5
[20:50:19] [Server thread/INFO]: Chunks to Grow per Tick: 650
[20:50:19] [Server thread/INFO]: Clear tick list: false
[20:50:19] [Server thread/INFO]: Experience Merge Radius: 3.0
[20:50:19] [Server thread/INFO]: View Distance: 10
[20:50:19] [Server thread/INFO]: Arrow Despawn Rate: 1200
[20:50:19] [Server thread/INFO]: Allow Zombie Pigmen to spawn from portal blocks: true
[20:50:19] [Server thread/INFO]: Zombie Aggressive Towards Villager: true
[20:50:19] [Server thread/INFO]: Mob Spawn Range: 4
[20:50:19] [Server thread/INFO]: Anti X-Ray: true
[20:50:19] [Server thread/INFO]: 	Engine Mode: 1
[20:50:19] [Server thread/INFO]: 	Hidden Blocks: [14, 15, 16, 21, 48, 49, 54, 56, 73, 74, 82, 129, 130]
[20:50:19] [Server thread/INFO]: 	Replace Blocks: [1, 5]
[20:50:19] [Server thread/INFO]: Random Lighting Updates: false
[20:50:19] [Server thread/INFO]: Entity Tracking Range: Pl 48 / An 48 / Mo 48 / Mi 32 / Other 64
[20:50:19] [Server thread/INFO]: Entity Activation Range: An 32 / Mo 32 / Mi 16
[20:50:19] [Server thread/INFO]: Hopper Transfer: 8 Hopper Check: 8 Hopper Amount: 1
[20:50:19] [Server thread/INFO]: Cactus Growth Modifier: 100%
[20:50:19] [Server thread/INFO]: Cane Growth Modifier: 100%
[20:50:19] [Server thread/INFO]: Melon Growth Modifier: 100%
[20:50:19] [Server thread/INFO]: Mushroom Growth Modifier: 100%
[20:50:19] [Server thread/INFO]: Pumpkin Growth Modifier: 100%
[20:50:19] [Server thread/INFO]: Sapling Growth Modifier: 100%
[20:50:19] [Server thread/INFO]: Wheat Growth Modifier: 100%
[20:50:19] [Server thread/INFO]: NetherWart Growth Modifier: 100%
[20:50:19] [Server thread/INFO]: Tile Max Tick Time: 50ms Entity max Tick Time: 50ms
[20:50:19] [Server thread/INFO]: Max TNT Explosions: 100
[20:50:19] [Server thread/INFO]: Sending up to 10 chunks per packet
[20:50:19] [Server thread/INFO]: Nerfing mobs spawned from spawners: false
[20:50:19] [Server thread/INFO]: Structure Info Saving: true
[20:50:19] [Server thread/INFO]: Max Entity Collisions: 8
[20:50:19] [Server thread/INFO]: Custom Map Seeds:  Village: 10387312 Feature: 14357617
[20:50:19] [Server thread/INFO]: -------- World Settings For [∫£µ¡¥¨] --------
[20:50:19] [Server thread/INFO]: Keep spawn chunk loaded: true
[20:50:19] [Server thread/INFO]: World async lighting: false
[20:50:19] [Server thread/INFO]: WorldServer TickNextTick cap set at 10000
[20:50:19] [Server thread/INFO]: WorldServer TickNextTickList cap always processes redstone: false
[20:50:19] [Server thread/INFO]: Water over lava flow speed: 5
[20:50:19] [Server thread/INFO]: Fix TNT cannons: false
[20:50:19] [Server thread/INFO]: Allow undead horse types to be leashed: false
[20:50:19] [Server thread/INFO]: Squids will spawn between Y: 45.0 and Y: 63.0
[20:50:19] [Server thread/INFO]: Living Entity Despawn Ranges:  Soft: 32 Hard: 128
[20:50:19] [Server thread/INFO]: Max height for cactus growth 3. Max height for reed growth 3
[20:50:19] [Server thread/INFO]: Player blocking damage multiplier set to 0.5
[20:50:19] [Server thread/INFO]: Remove invalid mob spawner tile entities: true
[20:50:19] [Server thread/INFO]: -------- World Settings For [∫£µ¡¥¨_the_end] --------
[20:50:19] [Server thread/INFO]: Item Despawn Rate: 6000
[20:50:19] [Server thread/INFO]: Item Merge Radius: 2.5
[20:50:19] [Server thread/INFO]: Chunks to Grow per Tick: 650
[20:50:19] [Server thread/INFO]: Clear tick list: false
[20:50:19] [Server thread/INFO]: Experience Merge Radius: 3.0
[20:50:19] [Server thread/INFO]: View Distance: 10
[20:50:19] [Server thread/INFO]: Arrow Despawn Rate: 1200
[20:50:19] [Server thread/INFO]: Allow Zombie Pigmen to spawn from portal blocks: true
[20:50:19] [Server thread/INFO]: Zombie Aggressive Towards Villager: true
[20:50:19] [Server thread/INFO]: Mob Spawn Range: 4
[20:50:19] [Server thread/INFO]: Anti X-Ray: true
[20:50:19] [Server thread/INFO]: 	Engine Mode: 1
[20:50:19] [Server thread/INFO]: 	Hidden Blocks: [14, 15, 16, 21, 48, 49, 54, 56, 73, 74, 82, 129, 130]
[20:50:19] [Server thread/INFO]: 	Replace Blocks: [1, 5]
[20:50:19] [Server thread/INFO]: Random Lighting Updates: false
[20:50:19] [Server thread/INFO]: Entity Tracking Range: Pl 48 / An 48 / Mo 48 / Mi 32 / Other 64
[20:50:19] [Server thread/INFO]: Entity Activation Range: An 32 / Mo 32 / Mi 16
[20:50:19] [Server thread/INFO]: Hopper Transfer: 8 Hopper Check: 8 Hopper Amount: 1
[20:50:19] [Server thread/INFO]: Cactus Growth Modifier: 100%
[20:50:19] [Server thread/INFO]: Cane Growth Modifier: 100%
[20:50:19] [Server thread/INFO]: Melon Growth Modifier: 100%
[20:50:19] [Server thread/INFO]: Mushroom Growth Modifier: 100%
[20:50:19] [Server thread/INFO]: Pumpkin Growth Modifier: 100%
[20:50:19] [Server thread/INFO]: Sapling Growth Modifier: 100%
[20:50:19] [Server thread/INFO]: Wheat Growth Modifier: 100%
[20:50:19] [Server thread/INFO]: NetherWart Growth Modifier: 100%
[20:50:19] [Server thread/INFO]: Tile Max Tick Time: 50ms Entity max Tick Time: 50ms
[20:50:19] [Server thread/INFO]: Max TNT Explosions: 100
[20:50:19] [Server thread/INFO]: Sending up to 10 chunks per packet
[20:50:19] [Server thread/INFO]: Nerfing mobs spawned from spawners: false
[20:50:19] [Server thread/INFO]: Structure Info Saving: true
[20:50:19] [Server thread/INFO]: Max Entity Collisions: 8
[20:50:19] [Server thread/INFO]: Custom Map Seeds:  Village: 10387312 Feature: 14357617
[20:50:19] [Server thread/INFO]: -------- World Settings For [∫£µ¡¥¨_the_end] --------
[20:50:19] [Server thread/INFO]: Keep spawn chunk loaded: true
[20:50:19] [Server thread/INFO]: World async lighting: false
[20:50:19] [Server thread/INFO]: WorldServer TickNextTick cap set at 10000
[20:50:19] [Server thread/INFO]: WorldServer TickNextTickList cap always processes redstone: false
[20:50:19] [Server thread/INFO]: Water over lava flow speed: 5
[20:50:19] [Server thread/INFO]: Fix TNT cannons: false
[20:50:19] [Server thread/INFO]: Allow undead horse types to be leashed: false
[20:50:19] [Server thread/INFO]: Squids will spawn between Y: 45.0 and Y: 63.0
[20:50:19] [Server thread/INFO]: Living Entity Despawn Ranges:  Soft: 32 Hard: 128
[20:50:19] [Server thread/INFO]: Max height for cactus growth 3. Max height for reed growth 3
[20:50:19] [Server thread/INFO]: Player blocking damage multiplier set to 0.5
[20:50:19] [Server thread/INFO]: Remove invalid mob spawner tile entities: true
[20:50:19] [Server thread/INFO]: Preparing start region for level 0 (Seed: 0)
[20:50:20] [Server thread/INFO]: Preparing start region for level 1 (Seed: -3003871431712743269)
[20:50:20] [Server thread/INFO]: [Bedwars] Enabling Bedwars v9.1
[20:50:20] [Server thread/INFO]: [SkinsRestorer] Enabling SkinsRestorer v13.5-SNAPSHOT
[20:50:20] [Server thread/INFO]: [SkinsRestorer] Detected Minecraft v1_8_R3, using UniversalSkinFactory.
[20:50:20] [Server thread/INFO]: [BedwarsGeneratorReloaded] Enabling BedwarsGeneratorRel vREL2.0
[20:50:20] [Server thread/INFO]: [BedwarsGeneratorRel] Registering modules...
[20:50:20] [Server thread/ERROR]: [BedwarsGeneratorReloaded] Plugin BedwarsGeneratorRel vREL2.0 has failed to register events for class me.blueobsidian.BedwarsGeneratorRel.objects.Bedwars.Listeners because me/MineHome/Bedwars/Events/GameStopEvent does not exist.
[20:50:20] [Server thread/WARN]: [BedwarsGeneratorReloaded] Default system encoding may have misread config.yml from plugin jar
[20:50:20] [Server thread/ERROR]: [BedwarsGeneratorReloaded] Plugin BedwarsGeneratorRel vREL2.0 has failed to register events for class me.blueobsidian.BedwarsTeamShop.objects.CitizenListener because net/citizensnpcs/api/npc/NPC does not exist.
[20:50:20] [Server thread/INFO]: [BedwarsGeneratorRel] An error occured while registering modules
[20:50:20] [Server thread/WARN]: java.lang.NoClassDefFoundError: me/MineHome/Bedwars/Game/GameManager
[20:50:20] [Server thread/WARN]: 	at me.blueobsidian.BedwarsGeneratorRel.objects.Bedwars.Util.getStartedGames(Util.java:38)
[20:50:20] [Server thread/WARN]: 	at me.blueobsidian.BedwarsGeneratorRel.Main.onEnable(Main.java:76)
[20:50:20] [Server thread/WARN]: 	at org.bukkit.plugin.java.JavaPlugin.setEnabled(JavaPlugin.java:321)
[20:50:20] [Server thread/WARN]: 	at org.bukkit.plugin.java.JavaPluginLoader.enablePlugin(JavaPluginLoader.java:332)
[20:50:20] [Server thread/WARN]: 	at org.bukkit.plugin.SimplePluginManager.enablePlugin(SimplePluginManager.java:404)
[20:50:20] [Server thread/WARN]: 	at org.bukkit.craftbukkit.v1_8_R3.CraftServer.loadPlugin(CraftServer.java:359)
[20:50:20] [Server thread/WARN]: 	at org.bukkit.craftbukkit.v1_8_R3.CraftServer.enablePlugins(CraftServer.java:318)
[20:50:20] [Server thread/WARN]: 	at net.minecraft.server.v1_8_R3.MinecraftServer.s(MinecraftServer.java:408)
[20:50:20] [Server thread/WARN]: 	at net.minecraft.server.v1_8_R3.MinecraftServer.k(MinecraftServer.java:372)
[20:50:20] [Server thread/WARN]: 	at net.minecraft.server.v1_8_R3.MinecraftServer.a(MinecraftServer.java:327)
[20:50:20] [Server thread/WARN]: 	at net.minecraft.server.v1_8_R3.DedicatedServer.init(DedicatedServer.java:267)
[20:50:20] [Server thread/WARN]: 	at net.minecraft.server.v1_8_R3.MinecraftServer.run(MinecraftServer.java:563)
[20:50:20] [Server thread/WARN]: 	at java.lang.Thread.run(Unknown Source)
[20:50:20] [Server thread/WARN]: Caused by: java.lang.ClassNotFoundException: me.MineHome.Bedwars.Game.GameManager
[20:50:20] [Server thread/WARN]: 	at java.net.URLClassLoader.findClass(Unknown Source)
[20:50:20] [Server thread/WARN]: 	at org.bukkit.plugin.java.PluginClassLoader.findClass(PluginClassLoader.java:102)
[20:50:20] [Server thread/WARN]: 	at org.bukkit.plugin.java.PluginClassLoader.findClass(PluginClassLoader.java:87)
[20:50:20] [Server thread/WARN]: 	at java.lang.ClassLoader.loadClass(Unknown Source)
[20:50:20] [Server thread/WARN]: 	at java.lang.ClassLoader.loadClass(Unknown Source)
[20:50:20] [Server thread/WARN]: 	... 13 more
[20:50:20] [Server thread/INFO]: [Essentials] Enabling Essentials vTeamCity
[20:50:20] [Server thread/INFO]: Bukkit version format changed. Version not checked.
[20:50:20] [Server thread/INFO]: git-PaperSpigot-"8b18730" (MC: 1.8.8)
[20:50:20] [Server thread/INFO]: 1.8.8-R0.1-SNAPSHOT
[20:50:20] [Server thread/INFO]: Using locale zh_CN
[20:50:20] [Server thread/INFO]: Using locale zh_CN
[20:50:20] [Server thread/INFO]: Essentials: Using config file enhanced permissions.
[20:50:20] [Server thread/INFO]: Permissions listed in as player-commands will be given to all users.
[20:50:20] [Server thread/INFO]: [EssentialsProtect] Enabling EssentialsProtect vTeamCity
[20:50:20] [Server thread/INFO]: [ItemMerge] Enabling ItemMerge v2.0
[20:50:20] [Server thread/INFO]: [ItemMerge] The plugin will be enabled.
[20:50:20] [Server thread/INFO]: [ItemMerge] This version 2.0
[20:50:20] [Server thread/INFO]: [ItemMerge] Produce by RWTA
[20:50:20] [Server thread/INFO]: [EssentialsChat] Enabling EssentialsChat vTeamCity
[20:50:20] [Server thread/INFO]: [EssentialsAntiBuild] Enabling EssentialsAntiBuild vTeamCity
[20:50:20] [Server thread/INFO]: [ViaVersion] Enabling ViaVersion v1.5.0
[20:50:20] [Server thread/INFO]: [EssentialsSpawn] Enabling EssentialsSpawn vTeamCity
[20:50:20] [Server thread/INFO]: [LaggRemover] Enabling LaggRemover v2.0.4
[20:50:20] [Server thread/INFO]: 
    __                      ____                                         _    _____
   / /   ____ _____ _____ _/ __ \___  ____ ___  ____ _   _____  _____   | |  / /__ \
  / /   / __ `/ __ `/ __ `/ /_/ / _ \/ __ `__ \/ __ \ | / / _ \/ ___/   | | / /__/ /
 / /___/ /_/ / /_/ / /_/ / _, _/  __/ / / / / / /_/ / |/ /  __/ /       | |/ // __/
/_____/\__,_/\__, /\__, /_/ |_|\___/_/ /_/ /_/\____/|___/\___/_/        |___//____/
            /____//____/

[20:50:20] [Server thread/INFO]: [LaggRemover] Loaded 0 module(s)
[20:50:20] [Server thread/INFO]: [LaggRemover] The LaggRemover AI is now active!
[20:50:20] [Server thread/INFO]: [LaggRemover] LaggRemover has been enabled!
[20:50:20] [Server thread/INFO]: [NeverLag] Enabling NeverLag v1.3.0
[20:50:20] [Server thread/WARN]: [NeverLag] Default system encoding may have misread config.yml from plugin jar
[20:50:21] [Server thread/INFO]: Server permissions file permissions.yml is empty, ignoring it
[20:50:21] [Server thread/INFO]: Done (1.635s)! For help, type "help" or "?"
[20:50:21] [Server thread/INFO]: Timings Reset
[20:50:21] [Server thread/INFO]: [ViaVersion] ViaVersion detected server version: 1.8.x(47)
[20:50:21] [Server thread/INFO]: [ViaVersion] Enabling Paper/TacoSpigot/Torch patch: Fixes block placement.
[20:50:22] [Server thread/WARN]: [ViaVersion] There is a newer version available: 1.5.2, you're on: 1.5.0
[20:50:22] [Craft Scheduler Thread - 1/WARN]: [SpigetUpdate] Invalid SemVer versions specified [135-SNAPSHOT] [135]
[20:50:22] [Craft Scheduler Thread - 1/INFO]: [SkinsRestorer] ----------------------------------------------
[20:50:22] [Craft Scheduler Thread - 1/INFO]: [SkinsRestorer]     +===============+
[20:50:22] [Craft Scheduler Thread - 1/INFO]: [SkinsRestorer]     | SkinsRestorer |
[20:50:22] [Craft Scheduler Thread - 1/INFO]: [SkinsRestorer]     +===============+
[20:50:22] [Craft Scheduler Thread - 1/INFO]: [SkinsRestorer] ----------------------------------------------
[20:50:22] [Craft Scheduler Thread - 1/INFO]: [SkinsRestorer]     Current version: 13.5-SNAPSHOT
[20:50:22] [Craft Scheduler Thread - 1/INFO]: [SkinsRestorer]     This is the latest version!
[20:50:22] [Craft Scheduler Thread - 1/INFO]: [SkinsRestorer] ----------------------------------------------
[20:50:23] [Server thread/INFO]: °ÏaLoaded games: ∫£µ¡¥¨ 
[20:50:24] [Server thread/INFO]: Loaded signs for games: 
[21:04:21] [Server thread/INFO]: [ÊúçÂä°Âô®Â®ò]Âú∞‰∏äÁöÑÊéâËêΩÁâ©Â∞ÜÂú® 60Áß? ÂêéÊ∏ÖÈô§ÔºÅ
[21:04:51] [Server thread/INFO]: [ÊúçÂä°Âô®Â®ò]Âú∞‰∏äÁöÑÊéâËêΩÁâ©Â∞ÜÂú® 30Áß? ÂêéÊ∏ÖÈô§ÔºÅ
[21:05:11] [Server thread/INFO]: [ÊúçÂä°Âô®Â®ò]Âú∞‰∏äÁöÑÊéâËêΩÁâ©Â∞ÜÂú® 10Áß? ÂêéÊ∏ÖÈô§ÔºÅ
[21:05:21] [Server thread/INFO]: [ÊúçÂä°Âô®Â®ò]ÂìéÂìüÔºåËøôÊ¨°Ê∏ÖÁêÜ‰∫Ü 0‰∏? ÂûÉÂúæÔºåÊàëÊÑüËßâËá™Â∑±ËêåËêåÂìí~
