[11:32:50] [Server thread/INFO]: Starting minecraft server version 1.11.2
[11:32:50] [Server thread/WARN]: To start the server with more ram, launch it as "java -Xmx1024M -Xms1024M -jar minecraft_server.jar"
[11:32:50] [Server thread/INFO]: Loading properties
[11:32:50] [Server thread/INFO]: Default game type: ADVENTURE
[11:32:51] [Server thread/INFO]: This server is running CraftBukkit version git-Spigot-7d78b81-7e19325 (MC: 1.11.2) (Implementing API version 1.11.2-R0.1-SNAPSHOT)
[11:32:51] [Server thread/INFO]: Debug logging is disabled
[11:32:51] [Server thread/INFO]: Using 4 threads for Netty based IO
[11:32:51] [Server thread/INFO]: Server Ping Player Sample Count: 12
[11:32:51] [Server thread/INFO]: Generating keypair
[11:32:51] [Server thread/INFO]: Starting Minecraft server on *:25001
[11:32:51] [Server thread/INFO]: Using default channel type
[11:32:51] [Server thread/WARN]: **** SERVER IS RUNNING IN OFFLINE/INSECURE MODE!
[11:32:51] [Server thread/WARN]: The server will make no attempt to authenticate usernames. Beware.
[11:32:51] [Server thread/WARN]: Whilst this makes it possible to use BungeeCord, unless access to your server is properly restricted, it also opens up the ability for hackers to connect with any username they choose.
[11:32:51] [Server thread/WARN]: Please see http://www.spigotmc.org/wiki/firewall-guide/ for further information.
[11:32:51] [Server thread/WARN]: To change this, set "online-mode" to "true" in the server.properties file.
[11:32:51] [Server thread/INFO]: **** Beginning UUID conversion, this may take A LONG time ****
[11:32:51] [Server thread/INFO]: Preparing level "Cublex"
[11:32:51] [Server thread/INFO]: -------- World Settings For [Cublex] --------
[11:32:51] [Server thread/INFO]: Allow Zombie Pigmen to spawn from portal blocks: true
[11:32:51] [Server thread/INFO]: Zombie Aggressive Towards Villager: true
[11:32:51] [Server thread/INFO]: View Distance: 10
[11:32:51] [Server thread/INFO]: Item Despawn Rate: 6000
[11:32:51] [Server thread/INFO]: Item Merge Radius: 2.5
[11:32:51] [Server thread/INFO]: Nerfing mobs spawned from spawners: false
[11:32:51] [Server thread/INFO]: Custom Map Seeds:  Village: 10387312 Feature: 14357617
[11:32:51] [Server thread/INFO]: Arrow Despawn Rate: 1200
[11:32:51] [Server thread/INFO]: Experience Merge Radius: 3.0
[11:32:51] [Server thread/INFO]: Tile Max Tick Time: 50ms Entity max Tick Time: 50ms
[11:32:51] [Server thread/INFO]: Structure Info Saving: true
[11:32:51] [Server thread/INFO]: Hopper Transfer: 8 Hopper Check: 8 Hopper Amount: 1
[11:32:51] [Server thread/INFO]: Max TNT Explosions: 100
[11:32:51] [Server thread/INFO]: Random Lighting Updates: false
[11:32:51] [Server thread/INFO]: Mob Spawn Range: 4
[11:32:51] [Server thread/INFO]: Entity Tracking Range: Pl 48 / An 48 / Mo 48 / Mi 32 / Other 64
[11:32:51] [Server thread/INFO]: Entity Activation Range: An 32 / Mo 32 / Mi 16
[11:32:51] [Server thread/INFO]: Cactus Growth Modifier: 100%
[11:32:51] [Server thread/INFO]: Cane Growth Modifier: 100%
[11:32:51] [Server thread/INFO]: Melon Growth Modifier: 100%
[11:32:51] [Server thread/INFO]: Mushroom Growth Modifier: 100%
[11:32:51] [Server thread/INFO]: Pumpkin Growth Modifier: 100%
[11:32:51] [Server thread/INFO]: Sapling Growth Modifier: 100%
[11:32:51] [Server thread/INFO]: Wheat Growth Modifier: 100%
[11:32:51] [Server thread/INFO]: NetherWart Growth Modifier: 100%
[11:32:51] [Server thread/INFO]: Vine Growth Modifier: 100%
[11:32:51] [Server thread/INFO]: Cocoa Growth Modifier: 100%
[11:32:52] [Server thread/INFO]: -------- World Settings For [Cublex_the_end] --------
[11:32:52] [Server thread/INFO]: Allow Zombie Pigmen to spawn from portal blocks: true
[11:32:52] [Server thread/INFO]: Zombie Aggressive Towards Villager: true
[11:32:52] [Server thread/INFO]: View Distance: 10
[11:32:52] [Server thread/INFO]: Item Despawn Rate: 6000
[11:32:52] [Server thread/INFO]: Item Merge Radius: 2.5
[11:32:52] [Server thread/INFO]: Nerfing mobs spawned from spawners: false
[11:32:52] [Server thread/INFO]: Custom Map Seeds:  Village: 10387312 Feature: 14357617
[11:32:52] [Server thread/INFO]: Arrow Despawn Rate: 1200
[11:32:52] [Server thread/INFO]: Experience Merge Radius: 3.0
[11:32:52] [Server thread/INFO]: Tile Max Tick Time: 50ms Entity max Tick Time: 50ms
[11:32:52] [Server thread/INFO]: Structure Info Saving: true
[11:32:52] [Server thread/INFO]: Hopper Transfer: 8 Hopper Check: 8 Hopper Amount: 1
[11:32:52] [Server thread/INFO]: Max TNT Explosions: 100
[11:32:52] [Server thread/INFO]: Random Lighting Updates: false
[11:32:52] [Server thread/INFO]: Mob Spawn Range: 4
[11:32:52] [Server thread/INFO]: Entity Tracking Range: Pl 48 / An 48 / Mo 48 / Mi 32 / Other 64
[11:32:52] [Server thread/INFO]: Entity Activation Range: An 32 / Mo 32 / Mi 16
[11:32:52] [Server thread/INFO]: Cactus Growth Modifier: 100%
[11:32:52] [Server thread/INFO]: Cane Growth Modifier: 100%
[11:32:52] [Server thread/INFO]: Melon Growth Modifier: 100%
[11:32:52] [Server thread/INFO]: Mushroom Growth Modifier: 100%
[11:32:52] [Server thread/INFO]: Pumpkin Growth Modifier: 100%
[11:32:52] [Server thread/INFO]: Sapling Growth Modifier: 100%
[11:32:52] [Server thread/INFO]: Wheat Growth Modifier: 100%
[11:32:52] [Server thread/INFO]: NetherWart Growth Modifier: 100%
[11:32:52] [Server thread/INFO]: Vine Growth Modifier: 100%
[11:32:52] [Server thread/INFO]: Cocoa Growth Modifier: 100%
[11:32:52] [Server thread/INFO]: Preparing start region for level 0 (Seed: 3317215189363720704)
[11:32:52] [Server thread/INFO]: Preparing start region for level 1 (Seed: 3317215189363720704)
[11:32:53] [Server thread/INFO]: Server permissions file permissions.yml is empty, ignoring it
[11:32:53] [Server thread/INFO]: Done (1.740s)! For help, type "help" or "?"
