[11:32:34] [Server thread/WARN]: To start the server with more ram, launch it as "java -Xmx1024M -Xms1024M -jar minecraft_server.jar"
[11:32:34] [Server thread/INFO]: Loading properties
[11:32:34] [Server thread/INFO]: Default game type: SURVIVAL
[11:32:34] [Server thread/INFO]: This server is running CraftBukkit version git-Spigot-642f6d2-57ab4cf (MC: 1.12.2) (Implementing API version 1.12.2-R0.1-SNAPSHOT)
[11:32:35] [Server thread/INFO]: Debug logging is disabled
[11:32:35] [Server thread/INFO]: Server Ping Player Sample Count: 12
[11:32:35] [Server thread/INFO]: Using 4 threads for Netty based IO
[11:32:35] [Server thread/INFO]: Generating keypair
[11:32:35] [Server thread/INFO]: Starting Minecraft server on 127.0.0.1:30000
[11:32:35] [Server thread/INFO]: Using default channel type
[11:32:36] [Server thread/ERROR]: Ambiguous plugin name `ViaVersion' for files `plugins\ViaVersion-1.5.2.jar' and `plugins\ViaVersion-1.5.0多版本.jar' in `plugins'
[11:32:36] [Server thread/INFO]: Set PluginClassLoader as parallel capable
[11:32:37] [Server thread/INFO]: [ViaVersion] Hooking into ProtocolSupport, to prevent issues!
[11:32:37] [Server thread/INFO]: [SkinsRestorer] Loading SkinsRestorer v13.5-SNAPSHOT
[11:32:37] [Server thread/INFO]: [Yum] Loading Yum v2.7.10-git-fcf06780f0196bfb77ed26d9c792cda10547bfb4
[11:32:37] [Server thread/INFO]: [网络管理] 注入网络管理系统 将托管服务器网络!
[11:32:37] [Server thread/INFO]: [AdvancedOreGenerator] Loading AdvancedOreGenerator v1.2.1
[11:32:37] [Server thread/INFO]: [Vault] Loading Vault v1.4.1-b436
[11:32:37] [Server thread/INFO]: [ProtocolSupport] Loading ProtocolSupport v4.28
[11:32:37] [Server thread/INFO]: [ProtocolSupport] Detected Spigot server implementation type
[11:32:37] [Server thread/INFO]: [ProtocolSupport] Allocator: PooledByteBufAllocator(directByDefault: true), direct: true
[11:32:37] [Server thread/INFO]: [ProtocolSupport] Compression level: 3
[11:32:38] [Server thread/INFO]: [ProtocolSupport] Assume 1.5.2 ping delay: 100
[11:32:38] [Server thread/INFO]: [ProtocolSupport] Assume legacy ping delay: 200
[11:32:38] [Server thread/INFO]: [ProtocolSupport] Login threads keep alive time: 60
[11:32:39] [Server thread/INFO]: [LaggRemover] Loading LaggRemover v2.0.4
[11:32:39] [Server thread/INFO]: [ASkyBlock] Loading ASkyBlock v3.0.9.4
[11:32:39] [Server thread/INFO]: [Essentials] Loading Essentials v2.0.1-b604
[11:32:39] [Server thread/INFO]: [EssentialsChat] Loading EssentialsChat v2.0.1-b604
[11:32:39] [Server thread/INFO]: [EssentialsAntiBuild] Loading EssentialsAntiBuild v2.0.1-b604
[11:32:39] [Server thread/INFO]: [ViaVersion] Loading ViaVersion v1.5.2
[11:32:39] [Server thread/INFO]: [ViaVersion] ViaVersion 1.5.2 is now loaded, injecting!
[11:32:39] [Server thread/INFO]: [ViaVersion] Loading block mapping...
[11:32:39] [Server thread/INFO]: [ViaVersion] Loading item mapping...
[11:32:39] [Server thread/INFO]: [ViaVersion] Loading new tags...
[11:32:39] [Server thread/INFO]: [ViaVersion] Loading enchantments...
[11:32:39] [Server thread/INFO]: [ViaVersion] Loading sound mapping...
[11:32:39] [Server thread/INFO]: [EssentialsSpawn] Loading EssentialsSpawn v2.0.1-b604
[11:32:39] [Server thread/INFO]: [ProtocolLib] Loading ProtocolLib v4.4.0
[11:32:40] [Server thread/INFO]: [EssentialsXMPP] Loading EssentialsXMPP v2.0.1-b604
[11:32:40] [Server thread/INFO]: [NeverLag] Loading NeverLag v1.3.0
[11:32:40] [Server thread/INFO]: [Yum] Enabling Yum v2.7.10-git-fcf06780f0196bfb77ed26d9c792cda10547bfb4
[11:32:40] [Server thread/INFO]: [Yum] 服务端未注入安全拦截器 关闭功能...
[11:32:40] [Server thread/INFO]: [Yum] 网络管理系统已启用...
[11:32:40] [Server thread/INFO]: [Yum] 线程管理系统已启用...
[11:32:40] [Server thread/INFO]: [Yum] 性能监控系统已启用...
[11:32:40] [Server thread/INFO]: [Yum] I O 管理系统已启用...
[11:32:40] [Server thread/INFO]: [Vault] Enabling Vault v1.4.1-b436
[11:32:40] [Server thread/INFO]: [Vault] [Economy] Essentials Economy found: Waiting
[11:32:40] [Server thread/INFO]: [Vault] [Permission] SuperPermissions loaded as backup permission system.
[11:32:40] [Server thread/INFO]: [Vault] Enabled Version 1.4.1-b436
[11:32:40] [Server thread/INFO]: [ProtocolSupport] Enabling ProtocolSupport v4.28
[11:32:40] [Server thread/INFO]: [ASkyBlock] Enabling ASkyBlock v3.0.9.4
[11:32:40] [Server thread/INFO]: [ASkyBlock] Loading entity limits
[11:32:40] [Server thread/INFO]: [ASkyBlock] HOPPER will be limited to 30
[11:32:41] [Server thread/INFO]: [ASkyBlock] Loaded default island schematic.
[11:32:41] [Server thread/INFO]: [ASkyBlock] Loaded default nether schematic.
[11:32:41] [Server thread/INFO]: [ASkyBlock] Loading schematic The Original (island.schematic) for all players, order 1
[11:32:41] [Server thread/INFO]: [ASkyBlock] Loading schematic NetherBlock Island (nether.schematic) for all players, order 0
[11:32:41] [Server thread/INFO]: [ASkyBlock] Loading schematic Island Duo (double.schematic) for all players, order 2
[11:32:41] [Server thread/INFO]: [ASkyBlock] Loading schematic Black Diamonds (harder.schematic) for all players, order 3
[11:32:41] [Server thread/INFO]: [ASkyBlock] Loading offline messages...
[11:32:41] [Server thread/INFO]: [ProtocolLib] Enabling ProtocolLib v4.4.0
[11:32:41] [Server thread/INFO]: [ProtocolLib] Started structure compiler thread.
[11:32:41] [Server thread/WARN]: **** SERVER IS RUNNING IN OFFLINE/INSECURE MODE!
[11:32:41] [Server thread/WARN]: The server will make no attempt to authenticate usernames. Beware.
[11:32:41] [Server thread/WARN]: Whilst this makes it possible to use BungeeCord, unless access to your server is properly restricted, it also opens up the ability for hackers to connect with any username they choose.
[11:32:41] [Server thread/WARN]: Please see http://www.spigotmc.org/wiki/firewall-guide/ for further information.
[11:32:41] [Server thread/WARN]: To change this, set "online-mode" to "true" in the server.properties file.
[11:32:41] [Server thread/INFO]: **** Beginning UUID conversion, this may take A LONG time ****
[11:32:41] [Server thread/INFO]: Preparing level "world"
[11:32:41] [Server thread/INFO]: -------- World Settings For [world] --------
[11:32:41] [Server thread/INFO]: Max TNT Explosions: 100
[11:32:41] [Server thread/INFO]: Hopper Transfer: 8 Hopper Check: 1 Hopper Amount: 1
[11:32:41] [Server thread/INFO]: Tile Max Tick Time: 50ms Entity max Tick Time: 50ms
[11:32:41] [Server thread/INFO]: Random Lighting Updates: false
[11:32:41] [Server thread/INFO]: Structure Info Saving: true
[11:32:41] [Server thread/INFO]: Custom Map Seeds:  Village: 10387312 Feature: 14357617 Monument: 10387313 Slime: 987234911
[11:32:41] [Server thread/INFO]: Allow Zombie Pigmen to spawn from portal blocks: true
[11:32:41] [Server thread/INFO]: Zombie Aggressive Towards Villager: true
[11:32:41] [Server thread/INFO]: Arrow Despawn Rate: 1200
[11:32:41] [Server thread/INFO]: View Distance: 10
[11:32:41] [Server thread/INFO]: Item Merge Radius: 2.5
[11:32:41] [Server thread/INFO]: Item Despawn Rate: 6000
[11:32:41] [Server thread/INFO]: Experience Merge Radius: 3.0
[11:32:41] [Server thread/INFO]: Nerfing mobs spawned from spawners: false
[11:32:41] [Server thread/INFO]: Entity Activation Range: An 32 / Mo 32 / Mi 16 / Tiv true
[11:32:41] [Server thread/INFO]: Entity Tracking Range: Pl 48 / An 48 / Mo 48 / Mi 32 / Other 64
[11:32:41] [Server thread/INFO]: Mob Spawn Range: 4
[11:32:41] [Server thread/INFO]: Cactus Growth Modifier: 100%
[11:32:41] [Server thread/INFO]: Cane Growth Modifier: 100%
[11:32:41] [Server thread/INFO]: Melon Growth Modifier: 100%
[11:32:41] [Server thread/INFO]: Mushroom Growth Modifier: 100%
[11:32:41] [Server thread/INFO]: Pumpkin Growth Modifier: 100%
[11:32:41] [Server thread/INFO]: Sapling Growth Modifier: 100%
[11:32:41] [Server thread/INFO]: Wheat Growth Modifier: 100%
[11:32:41] [Server thread/INFO]: NetherWart Growth Modifier: 100%
[11:32:41] [Server thread/INFO]: Vine Growth Modifier: 100%
[11:32:41] [Server thread/INFO]: Cocoa Growth Modifier: 100%
[11:32:41] [Server thread/INFO]: -------- World Settings For [world_nether] --------
[11:32:41] [Server thread/INFO]: Max TNT Explosions: 100
[11:32:41] [Server thread/INFO]: Hopper Transfer: 8 Hopper Check: 1 Hopper Amount: 1
[11:32:41] [Server thread/INFO]: Tile Max Tick Time: 50ms Entity max Tick Time: 50ms
[11:32:41] [Server thread/INFO]: Random Lighting Updates: false
[11:32:41] [Server thread/INFO]: Structure Info Saving: true
[11:32:41] [Server thread/INFO]: Custom Map Seeds:  Village: 10387312 Feature: 14357617 Monument: 10387313 Slime: 987234911
[11:32:41] [Server thread/INFO]: Allow Zombie Pigmen to spawn from portal blocks: true
[11:32:41] [Server thread/INFO]: Zombie Aggressive Towards Villager: true
[11:32:41] [Server thread/INFO]: Arrow Despawn Rate: 1200
[11:32:41] [Server thread/INFO]: View Distance: 10
[11:32:41] [Server thread/INFO]: Item Merge Radius: 2.5
[11:32:41] [Server thread/INFO]: Item Despawn Rate: 6000
[11:32:41] [Server thread/INFO]: Experience Merge Radius: 3.0
[11:32:41] [Server thread/INFO]: Nerfing mobs spawned from spawners: false
[11:32:41] [Server thread/INFO]: Entity Activation Range: An 32 / Mo 32 / Mi 16 / Tiv true
[11:32:41] [Server thread/INFO]: Entity Tracking Range: Pl 48 / An 48 / Mo 48 / Mi 32 / Other 64
[11:32:41] [Server thread/INFO]: Mob Spawn Range: 4
[11:32:41] [Server thread/INFO]: Cactus Growth Modifier: 100%
[11:32:41] [Server thread/INFO]: Cane Growth Modifier: 100%
[11:32:41] [Server thread/INFO]: Melon Growth Modifier: 100%
[11:32:41] [Server thread/INFO]: Mushroom Growth Modifier: 100%
[11:32:41] [Server thread/INFO]: Pumpkin Growth Modifier: 100%
[11:32:41] [Server thread/INFO]: Sapling Growth Modifier: 100%
[11:32:41] [Server thread/INFO]: Wheat Growth Modifier: 100%
[11:32:41] [Server thread/INFO]: NetherWart Growth Modifier: 100%
[11:32:41] [Server thread/INFO]: Vine Growth Modifier: 100%
[11:32:41] [Server thread/INFO]: Cocoa Growth Modifier: 100%
[11:32:41] [Server thread/INFO]: -------- World Settings For [world_the_end] --------
[11:32:41] [Server thread/INFO]: Max TNT Explosions: 100
[11:32:41] [Server thread/INFO]: Hopper Transfer: 8 Hopper Check: 1 Hopper Amount: 1
[11:32:41] [Server thread/INFO]: Tile Max Tick Time: 50ms Entity max Tick Time: 50ms
[11:32:41] [Server thread/INFO]: Random Lighting Updates: false
[11:32:41] [Server thread/INFO]: Structure Info Saving: true
[11:32:41] [Server thread/INFO]: Custom Map Seeds:  Village: 10387312 Feature: 14357617 Monument: 10387313 Slime: 987234911
[11:32:41] [Server thread/INFO]: Allow Zombie Pigmen to spawn from portal blocks: true
[11:32:41] [Server thread/INFO]: Zombie Aggressive Towards Villager: true
[11:32:41] [Server thread/INFO]: Arrow Despawn Rate: 1200
[11:32:41] [Server thread/INFO]: View Distance: 10
[11:32:41] [Server thread/INFO]: Item Merge Radius: 2.5
[11:32:41] [Server thread/INFO]: Item Despawn Rate: 6000
[11:32:41] [Server thread/INFO]: Experience Merge Radius: 3.0
[11:32:41] [Server thread/INFO]: Nerfing mobs spawned from spawners: false
[11:32:41] [Server thread/INFO]: Entity Activation Range: An 32 / Mo 32 / Mi 16 / Tiv true
[11:32:41] [Server thread/INFO]: Entity Tracking Range: Pl 48 / An 48 / Mo 48 / Mi 32 / Other 64
[11:32:41] [Server thread/INFO]: Mob Spawn Range: 4
[11:32:41] [Server thread/INFO]: Cactus Growth Modifier: 100%
[11:32:41] [Server thread/INFO]: Cane Growth Modifier: 100%
[11:32:41] [Server thread/INFO]: Melon Growth Modifier: 100%
[11:32:41] [Server thread/INFO]: Mushroom Growth Modifier: 100%
[11:32:41] [Server thread/INFO]: Pumpkin Growth Modifier: 100%
[11:32:41] [Server thread/INFO]: Sapling Growth Modifier: 100%
[11:32:41] [Server thread/INFO]: Wheat Growth Modifier: 100%
[11:32:41] [Server thread/INFO]: NetherWart Growth Modifier: 100%
[11:32:41] [Server thread/INFO]: Vine Growth Modifier: 100%
[11:32:41] [Server thread/INFO]: Cocoa Growth Modifier: 100%
[11:32:41] [Server thread/INFO]: Preparing start region for level 0 (Seed: -7378677815776138515)
[11:32:42] [Server thread/INFO]: Preparing spawn area: 43%
[11:32:43] [Server thread/INFO]: Preparing start region for level 1 (Seed: -7378677815776138515)
[11:32:44] [Server thread/INFO]: Preparing start region for level 2 (Seed: -7378677815776138515)
[11:32:44] [Server thread/INFO]: [SkinsRestorer] Enabling SkinsRestorer v13.5-SNAPSHOT
[11:32:44] [Server thread/INFO]: [SkinsRestorer] Detected Minecraft v1_12_R1, using UniversalSkinFactory.
[11:32:44] [Server thread/INFO]: [AdvancedOreGenerator] Enabling AdvancedOreGenerator v1.2.1
[11:32:44] [Server thread/INFO]: [AdvancedOreGenerator] ASkyBlock found!
[11:32:44] [Server thread/INFO]: -------- World Settings For [GCBTeamGCBTeam'sky sever] --------
[11:32:44] [Server thread/INFO]: Max TNT Explosions: 100
[11:32:44] [Server thread/INFO]: Hopper Transfer: 8 Hopper Check: 1 Hopper Amount: 1
[11:32:44] [Server thread/INFO]: Tile Max Tick Time: 50ms Entity max Tick Time: 50ms
[11:32:44] [Server thread/INFO]: Random Lighting Updates: false
[11:32:44] [Server thread/INFO]: Structure Info Saving: true
[11:32:44] [Server thread/INFO]: Custom Map Seeds:  Village: 10387312 Feature: 14357617 Monument: 10387313 Slime: 987234911
[11:32:44] [Server thread/INFO]: Allow Zombie Pigmen to spawn from portal blocks: true
[11:32:44] [Server thread/INFO]: Zombie Aggressive Towards Villager: true
[11:32:44] [Server thread/INFO]: Arrow Despawn Rate: 1200
[11:32:44] [Server thread/INFO]: View Distance: 10
[11:32:44] [Server thread/INFO]: Item Merge Radius: 2.5
[11:32:44] [Server thread/INFO]: Item Despawn Rate: 6000
[11:32:44] [Server thread/INFO]: Experience Merge Radius: 3.0
[11:32:44] [Server thread/INFO]: Nerfing mobs spawned from spawners: false
[11:32:44] [Server thread/INFO]: Entity Activation Range: An 32 / Mo 32 / Mi 16 / Tiv true
[11:32:44] [Server thread/INFO]: Entity Tracking Range: Pl 48 / An 48 / Mo 48 / Mi 32 / Other 64
[11:32:44] [Server thread/INFO]: Mob Spawn Range: 4
[11:32:44] [Server thread/INFO]: Cactus Growth Modifier: 100%
[11:32:44] [Server thread/INFO]: Cane Growth Modifier: 100%
[11:32:44] [Server thread/INFO]: Melon Growth Modifier: 100%
[11:32:44] [Server thread/INFO]: Mushroom Growth Modifier: 100%
[11:32:44] [Server thread/INFO]: Pumpkin Growth Modifier: 100%
[11:32:44] [Server thread/INFO]: Sapling Growth Modifier: 100%
[11:32:44] [Server thread/INFO]: Wheat Growth Modifier: 100%
[11:32:44] [Server thread/INFO]: NetherWart Growth Modifier: 100%
[11:32:44] [Server thread/INFO]: Vine Growth Modifier: 100%
[11:32:44] [Server thread/INFO]: Cocoa Growth Modifier: 100%
[11:32:44] [Server thread/INFO]: Preparing start region for level 3 (Seed: -4965634014010693789)
[11:32:44] [Server thread/INFO]: Creating ASkyBlock's Nether...
[11:32:44] [Server thread/INFO]: -------- World Settings For [GCBTeamGCBTeam'sky sever_nether] --------
[11:32:44] [Server thread/INFO]: Max TNT Explosions: 100
[11:32:44] [Server thread/INFO]: Hopper Transfer: 8 Hopper Check: 1 Hopper Amount: 1
[11:32:44] [Server thread/INFO]: Tile Max Tick Time: 50ms Entity max Tick Time: 50ms
[11:32:44] [Server thread/INFO]: Random Lighting Updates: false
[11:32:44] [Server thread/INFO]: Structure Info Saving: true
[11:32:44] [Server thread/INFO]: Custom Map Seeds:  Village: 10387312 Feature: 14357617 Monument: 10387313 Slime: 987234911
[11:32:44] [Server thread/INFO]: Allow Zombie Pigmen to spawn from portal blocks: true
[11:32:44] [Server thread/INFO]: Zombie Aggressive Towards Villager: true
[11:32:44] [Server thread/INFO]: Arrow Despawn Rate: 1200
[11:32:44] [Server thread/INFO]: View Distance: 10
[11:32:44] [Server thread/INFO]: Item Merge Radius: 2.5
[11:32:44] [Server thread/INFO]: Item Despawn Rate: 6000
[11:32:44] [Server thread/INFO]: Experience Merge Radius: 3.0
[11:32:44] [Server thread/INFO]: Nerfing mobs spawned from spawners: false
[11:32:44] [Server thread/INFO]: Entity Activation Range: An 32 / Mo 32 / Mi 16 / Tiv true
[11:32:44] [Server thread/INFO]: Entity Tracking Range: Pl 48 / An 48 / Mo 48 / Mi 32 / Other 64
[11:32:44] [Server thread/INFO]: Mob Spawn Range: 4
[11:32:44] [Server thread/INFO]: Cactus Growth Modifier: 100%
[11:32:44] [Server thread/INFO]: Cane Growth Modifier: 100%
[11:32:44] [Server thread/INFO]: Melon Growth Modifier: 100%
[11:32:44] [Server thread/INFO]: Mushroom Growth Modifier: 100%
[11:32:44] [Server thread/INFO]: Pumpkin Growth Modifier: 100%
[11:32:44] [Server thread/INFO]: Sapling Growth Modifier: 100%
[11:32:44] [Server thread/INFO]: Wheat Growth Modifier: 100%
[11:32:44] [Server thread/INFO]: NetherWart Growth Modifier: 100%
[11:32:44] [Server thread/INFO]: Vine Growth Modifier: 100%
[11:32:44] [Server thread/INFO]: Cocoa Growth Modifier: 100%
[11:32:44] [Server thread/INFO]: Preparing start region for level 4 (Seed: 5283379377064021259)
[11:32:44] [Server thread/INFO]: [LaggRemover] Enabling LaggRemover v2.0.4
[11:32:45] [Server thread/INFO]: 
    __                      ____                                         _    _____
   / /   ____ _____ _____ _/ __ \___  ____ ___  ____ _   _____  _____   | |  / /__ \
  / /   / __ `/ __ `/ __ `/ /_/ / _ \/ __ `__ \/ __ \ | / / _ \/ ___/   | | / /__/ /
 / /___/ /_/ / /_/ / /_/ / _, _/  __/ / / / / / /_/ / |/ /  __/ /       | |/ // __/
/_____/\__,_/\__, /\__, /_/ |_|\___/_/ /_/ /_/\____/|___/\___/_/        |___//____/
            /____//____/

[11:32:45] [Server thread/INFO]: [LaggRemover] Loaded 0 module(s)
[11:32:45] [Server thread/INFO]: [LaggRemover] The LaggRemover AI is now active!
[11:32:45] [Server thread/INFO]: [LaggRemover] LaggRemover has been enabled!
[11:32:45] [Server thread/INFO]: [Essentials] Enabling Essentials v2.0.1-b604
[11:32:45] [Server thread/INFO]: Attempting to convert old kits in config.yml to new kits.yml
[11:32:45] [Server thread/INFO]: No kits found to migrate.
[11:32:45] [Server thread/INFO]: [Essentials] Using 1.8.3+ BlockStateMeta provider as mob spawner provider.
[11:32:45] [Server thread/INFO]: [Essentials] Using Reflection based provider as spawn egg provider.
[11:32:45] [Server thread/INFO]: [Essentials] Using 1.9+ BasePotionData provider as potion meta provider.
[11:32:45] [Server thread/INFO]: Using locale zh_CN
[11:32:45] [Server thread/INFO]: [Essentials] Using Spigot 1.7.10+ ServerListPingEvent iterator
[11:32:45] [Server thread/INFO]: [Essentials] Starting Metrics. Opt-out using the global bStats config.
[11:32:45] [Server thread/INFO]: [Vault][Economy] Essentials Economy hooked.
[11:32:45] [Server thread/INFO]: [Essentials] Using superperms-based permissions.
[11:32:45] [Server thread/INFO]: [EssentialsChat] Enabling EssentialsChat v2.0.1-b604
[11:32:45] [Server thread/INFO]: [EssentialsAntiBuild] Enabling EssentialsAntiBuild v2.0.1-b604
[11:32:45] [Server thread/INFO]: [ViaVersion] Enabling ViaVersion v1.5.2
[11:32:45] [Server thread/INFO]: [EssentialsSpawn] Enabling EssentialsSpawn v2.0.1-b604
[11:32:45] [Server thread/INFO]: [EssentialsXMPP] Enabling EssentialsXMPP v2.0.1-b604
[11:32:45] [Server thread/WARN]: config broken for xmpp
[11:32:45] [Server thread/INFO]: [NeverLag] Enabling NeverLag v1.3.0
[11:32:45] [Server thread/WARN]: [ProtocolLib] [PacketFilterManager] [NeverLag] Unsupported client packet in current Minecraft version: Dynamic-de338e28-b997-4b1d-9bdd-75fe5870c783[LEGACY, CLIENT, -1, classNames: [] (unregistered)]
[11:32:45] [Server thread/INFO]: Server permissions file permissions.yml is empty, ignoring it
[11:32:45] [Server thread/INFO]: Done (4.705s)! For help, type "help" or "?"
[11:32:45] [Server thread/INFO]: [ASkyBlock] Silencing command feedback for Ops...
[11:32:45] [Server thread/INFO]: Game rule sendCommandFeedback has been updated to false
[11:32:45] [Server thread/INFO]: [ASkyBlock] If you do not want this, do /gamerule sendCommandFeedback true
[11:32:45] [Craft Scheduler Thread - 0/WARN]: [Vault] Plugin Vault v1.4.1-b436 generated an exception while executing task 10
java.lang.NoSuchMethodError: org.bukkit.Server.getOnlinePlayers()[Lorg/bukkit/entity/Player;
	at net.milkbowl.vault.Metrics.postPlugin(Metrics.java:387) ~[?:?]
	at net.milkbowl.vault.Metrics.access$400(Metrics.java:63) ~[?:?]
	at net.milkbowl.vault.Metrics$4.run(Metrics.java:275) ~[?:?]
	at org.bukkit.craftbukkit.v1_12_R1.scheduler.CraftTask.run(CraftTask.java:76) ~[spigot-1.12.2-R0.1-SNAPSHOT-b1648.jar:git-Spigot-642f6d2-57ab4cf]
	at org.bukkit.craftbukkit.v1_12_R1.scheduler.CraftAsyncTask.run(CraftAsyncTask.java:52) [spigot-1.12.2-R0.1-SNAPSHOT-b1648.jar:git-Spigot-642f6d2-57ab4cf]
	at java.util.concurrent.ThreadPoolExecutor.runWorker(Unknown Source) [?:1.8.0_171]
	at java.util.concurrent.ThreadPoolExecutor$Worker.run(Unknown Source) [?:1.8.0_171]
	at java.lang.Thread.run(Unknown Source) [?:1.8.0_171]
[11:32:45] [Server thread/INFO]: [ASkyBlock] Checking for new updates...
[11:32:46] [Server thread/INFO]: [ViaVersion] ViaVersion detected server version: 1.12.2(340)
[11:32:46] [Craft Scheduler Thread - 0/INFO]: [Yum] [Yum 网络管理] 插件 SkinsRestorer 尝试访问网络 请注意服务器网络安全!
[11:32:46] [Craft Scheduler Thread - 0/INFO]: [Yum] [Yum 网络管理] 地址: http://api.spiget.org/v2/resources/2124?ut=1549164765997
[11:32:46] [Craft Scheduler Thread - 5/INFO]: [Yum] [Yum 网络管理] 插件 ViaVersion 尝试访问网络 请注意服务器网络安全!
[11:32:46] [Craft Scheduler Thread - 5/INFO]: [Yum] [Yum 网络管理] 地址: http://api.spiget.org/v2/resources/19254/versions/latest?1549164766093
[11:32:46] [Server thread/INFO]: [ASkyBlock] Loading island grid...
[11:32:46] [Server thread/INFO]: [ASkyBlock] Loading islands.yml
[11:32:46] [Server thread/INFO]: [ASkyBlock] Loading warps...
[11:32:46] [Server thread/INFO]: [ASkyBlock] Loading warp panel...
[11:32:46] [Server thread/INFO]: [ASkyBlock] Loading Top Ten
[11:32:46] [Server thread/INFO]: [ASkyBlock] All files loaded. Ready to play...
[11:32:46] [Server thread/INFO]: [ASkyBlock] Metrics loaded.
[11:32:46] [Server thread/INFO]: [Yum] [Yum 能耗监控] 注意! 插件 ASkyBlock 处理 ASkyBlock$1$$Lambda$73/754518915 任务 耗时 150ms 平均耗时 150ms!
[11:32:47] [Craft Scheduler Thread - 1/INFO]: [Yum] [Yum 网络管理] 插件 AdvancedOreGenerator 尝试访问网络 请注意服务器网络安全!
[11:32:47] [Craft Scheduler Thread - 1/INFO]: [Yum] [Yum 网络管理] 地址: https://api.spiget.org/v2/resources/51153/versions?size=1000
[11:32:47] [Server thread/WARN]: [ViaVersion] There is a newer version available: 1.6.0, you're on: 1.5.2
[11:32:47] [Craft Scheduler Thread - 3/INFO]: 仓库: Yum官方仓库 更新成功!
[11:32:47] [Craft Scheduler Thread - 3/INFO]: 仓库: Yum代理仓库 更新成功!
[11:32:47] [Craft Scheduler Thread - 3/INFO]: 仓库: Yum代理仓库 更新成功!
[11:32:47] [Craft Scheduler Thread - 3/INFO]: 仓库: Yum源仓库 更新成功!
[11:32:47] [Craft Scheduler Thread - 3/INFO]: 仓库: Yum收费仓库 更新成功!
[11:32:47] [Craft Scheduler Thread - 3/INFO]: 仓库: MengCraft仓库 更新成功!
[11:32:47] [Craft Scheduler Thread - 3/INFO]: 仓库: SUM香港仓库 更新成功!
[11:32:47] [Craft Scheduler Thread - 0/INFO]: [Yum] [Yum 网络管理] 插件 SkinsRestorer 尝试访问网络 请注意服务器网络安全!
[11:32:47] [Craft Scheduler Thread - 0/INFO]: [Yum] [Yum 网络管理] 地址: http://api.spiget.org/v2/resources/2124/versions/latest?ut=1549164767524
[11:32:47] [Craft Scheduler Thread - 3/INFO]: 仓库: ProtocolLib仓库 更新成功!
[11:32:47] [Craft Scheduler Thread - 3/INFO]: 源: Yum中心源 更新成功!
[11:32:48] [Craft Scheduler Thread - 0/WARN]: [SpigetUpdate] Invalid SemVer versions specified [135-SNAPSHOT] [1352]
[11:32:48] [Craft Scheduler Thread - 0/INFO]: [SkinsRestorer] ----------------------------------------------
[11:32:48] [Craft Scheduler Thread - 0/INFO]: [SkinsRestorer]     +===============+
[11:32:48] [Craft Scheduler Thread - 0/INFO]: [SkinsRestorer]     | SkinsRestorer |
[11:32:48] [Craft Scheduler Thread - 0/INFO]: [SkinsRestorer]     |---------------|
[11:32:48] [Craft Scheduler Thread - 0/INFO]: [SkinsRestorer]     |  Bungee Mode  |
[11:32:48] [Craft Scheduler Thread - 0/INFO]: [SkinsRestorer]     +===============+
[11:32:48] [Craft Scheduler Thread - 0/INFO]: [SkinsRestorer] ----------------------------------------------
[11:32:48] [Craft Scheduler Thread - 0/INFO]: [SkinsRestorer]     Current version: 13.5-SNAPSHOT
[11:32:48] [Craft Scheduler Thread - 0/INFO]: [SkinsRestorer]     This is the latest version!
[11:32:48] [Craft Scheduler Thread - 0/INFO]: [SkinsRestorer] ----------------------------------------------
[11:32:51] [Thread-8/INFO]: [Yum] [Yum 网络管理] 插件 ASkyBlock 尝试访问网络 请注意服务器网络安全!
[11:32:51] [Thread-8/INFO]: [Yum] [Yum 网络管理] 地址: https://servermods.forgesvc.net/servermods/files?projectIds=85189
[11:32:52] [Server thread/INFO]: [ASkyBlock] No update available.
[11:32:52] [Server thread/INFO]: [Yum] [Yum 能耗监控] 注意! 插件 ASkyBlock 处理 com.wasteofplastic.askyblock.ASkyBlock$1$1 任务 耗时 5727ms 平均耗时 2863ms!
[11:32:52] [Server thread/INFO]: [ProtocolLib] The updater found an update, and has readied it to be loaded the next time the server restarts/reloads.
[11:32:55] [Craft Scheduler Thread - 6/INFO]: [Vault] There was an issue attempting to check for the latest version.
[11:32:55] [Craft Scheduler Thread - 6/INFO]: [Vault] Checking for Updates:
[11:32:55] [Craft Scheduler Thread - 6/INFO]: [Vault] No new version available
[11:33:01] [Server thread/INFO]: [Yum] [Yum 能耗监控] 注意! 插件 LaggRemover 处理 drew6017.lr.main.LaggRemover$1 任务 耗时 134ms 平均耗时 134ms!
[11:33:03] [Craft Scheduler Thread - 1/INFO]: [Yum] [Yum 网络管理] 插件 AdvancedOreGenerator 尝试访问网络 请注意服务器网络安全!
[11:33:03] [Craft Scheduler Thread - 1/INFO]: [Yum] [Yum 网络管理] 地址: https://api.spiget.org/v2/resources/51153/updates?size=1000
[11:33:17] [Craft Scheduler Thread - 1/INFO]: [AdvancedOreGenerator] An update has been found!
[11:33:17] [Craft Scheduler Thread - 1/INFO]: [AdvancedOreGenerator] Current version: 1.2.1
[11:33:17] [Craft Scheduler Thread - 1/INFO]: [AdvancedOreGenerator] New version: 1.2.3
[11:33:17] [Craft Scheduler Thread - 1/INFO]: [AdvancedOreGenerator] Description: Error fix
[11:33:17] [Craft Scheduler Thread - 1/INFO]: [AdvancedOreGenerator] Download link: https://www.spigotmc.org/resources/advancedoregenerator.51153/
[11:46:53] [Server thread/INFO]: [服务器娘]地上的掉落物将在 60秒 后清除！
[11:47:23] [Server thread/INFO]: [服务器娘]地上的掉落物将在 30秒 后清除！
[11:47:43] [Server thread/INFO]: [服务器娘]地上的掉落物将在 10秒 后清除！
[11:47:53] [Server thread/INFO]: [服务器娘]哎哟，这次清理了 0个 垃圾，我感觉自己萌萌哒~
[11:47:53] [Craft Scheduler Thread - 10/WARN]: [Vault] Plugin Vault v1.4.1-b436 generated an exception while executing task 10
java.lang.NoSuchMethodError: org.bukkit.Server.getOnlinePlayers()[Lorg/bukkit/entity/Player;
	at net.milkbowl.vault.Metrics.postPlugin(Metrics.java:387) ~[?:?]
	at net.milkbowl.vault.Metrics.access$400(Metrics.java:63) ~[?:?]
	at net.milkbowl.vault.Metrics$4.run(Metrics.java:275) ~[?:?]
	at org.bukkit.craftbukkit.v1_12_R1.scheduler.CraftTask.run(CraftTask.java:76) ~[spigot-1.12.2-R0.1-SNAPSHOT-b1648.jar:git-Spigot-642f6d2-57ab4cf]
	at org.bukkit.craftbukkit.v1_12_R1.scheduler.CraftAsyncTask.run(CraftAsyncTask.java:52) [spigot-1.12.2-R0.1-SNAPSHOT-b1648.jar:git-Spigot-642f6d2-57ab4cf]
	at java.util.concurrent.ThreadPoolExecutor.runWorker(Unknown Source) [?:1.8.0_171]
	at java.util.concurrent.ThreadPoolExecutor$Worker.run(Unknown Source) [?:1.8.0_171]
	at java.lang.Thread.run(Unknown Source) [?:1.8.0_171]
[12:01:54] [Server thread/INFO]: [服务器娘]地上的掉落物将在 60秒 后清除！
[12:02:24] [Server thread/INFO]: [服务器娘]地上的掉落物将在 30秒 后清除！
[12:02:44] [Server thread/INFO]: [服务器娘]地上的掉落物将在 10秒 后清除！
[12:02:54] [Server thread/INFO]: [服务器娘]哎哟，这次清理了 0个 垃圾，我感觉自己萌萌哒~
[12:02:54] [Craft Scheduler Thread - 10/WARN]: [Vault] Plugin Vault v1.4.1-b436 generated an exception while executing task 10
java.lang.NoSuchMethodError: org.bukkit.Server.getOnlinePlayers()[Lorg/bukkit/entity/Player;
	at net.milkbowl.vault.Metrics.postPlugin(Metrics.java:387) ~[?:?]
	at net.milkbowl.vault.Metrics.access$400(Metrics.java:63) ~[?:?]
	at net.milkbowl.vault.Metrics$4.run(Metrics.java:275) ~[?:?]
	at org.bukkit.craftbukkit.v1_12_R1.scheduler.CraftTask.run(CraftTask.java:76) ~[spigot-1.12.2-R0.1-SNAPSHOT-b1648.jar:git-Spigot-642f6d2-57ab4cf]
	at org.bukkit.craftbukkit.v1_12_R1.scheduler.CraftAsyncTask.run(CraftAsyncTask.java:52) [spigot-1.12.2-R0.1-SNAPSHOT-b1648.jar:git-Spigot-642f6d2-57ab4cf]
	at java.util.concurrent.ThreadPoolExecutor.runWorker(Unknown Source) [?:1.8.0_171]
	at java.util.concurrent.ThreadPoolExecutor$Worker.run(Unknown Source) [?:1.8.0_171]
	at java.lang.Thread.run(Unknown Source) [?:1.8.0_171]
[12:16:55] [Server thread/INFO]: [服务器娘]地上的掉落物将在 60秒 后清除！
[12:17:25] [Server thread/INFO]: [服务器娘]地上的掉落物将在 30秒 后清除！
[12:17:45] [Server thread/INFO]: [服务器娘]地上的掉落物将在 10秒 后清除！
[12:17:55] [Server thread/INFO]: [服务器娘]哎哟，这次清理了 0个 垃圾，我感觉自己萌萌哒~
[12:17:56] [Craft Scheduler Thread - 17/WARN]: [Vault] Plugin Vault v1.4.1-b436 generated an exception while executing task 10
java.lang.NoSuchMethodError: org.bukkit.Server.getOnlinePlayers()[Lorg/bukkit/entity/Player;
	at net.milkbowl.vault.Metrics.postPlugin(Metrics.java:387) ~[?:?]
	at net.milkbowl.vault.Metrics.access$400(Metrics.java:63) ~[?:?]
	at net.milkbowl.vault.Metrics$4.run(Metrics.java:275) ~[?:?]
	at org.bukkit.craftbukkit.v1_12_R1.scheduler.CraftTask.run(CraftTask.java:76) ~[spigot-1.12.2-R0.1-SNAPSHOT-b1648.jar:git-Spigot-642f6d2-57ab4cf]
	at org.bukkit.craftbukkit.v1_12_R1.scheduler.CraftAsyncTask.run(CraftAsyncTask.java:52) [spigot-1.12.2-R0.1-SNAPSHOT-b1648.jar:git-Spigot-642f6d2-57ab4cf]
	at java.util.concurrent.ThreadPoolExecutor.runWorker(Unknown Source) [?:1.8.0_171]
	at java.util.concurrent.ThreadPoolExecutor$Worker.run(Unknown Source) [?:1.8.0_171]
	at java.lang.Thread.run(Unknown Source) [?:1.8.0_171]
[12:31:57] [Server thread/INFO]: [服务器娘]地上的掉落物将在 60秒 后清除！
[12:32:27] [Server thread/INFO]: [服务器娘]地上的掉落物将在 30秒 后清除！
[12:32:47] [Server thread/INFO]: [服务器娘]地上的掉落物将在 10秒 后清除！
[12:32:57] [Server thread/INFO]: [服务器娘]哎哟，这次清理了 0个 垃圾，我感觉自己萌萌哒~
[12:32:57] [Craft Scheduler Thread - 14/WARN]: [Vault] Plugin Vault v1.4.1-b436 generated an exception while executing task 10
java.lang.NoSuchMethodError: org.bukkit.Server.getOnlinePlayers()[Lorg/bukkit/entity/Player;
	at net.milkbowl.vault.Metrics.postPlugin(Metrics.java:387) ~[?:?]
	at net.milkbowl.vault.Metrics.access$400(Metrics.java:63) ~[?:?]
	at net.milkbowl.vault.Metrics$4.run(Metrics.java:275) ~[?:?]
	at org.bukkit.craftbukkit.v1_12_R1.scheduler.CraftTask.run(CraftTask.java:76) ~[spigot-1.12.2-R0.1-SNAPSHOT-b1648.jar:git-Spigot-642f6d2-57ab4cf]
	at org.bukkit.craftbukkit.v1_12_R1.scheduler.CraftAsyncTask.run(CraftAsyncTask.java:52) [spigot-1.12.2-R0.1-SNAPSHOT-b1648.jar:git-Spigot-642f6d2-57ab4cf]
	at java.util.concurrent.ThreadPoolExecutor.runWorker(Unknown Source) [?:1.8.0_171]
	at java.util.concurrent.ThreadPoolExecutor$Worker.run(Unknown Source) [?:1.8.0_171]
	at java.lang.Thread.run(Unknown Source) [?:1.8.0_171]
[12:46:58] [Server thread/INFO]: [服务器娘]地上的掉落物将在 60秒 后清除！
[12:47:28] [Server thread/INFO]: [服务器娘]地上的掉落物将在 30秒 后清除！
[12:47:48] [Server thread/INFO]: [服务器娘]地上的掉落物将在 10秒 后清除！
[12:47:58] [Server thread/INFO]: [服务器娘]哎哟，这次清理了 0个 垃圾，我感觉自己萌萌哒~
[12:47:59] [Craft Scheduler Thread - 19/WARN]: [Vault] Plugin Vault v1.4.1-b436 generated an exception while executing task 10
java.lang.NoSuchMethodError: org.bukkit.Server.getOnlinePlayers()[Lorg/bukkit/entity/Player;
	at net.milkbowl.vault.Metrics.postPlugin(Metrics.java:387) ~[?:?]
	at net.milkbowl.vault.Metrics.access$400(Metrics.java:63) ~[?:?]
	at net.milkbowl.vault.Metrics$4.run(Metrics.java:275) ~[?:?]
	at org.bukkit.craftbukkit.v1_12_R1.scheduler.CraftTask.run(CraftTask.java:76) ~[spigot-1.12.2-R0.1-SNAPSHOT-b1648.jar:git-Spigot-642f6d2-57ab4cf]
	at org.bukkit.craftbukkit.v1_12_R1.scheduler.CraftAsyncTask.run(CraftAsyncTask.java:52) [spigot-1.12.2-R0.1-SNAPSHOT-b1648.jar:git-Spigot-642f6d2-57ab4cf]
	at java.util.concurrent.ThreadPoolExecutor.runWorker(Unknown Source) [?:1.8.0_171]
	at java.util.concurrent.ThreadPoolExecutor$Worker.run(Unknown Source) [?:1.8.0_171]
	at java.lang.Thread.run(Unknown Source) [?:1.8.0_171]
[13:02:00] [Server thread/INFO]: [服务器娘]地上的掉落物将在 60秒 后清除！
[13:02:30] [Server thread/INFO]: [服务器娘]地上的掉落物将在 30秒 后清除！
[13:02:50] [Server thread/INFO]: [服务器娘]地上的掉落物将在 10秒 后清除！
[13:03:00] [Server thread/INFO]: [服务器娘]哎哟，这次清理了 0个 垃圾，我感觉自己萌萌哒~
[13:03:00] [Craft Scheduler Thread - 22/WARN]: [Vault] Plugin Vault v1.4.1-b436 generated an exception while executing task 10
java.lang.NoSuchMethodError: org.bukkit.Server.getOnlinePlayers()[Lorg/bukkit/entity/Player;
	at net.milkbowl.vault.Metrics.postPlugin(Metrics.java:387) ~[?:?]
	at net.milkbowl.vault.Metrics.access$400(Metrics.java:63) ~[?:?]
	at net.milkbowl.vault.Metrics$4.run(Metrics.java:275) ~[?:?]
	at org.bukkit.craftbukkit.v1_12_R1.scheduler.CraftTask.run(CraftTask.java:76) ~[spigot-1.12.2-R0.1-SNAPSHOT-b1648.jar:git-Spigot-642f6d2-57ab4cf]
	at org.bukkit.craftbukkit.v1_12_R1.scheduler.CraftAsyncTask.run(CraftAsyncTask.java:52) [spigot-1.12.2-R0.1-SNAPSHOT-b1648.jar:git-Spigot-642f6d2-57ab4cf]
	at java.util.concurrent.ThreadPoolExecutor.runWorker(Unknown Source) [?:1.8.0_171]
	at java.util.concurrent.ThreadPoolExecutor$Worker.run(Unknown Source) [?:1.8.0_171]
	at java.lang.Thread.run(Unknown Source) [?:1.8.0_171]
[13:17:01] [Server thread/INFO]: [服务器娘]地上的掉落物将在 60秒 后清除！
[13:17:31] [Server thread/INFO]: [服务器娘]地上的掉落物将在 30秒 后清除！
[13:17:51] [Server thread/INFO]: [服务器娘]地上的掉落物将在 10秒 后清除！
[13:18:01] [Server thread/INFO]: [服务器娘]哎哟，这次清理了 0个 垃圾，我感觉自己萌萌哒~
[13:18:01] [Craft Scheduler Thread - 28/WARN]: [Vault] Plugin Vault v1.4.1-b436 generated an exception while executing task 10
java.lang.NoSuchMethodError: org.bukkit.Server.getOnlinePlayers()[Lorg/bukkit/entity/Player;
	at net.milkbowl.vault.Metrics.postPlugin(Metrics.java:387) ~[?:?]
	at net.milkbowl.vault.Metrics.access$400(Metrics.java:63) ~[?:?]
	at net.milkbowl.vault.Metrics$4.run(Metrics.java:275) ~[?:?]
	at org.bukkit.craftbukkit.v1_12_R1.scheduler.CraftTask.run(CraftTask.java:76) ~[spigot-1.12.2-R0.1-SNAPSHOT-b1648.jar:git-Spigot-642f6d2-57ab4cf]
	at org.bukkit.craftbukkit.v1_12_R1.scheduler.CraftAsyncTask.run(CraftAsyncTask.java:52) [spigot-1.12.2-R0.1-SNAPSHOT-b1648.jar:git-Spigot-642f6d2-57ab4cf]
	at java.util.concurrent.ThreadPoolExecutor.runWorker(Unknown Source) [?:1.8.0_171]
	at java.util.concurrent.ThreadPoolExecutor$Worker.run(Unknown Source) [?:1.8.0_171]
	at java.lang.Thread.run(Unknown Source) [?:1.8.0_171]
[13:27:55] [LoginProcessingThread/INFO]: UUID of player YuukiSkniro is c32ab6d0-8673-47c8-b2a3-7df48ce221f4
[13:27:56] [Server thread/WARN]: Invalid statistic in .\world\stats\c32ab6d0-8673-47c8-b2a3-7df48ce221f4.json: Don't know what achievement.exploreAllBiomes is
[13:27:56] [Server thread/WARN]: Invalid statistic in .\world\stats\c32ab6d0-8673-47c8-b2a3-7df48ce221f4.json: Don't know what achievement.openInventory is
[13:27:56] [Server thread/INFO]: is leader = false
[13:27:56] [Server thread/INFO]: [Essentials] Found new UUID for YuukiSkniro. Replacing 9fa3a992-90a2-3e98-8124-1c0a3159b2d0 with c32ab6d0-8673-47c8-b2a3-7df48ce221f4
[13:27:56] [Server thread/INFO]: [Yum] [Yum 能耗监控] 注意! 插件 EssentialsXMPP 处理 PlayerJoinEvent 事件 耗时 39ms 平均耗时 39ms!
[13:27:56] [Server thread/INFO]: YuukiSkniro[/127.0.0.1:59000] logged in with entity id 358 at ([GCBTeamGCBTeam'sky sever]0.9454193876973536, 120.875, 1.732643720272827)
[13:27:56] [Craft Scheduler Thread - 32/INFO]: [Yum] [Yum 网络管理] 插件 ViaVersion 尝试访问网络 请注意服务器网络安全!
[13:27:56] [Craft Scheduler Thread - 32/INFO]: [Yum] [Yum 网络管理] 地址: http://api.spiget.org/v2/resources/19254/versions/latest?1549171676195
[13:27:56] [Server thread/WARN]: [Essentials] Task #86 for Essentials v2.0.1-b604 generated an exception
java.lang.NullPointerException: null
	at com.earth2me.essentials.xmpp.XMPPManager.updatePresence(XMPPManager.java:148) ~[?:?]
	at com.earth2me.essentials.xmpp.EssentialsXMPP.updatePresence(EssentialsXMPP.java:109) ~[?:?]
	at com.earth2me.essentials.xmpp.EssentialsXMPPPlayerListener$1.run(EssentialsXMPPPlayerListener.java:31) ~[?:?]
	at org.bukkit.craftbukkit.v1_12_R1.scheduler.CraftTask.run(CraftTask.java:76) ~[spigot-1.12.2-R0.1-SNAPSHOT-b1648.jar:git-Spigot-642f6d2-57ab4cf]
	at org.bukkit.craftbukkit.v1_12_R1.scheduler.CraftScheduler.mainThreadHeartbeat(CraftScheduler.java:361) [spigot-1.12.2-R0.1-SNAPSHOT-b1648.jar:git-Spigot-642f6d2-57ab4cf]
	at net.minecraft.server.v1_12_R1.MinecraftServer.D(MinecraftServer.java:739) [spigot-1.12.2-R0.1-SNAPSHOT-b1648.jar:git-Spigot-642f6d2-57ab4cf]
	at net.minecraft.server.v1_12_R1.DedicatedServer.D(DedicatedServer.java:406) [spigot-1.12.2-R0.1-SNAPSHOT-b1648.jar:git-Spigot-642f6d2-57ab4cf]
	at net.minecraft.server.v1_12_R1.MinecraftServer.C(MinecraftServer.java:679) [spigot-1.12.2-R0.1-SNAPSHOT-b1648.jar:git-Spigot-642f6d2-57ab4cf]
	at net.minecraft.server.v1_12_R1.MinecraftServer.run(MinecraftServer.java:577) [spigot-1.12.2-R0.1-SNAPSHOT-b1648.jar:git-Spigot-642f6d2-57ab4cf]
	at java.lang.Thread.run(Unknown Source) [?:1.8.0_171]
[13:28:00] [Server thread/INFO]: YuukiSkniro lost connection: Disconnected
[13:28:00] [Server thread/INFO]: YuukiSkniro left the game
[13:28:00] [Server thread/WARN]: [Essentials] Task #91 for Essentials v2.0.1-b604 generated an exception
java.lang.NullPointerException: null
	at com.earth2me.essentials.xmpp.XMPPManager.updatePresence(XMPPManager.java:144) ~[?:?]
	at com.earth2me.essentials.xmpp.EssentialsXMPP.updatePresence(EssentialsXMPP.java:109) ~[?:?]
	at com.earth2me.essentials.xmpp.EssentialsXMPPPlayerListener$2.run(EssentialsXMPPPlayerListener.java:51) ~[?:?]
	at org.bukkit.craftbukkit.v1_12_R1.scheduler.CraftTask.run(CraftTask.java:76) ~[spigot-1.12.2-R0.1-SNAPSHOT-b1648.jar:git-Spigot-642f6d2-57ab4cf]
	at org.bukkit.craftbukkit.v1_12_R1.scheduler.CraftScheduler.mainThreadHeartbeat(CraftScheduler.java:361) [spigot-1.12.2-R0.1-SNAPSHOT-b1648.jar:git-Spigot-642f6d2-57ab4cf]
	at net.minecraft.server.v1_12_R1.MinecraftServer.D(MinecraftServer.java:739) [spigot-1.12.2-R0.1-SNAPSHOT-b1648.jar:git-Spigot-642f6d2-57ab4cf]
	at net.minecraft.server.v1_12_R1.DedicatedServer.D(DedicatedServer.java:406) [spigot-1.12.2-R0.1-SNAPSHOT-b1648.jar:git-Spigot-642f6d2-57ab4cf]
	at net.minecraft.server.v1_12_R1.MinecraftServer.C(MinecraftServer.java:679) [spigot-1.12.2-R0.1-SNAPSHOT-b1648.jar:git-Spigot-642f6d2-57ab4cf]
	at net.minecraft.server.v1_12_R1.MinecraftServer.run(MinecraftServer.java:577) [spigot-1.12.2-R0.1-SNAPSHOT-b1648.jar:git-Spigot-642f6d2-57ab4cf]
	at java.lang.Thread.run(Unknown Source) [?:1.8.0_171]
