[2018-09-16 19:04:29][пео╒   ] Creating thread pool(Size:8)... [0m 
[2018-09-16 19:04:29][пео╒   ] This is a development build. It may contain bugs. Do not use on production.[0m 
[2018-09-16 19:04:29][пео╒   ] Starting up DragonProxy, version: 0.3.4.6-SNAPSHOT (276ad68) ... [0m 
[2018-09-16 19:04:30][пео╒   ] Supported version of Minecraft PC/Mac: 1.12.2[0m 
[2018-09-16 19:04:30][пео╒   ] Supported version of Minecraft: Pocket/Windows 10 Edition: v1.5.0[0m 
[2018-09-16 19:04:30][пео╒   ] Java version : 1.8.0_171[0m 
[2018-09-16 19:04:30][пео╒   ] System arch : amd64[0m 
[2018-09-16 19:04:30][пео╒   ] System os : Windows 10 10.0[0m 
[2018-09-16 19:04:30][пео╒   ] 19:04:30 [INFO ] org.pf4j.DefaultPluginStatusProvider -> Enabled plugins: []
 
[2018-09-16 19:04:30][пео╒   ] 19:04:30 [INFO ] org.pf4j.DefaultPluginStatusProvider -> Disabled plugins: []
 
[2018-09-16 19:04:30][пео╒   ] 19:04:30 [INFO ] org.pf4j.DefaultPluginManager -> PF4J version 0.0.0 in 'deployment' mode
 
[2018-09-16 19:04:30][пео╒   ] Loaded sound translates: 499[0m 
[2018-09-16 19:04:30][пео╒   ] 19:04:30 [INFO ] org.pf4j.AbstractPluginManager -> No plugins
 
[2018-09-16 19:04:30][пео╒   ] Binding on 0.0.0.0:19132 ... [0m 
[2018-09-16 19:04:30][пео╒   ] The proxy has started! [0m 
[2018-09-16 19:06:03][пео╒   ] [Console] Executing command: stop[0m 
[2018-09-16 19:06:03][пео╒   ] Shutting down DragonProxy...[0m 
[2018-09-16 19:08:36][пео╒   ] Creating thread pool(Size:8)... [0m 
[2018-09-16 19:08:36][пео╒   ] This is a development build. It may contain bugs. Do not use on production.[0m 
[2018-09-16 19:08:36][пео╒   ] Starting up DragonProxy, version: 0.3.4.6-SNAPSHOT (276ad68) ... [0m 
[2018-09-16 19:08:36][пео╒   ] Supported version of Minecraft PC/Mac: 1.12.2[0m 
[2018-09-16 19:08:36][пео╒   ] Supported version of Minecraft: Pocket/Windows 10 Edition: v1.5.0[0m 
[2018-09-16 19:08:36][пео╒   ] Java version : 1.8.0_171[0m 
[2018-09-16 19:08:36][пео╒   ] System arch : amd64[0m 
[2018-09-16 19:08:36][пео╒   ] System os : Windows 10 10.0[0m 
[2018-09-16 19:08:36][пео╒   ] 19:08:36 [INFO ] org.pf4j.DefaultPluginStatusProvider -> Enabled plugins: []
 
[2018-09-16 19:08:36][пео╒   ] 19:08:36 [INFO ] org.pf4j.DefaultPluginStatusProvider -> Disabled plugins: []
 
[2018-09-16 19:08:36][пео╒   ] 19:08:36 [INFO ] org.pf4j.DefaultPluginManager -> PF4J version 0.0.0 in 'deployment' mode
 
[2018-09-16 19:08:36][пео╒   ] Loaded sound translates: 499[0m 
[2018-09-16 19:08:36][пео╒   ] 19:08:36 [INFO ] org.pf4j.AbstractPluginManager -> No plugins
 
[2018-09-16 19:08:36][пео╒   ] Binding on 0.0.0.0:19132 ... [0m 
[2018-09-16 19:08:37][пео╒   ] The proxy has started! [0m 
[2018-09-16 19:12:27][пео╒   ] Creating thread pool(Size:8)... [0m 
[2018-09-16 19:12:27][пео╒   ] This is a development build. It may contain bugs. Do not use on production.[0m 
[2018-09-16 19:12:27][пео╒   ] Starting up DragonProxy, version: 0.3.4.6-SNAPSHOT (276ad68) ... [0m 
[2018-09-16 19:12:27][пео╒   ] Supported version of Minecraft PC/Mac: 1.12.2[0m 
[2018-09-16 19:12:27][пео╒   ] Supported version of Minecraft: Pocket/Windows 10 Edition: v1.5.0[0m 
[2018-09-16 19:12:27][пео╒   ] Java version : 1.8.0_171[0m 
[2018-09-16 19:12:27][пео╒   ] System arch : amd64[0m 
[2018-09-16 19:12:27][пео╒   ] System os : Windows 10 10.0[0m 
[2018-09-16 19:12:27][пео╒   ] 19:12:27 [INFO ] org.pf4j.DefaultPluginStatusProvider -> Enabled plugins: []
 
[2018-09-16 19:12:27][пео╒   ] 19:12:27 [INFO ] org.pf4j.DefaultPluginStatusProvider -> Disabled plugins: []
 
[2018-09-16 19:12:27][пео╒   ] 19:12:27 [INFO ] org.pf4j.DefaultPluginManager -> PF4J version 0.0.0 in 'deployment' mode
 
[2018-09-16 19:12:27][пео╒   ] Loaded sound translates: 499[0m 
[2018-09-16 19:12:27][пео╒   ] 19:12:27 [INFO ] org.pf4j.AbstractPluginManager -> No plugins
 
[2018-09-16 19:12:27][пео╒   ] Binding on 0.0.0.0:19132 ... [0m 
[2018-09-16 19:12:28][пео╒   ] The proxy has started! [0m 
[2018-09-16 19:13:02][пео╒   ] [Console] Executing command: [0m 
[2018-09-16 19:13:02][╬╞╦Ф   ] [31;1mCommand not found![0m 
[2018-09-16 19:13:02][пео╒   ] [Console] Executing command: [0m 
[2018-09-16 19:13:02][╬╞╦Ф   ] [31;1mCommand not found![0m 
[2018-09-16 19:13:03][пео╒   ] [Console] Executing command: [0m 
[2018-09-16 19:13:03][╬╞╦Ф   ] [31;1mCommand not found![0m 
[2018-09-16 19:13:03][пео╒   ] [Console] Executing command: [0m 
[2018-09-16 19:13:03][╬╞╦Ф   ] [31;1mCommand not found![0m 
[2018-09-16 19:13:03][пео╒   ] [Console] Executing command: [0m 
[2018-09-16 19:13:03][╬╞╦Ф   ] [31;1mCommand not found![0m 
[2018-09-16 19:13:06][пео╒   ] [Console] Executing command: help[0m 
[2018-09-16 19:13:06][пео╒   ] [32;1m----[ All commands for DragonProxy ]----[0m 
[2018-09-16 19:13:06][пео╒   ] [0;32mcache: [37;1mCache command, display cached objects info[0m 
[2018-09-16 19:13:06][пео╒   ] [0;32mhelp: [37;1mDisplays commands for DragonProxy[0m 
[2018-09-16 19:13:06][пео╒   ] [0;32mkill: [37;1mForcefully kill the proxy[0m 
[2018-09-16 19:13:06][пео╒   ] [0;32mstop: [37;1mStop the proxy[0m 
[2018-09-16 19:13:06][пео╒   ] [0;32mtest: [37;1m[0m 
[2018-09-16 19:13:06][пео╒   ] [0;32mtimings: [37;1mTimings command (start / stop / paste / history)[0m 
[2018-09-16 19:14:58][пео╒   ] Creating thread pool(Size:8)... [0m 
[2018-09-16 19:14:58][пео╒   ] This is a development build. It may contain bugs. Do not use on production.[0m 
[2018-09-16 19:14:58][пео╒   ] Starting up DragonProxy, version: 0.3.4.6-SNAPSHOT (276ad68) ... [0m 
[2018-09-16 19:14:58][пео╒   ] Supported version of Minecraft PC/Mac: 1.12.2[0m 
[2018-09-16 19:14:58][пео╒   ] Supported version of Minecraft: Pocket/Windows 10 Edition: v1.5.0[0m 
[2018-09-16 19:14:58][пео╒   ] Java version : 1.8.0_171[0m 
[2018-09-16 19:14:58][пео╒   ] System arch : amd64[0m 
[2018-09-16 19:14:58][пео╒   ] System os : Windows 10 10.0[0m 
[2018-09-16 19:14:59][пео╒   ] 19:14:59 [INFO ] org.pf4j.DefaultPluginStatusProvider -> Enabled plugins: []
 
[2018-09-16 19:14:59][пео╒   ] 19:14:59 [INFO ] org.pf4j.DefaultPluginStatusProvider -> Disabled plugins: []
 
[2018-09-16 19:14:59][пео╒   ] 19:14:59 [INFO ] org.pf4j.DefaultPluginManager -> PF4J version 0.0.0 in 'deployment' mode
 
[2018-09-16 19:14:59][пео╒   ] Loaded sound translates: 499[0m 
[2018-09-16 19:14:59][пео╒   ] 19:14:59 [INFO ] org.pf4j.AbstractPluginManager -> No plugins
 
[2018-09-16 19:14:59][пео╒   ] Binding on 0.0.0.0:19132 ... [0m 
[2018-09-16 19:14:59][пео╒   ] The proxy has started! [0m 
[2018-09-16 19:15:01][пео╒   ] [Console] Executing command: [0m 
[2018-09-16 19:15:01][╬╞╦Ф   ] [31;1mCommand not found![0m 
[2018-09-16 19:15:01][пео╒   ] [Console] Executing command: [0m 
[2018-09-16 19:15:01][╬╞╦Ф   ] [31;1mCommand not found![0m 
[2018-09-16 19:15:01][пео╒   ] [Console] Executing command: [0m 
[2018-09-16 19:15:01][╬╞╦Ф   ] [31;1mCommand not found![0m 
[2018-09-16 19:16:44][пео╒   ] Creating thread pool(Size:8)... [0m 
[2018-09-16 19:16:44][пео╒   ] This is a development build. It may contain bugs. Do not use on production.[0m 
[2018-09-16 19:16:44][пео╒   ] Starting up DragonProxy, version: 0.3.4.6-SNAPSHOT (276ad68) ... [0m 
[2018-09-16 19:16:44][пео╒   ] Supported version of Minecraft PC/Mac: 1.12.2[0m 
[2018-09-16 19:16:44][пео╒   ] Supported version of Minecraft: Pocket/Windows 10 Edition: v1.5.0[0m 
[2018-09-16 19:16:44][пео╒   ] Java version : 1.8.0_171[0m 
[2018-09-16 19:16:44][пео╒   ] System arch : amd64[0m 
[2018-09-16 19:16:44][пео╒   ] System os : Windows 10 10.0[0m 
[2018-09-16 19:16:45][пео╒   ] 19:16:45 [INFO ] org.pf4j.DefaultPluginStatusProvider -> Enabled plugins: []
 
[2018-09-16 19:16:45][пео╒   ] 19:16:45 [INFO ] org.pf4j.DefaultPluginStatusProvider -> Disabled plugins: []
 
[2018-09-16 19:16:45][пео╒   ] 19:16:45 [INFO ] org.pf4j.DefaultPluginManager -> PF4J version 0.0.0 in 'deployment' mode
 
[2018-09-16 19:16:45][пео╒   ] Loaded sound translates: 499[0m 
[2018-09-16 19:16:45][пео╒   ] 19:16:45 [INFO ] org.pf4j.AbstractPluginManager -> No plugins
 
[2018-09-16 19:16:45][пео╒   ] Binding on 0.0.0.0:19132 ... [0m 
[2018-09-16 19:16:45][пео╒   ] The proxy has started! [0m 
[2018-09-16 19:16:46][пео╒   ] [Console] Executing command: [0m 
[2018-09-16 19:16:46][╬╞╦Ф   ] [31;1mCommand not found![0m 
[2018-09-16 19:16:47][пео╒   ] [Console] Executing command: [0m 
[2018-09-16 19:16:47][╬╞╦Ф   ] [31;1mCommand not found![0m 
[2018-09-16 19:16:47][пео╒   ] [Console] Executing command: [0m 
[2018-09-16 19:16:47][╬╞╦Ф   ] [31;1mCommand not found![0m 
[2018-09-16 19:16:59][пео╒   ] [Console] Executing command: [0m 
[2018-09-16 19:16:59][╬╞╦Ф   ] [31;1mCommand not found![0m 
[2018-09-16 19:16:59][пео╒   ] [Console] Executing command: [0m 
[2018-09-16 19:16:59][╬╞╦Ф   ] [31;1mCommand not found![0m 
