[11:32:58] [Server thread/INFO]: Starting minecraft server version 1.13.1
[11:32:58] [Server thread/WARN]: To start the server with more ram, launch it as "java -Xmx1024M -Xms1024M -jar minecraft_server.jar"
[11:32:58] [Server thread/INFO]: Loading properties
[11:32:58] [Server thread/INFO]: Default game type: SURVIVAL
[11:32:58] [Server thread/INFO]: This server is running CraftBukkit version git-Spigot-f6a273b-6a0c4e1 (MC: 1.13.1) (Implementing API version 1.13.1-R0.1-SNAPSHOT)
[11:32:58] [Server thread/INFO]: Debug logging is disabled
[11:32:58] [Server thread/INFO]: Using 4 threads for Netty based IO
[11:32:58] [Server thread/INFO]: Server Ping Player Sample Count: 12
[11:32:58] [Server thread/INFO]: Generating keypair
[11:32:58] [Server thread/INFO]: Starting Minecraft server on 127.0.0.1:25002
[11:32:58] [Server thread/INFO]: Using default channel type
[11:33:00] [Server thread/WARN]: **** SERVER IS RUNNING IN OFFLINE/INSECURE MODE!
[11:33:00] [Server thread/WARN]: The server will make no attempt to authenticate usernames. Beware.
[11:33:00] [Server thread/WARN]: Whilst this makes it possible to use BungeeCord, unless access to your server is properly restricted, it also opens up the ability for hackers to connect with any username they choose.
[11:33:00] [Server thread/WARN]: Please see http://www.spigotmc.org/wiki/firewall-guide/ for further information.
[11:33:00] [Server thread/WARN]: To change this, set "online-mode" to "true" in the server.properties file.
[11:33:00] [Server thread/INFO]: **** Beginning UUID conversion, this may take A LONG time ****
[11:33:00] [Server thread/INFO]: Preparing level "world"
[11:33:00] [Server thread/INFO]: Reloading ResourceManager: Default, bukkit
[11:33:00] [Server thread/INFO]: Loaded 524 recipes
[11:33:02] [Server thread/INFO]: -------- World Settings For [world] --------
[11:33:02] [Server thread/INFO]: Experience Merge Radius: 3.0
[11:33:02] [Server thread/INFO]: Arrow Despawn Rate: 1200
[11:33:02] [Server thread/INFO]: View Distance: 10
[11:33:02] [Server thread/INFO]: Allow Zombie Pigmen to spawn from portal blocks: true
[11:33:02] [Server thread/INFO]: Entity Activation Range: An 32 / Mo 32 / Mi 16 / Tiv true
[11:33:02] [Server thread/INFO]: Mob Spawn Range: 4
[11:33:02] [Server thread/INFO]: Cactus Growth Modifier: 100%
[11:33:02] [Server thread/INFO]: Cane Growth Modifier: 100%
[11:33:02] [Server thread/INFO]: Melon Growth Modifier: 100%
[11:33:02] [Server thread/INFO]: Mushroom Growth Modifier: 100%
[11:33:02] [Server thread/INFO]: Pumpkin Growth Modifier: 100%
[11:33:02] [Server thread/INFO]: Sapling Growth Modifier: 100%
[11:33:02] [Server thread/INFO]: Wheat Growth Modifier: 100%
[11:33:02] [Server thread/INFO]: NetherWart Growth Modifier: 100%
[11:33:02] [Server thread/INFO]: Vine Growth Modifier: 100%
[11:33:02] [Server thread/INFO]: Cocoa Growth Modifier: 100%
[11:33:02] [Server thread/INFO]: Entity Tracking Range: Pl 48 / An 48 / Mo 48 / Mi 32 / Other 64
[11:33:02] [Server thread/INFO]: Hopper Transfer: 8 Hopper Check: 1 Hopper Amount: 1
[11:33:02] [Server thread/INFO]: Max TNT Explosions: 100
[11:33:02] [Server thread/INFO]: Tile Max Tick Time: 50ms Entity max Tick Time: 50ms
[11:33:02] [Server thread/INFO]: Random Lighting Updates: false
[11:33:02] [Server thread/INFO]: Item Despawn Rate: 6000
[11:33:02] [Server thread/INFO]: Item Merge Radius: 2.5
[11:33:02] [Server thread/INFO]: Nerfing mobs spawned from spawners: false
[11:33:02] [Server thread/INFO]: Zombie Aggressive Towards Villager: true
[11:33:02] [Server thread/INFO]: Custom Map Seeds:  Village: 10387312 Desert: 14357617 Igloo: 14357618 Jungle: 14357619 Swamp: 14357620 Monument: 10387313Ocean: 14357621 Shipwreck: 165745295 Slime: 987234911
[11:33:02] [Server thread/INFO]: -------- World Settings For [world_nether] --------
[11:33:02] [Server thread/INFO]: Experience Merge Radius: 3.0
[11:33:02] [Server thread/INFO]: Arrow Despawn Rate: 1200
[11:33:02] [Server thread/INFO]: View Distance: 10
[11:33:02] [Server thread/INFO]: Allow Zombie Pigmen to spawn from portal blocks: true
[11:33:02] [Server thread/INFO]: Entity Activation Range: An 32 / Mo 32 / Mi 16 / Tiv true
[11:33:02] [Server thread/INFO]: Mob Spawn Range: 4
[11:33:02] [Server thread/INFO]: Cactus Growth Modifier: 100%
[11:33:02] [Server thread/INFO]: Cane Growth Modifier: 100%
[11:33:02] [Server thread/INFO]: Melon Growth Modifier: 100%
[11:33:02] [Server thread/INFO]: Mushroom Growth Modifier: 100%
[11:33:02] [Server thread/INFO]: Pumpkin Growth Modifier: 100%
[11:33:02] [Server thread/INFO]: Sapling Growth Modifier: 100%
[11:33:02] [Server thread/INFO]: Wheat Growth Modifier: 100%
[11:33:02] [Server thread/INFO]: NetherWart Growth Modifier: 100%
[11:33:02] [Server thread/INFO]: Vine Growth Modifier: 100%
[11:33:02] [Server thread/INFO]: Cocoa Growth Modifier: 100%
[11:33:02] [Server thread/INFO]: Entity Tracking Range: Pl 48 / An 48 / Mo 48 / Mi 32 / Other 64
[11:33:02] [Server thread/INFO]: Hopper Transfer: 8 Hopper Check: 1 Hopper Amount: 1
[11:33:02] [Server thread/INFO]: Max TNT Explosions: 100
[11:33:02] [Server thread/INFO]: Tile Max Tick Time: 50ms Entity max Tick Time: 50ms
[11:33:02] [Server thread/INFO]: Random Lighting Updates: false
[11:33:02] [Server thread/INFO]: Item Despawn Rate: 6000
[11:33:02] [Server thread/INFO]: Item Merge Radius: 2.5
[11:33:02] [Server thread/INFO]: Nerfing mobs spawned from spawners: false
[11:33:02] [Server thread/INFO]: Zombie Aggressive Towards Villager: true
[11:33:02] [Server thread/INFO]: Custom Map Seeds:  Village: 10387312 Desert: 14357617 Igloo: 14357618 Jungle: 14357619 Swamp: 14357620 Monument: 10387313Ocean: 14357621 Shipwreck: 165745295 Slime: 987234911
[11:33:02] [Server thread/INFO]: -------- World Settings For [world_the_end] --------
[11:33:02] [Server thread/INFO]: Experience Merge Radius: 3.0
[11:33:02] [Server thread/INFO]: Arrow Despawn Rate: 1200
[11:33:02] [Server thread/INFO]: View Distance: 10
[11:33:02] [Server thread/INFO]: Allow Zombie Pigmen to spawn from portal blocks: true
[11:33:02] [Server thread/INFO]: Entity Activation Range: An 32 / Mo 32 / Mi 16 / Tiv true
[11:33:02] [Server thread/INFO]: Mob Spawn Range: 4
[11:33:02] [Server thread/INFO]: Cactus Growth Modifier: 100%
[11:33:02] [Server thread/INFO]: Cane Growth Modifier: 100%
[11:33:02] [Server thread/INFO]: Melon Growth Modifier: 100%
[11:33:02] [Server thread/INFO]: Mushroom Growth Modifier: 100%
[11:33:02] [Server thread/INFO]: Pumpkin Growth Modifier: 100%
[11:33:02] [Server thread/INFO]: Sapling Growth Modifier: 100%
[11:33:02] [Server thread/INFO]: Wheat Growth Modifier: 100%
[11:33:02] [Server thread/INFO]: NetherWart Growth Modifier: 100%
[11:33:02] [Server thread/INFO]: Vine Growth Modifier: 100%
[11:33:02] [Server thread/INFO]: Cocoa Growth Modifier: 100%
[11:33:02] [Server thread/INFO]: Entity Tracking Range: Pl 48 / An 48 / Mo 48 / Mi 32 / Other 64
[11:33:02] [Server thread/INFO]: Hopper Transfer: 8 Hopper Check: 1 Hopper Amount: 1
[11:33:02] [Server thread/INFO]: Max TNT Explosions: 100
[11:33:02] [Server thread/INFO]: Tile Max Tick Time: 50ms Entity max Tick Time: 50ms
[11:33:02] [Server thread/INFO]: Random Lighting Updates: false
[11:33:02] [Server thread/INFO]: Item Despawn Rate: 6000
[11:33:02] [Server thread/INFO]: Item Merge Radius: 2.5
[11:33:02] [Server thread/INFO]: Nerfing mobs spawned from spawners: false
[11:33:02] [Server thread/INFO]: Zombie Aggressive Towards Villager: true
[11:33:02] [Server thread/INFO]: Custom Map Seeds:  Village: 10387312 Desert: 14357617 Igloo: 14357618 Jungle: 14357619 Swamp: 14357620 Monument: 10387313Ocean: 14357621 Shipwreck: 165745295 Slime: 987234911
[11:33:02] [Server thread/INFO]: Preparing start region for level minecraft:overworld (Seed: -5524125303418461159)
[11:33:03] [Server thread/INFO]: Preparing spawn area: 4%
[11:33:03] [Server thread/INFO]: Preparing spawn area: 8%
[11:33:03] [Server thread/INFO]: Preparing spawn area: 12%
[11:33:03] [Server thread/INFO]: Preparing spawn area: 16%
[11:33:03] [Server thread/INFO]: Preparing spawn area: 20%
[11:33:03] [Server thread/INFO]: Preparing spawn area: 24%
[11:33:03] [Server thread/INFO]: Preparing spawn area: 28%
[11:33:03] [Server thread/INFO]: Preparing spawn area: 32%
[11:33:03] [Server thread/INFO]: Preparing spawn area: 36%
[11:33:03] [Server thread/INFO]: Preparing spawn area: 40%
[11:33:03] [Server thread/INFO]: Preparing spawn area: 44%
[11:33:03] [Server thread/INFO]: Preparing spawn area: 48%
[11:33:04] [Server thread/INFO]: Preparing spawn area: 52%
[11:33:04] [Server thread/INFO]: Preparing spawn area: 56%
[11:33:04] [Server thread/INFO]: Preparing spawn area: 60%
[11:33:04] [Server thread/INFO]: Preparing spawn area: 64%
[11:33:04] [Server thread/INFO]: Preparing spawn area: 68%
[11:33:04] [Server thread/INFO]: Preparing spawn area: 72%
[11:33:04] [Server thread/INFO]: Preparing spawn area: 76%
[11:33:04] [Server thread/INFO]: Preparing spawn area: 80%
[11:33:04] [Server thread/INFO]: Preparing spawn area: 84%
[11:33:04] [Server thread/INFO]: Preparing spawn area: 88%
[11:33:04] [Server thread/INFO]: Preparing spawn area: 92%
[11:33:04] [Server thread/INFO]: Preparing spawn area: 96%
[11:33:04] [Server thread/INFO]: Preparing spawn area: 100%
[11:33:04] [Server thread/INFO]: Preparing start region for level minecraft:the_nether (Seed: -5524125303418461159)
[11:33:04] [Server thread/INFO]: Preparing spawn area: 4%
[11:33:04] [Server thread/INFO]: Preparing spawn area: 8%
[11:33:04] [Server thread/INFO]: Preparing spawn area: 12%
[11:33:04] [Server thread/INFO]: Preparing spawn area: 16%
[11:33:04] [Server thread/INFO]: Preparing spawn area: 20%
[11:33:04] [Server thread/INFO]: Preparing spawn area: 24%
[11:33:04] [Server thread/INFO]: Preparing spawn area: 28%
[11:33:04] [Server thread/INFO]: Preparing spawn area: 32%
[11:33:04] [Server thread/INFO]: Preparing spawn area: 36%
[11:33:04] [Server thread/INFO]: Preparing spawn area: 40%
[11:33:05] [Server thread/INFO]: Preparing spawn area: 44%
[11:33:05] [Server thread/INFO]: Preparing spawn area: 48%
[11:33:05] [Server thread/INFO]: Preparing spawn area: 52%
[11:33:05] [Server thread/INFO]: Preparing spawn area: 56%
[11:33:05] [Server thread/INFO]: Preparing spawn area: 60%
[11:33:05] [Server thread/INFO]: Preparing spawn area: 64%
[11:33:05] [Server thread/INFO]: Preparing spawn area: 68%
[11:33:05] [Server thread/INFO]: Preparing spawn area: 72%
[11:33:05] [Server thread/INFO]: Preparing spawn area: 76%
[11:33:05] [Server thread/INFO]: Preparing spawn area: 80%
[11:33:05] [Server thread/INFO]: Preparing spawn area: 84%
[11:33:05] [Server thread/INFO]: Preparing spawn area: 88%
[11:33:05] [Server thread/INFO]: Preparing spawn area: 92%
[11:33:05] [Server thread/INFO]: Preparing spawn area: 96%
[11:33:05] [Server thread/INFO]: Preparing spawn area: 100%
[11:33:05] [Server thread/INFO]: Preparing start region for level minecraft:the_end (Seed: -5524125303418461159)
[11:33:05] [Server thread/INFO]: Preparing spawn area: 4%
[11:33:05] [Server thread/INFO]: Preparing spawn area: 8%
[11:33:05] [Server thread/INFO]: Preparing spawn area: 12%
[11:33:05] [Server thread/INFO]: Preparing spawn area: 16%
[11:33:05] [Server thread/INFO]: Preparing spawn area: 20%
[11:33:05] [Server thread/INFO]: Preparing spawn area: 24%
[11:33:05] [Server thread/INFO]: Preparing spawn area: 28%
[11:33:05] [Server thread/INFO]: Preparing spawn area: 32%
[11:33:05] [Server thread/INFO]: Preparing spawn area: 36%
[11:33:05] [Server thread/INFO]: Preparing spawn area: 40%
[11:33:05] [Server thread/INFO]: Preparing spawn area: 44%
[11:33:05] [Server thread/INFO]: Preparing spawn area: 48%
[11:33:05] [Server thread/INFO]: Preparing spawn area: 52%
[11:33:05] [Server thread/INFO]: Preparing spawn area: 56%
[11:33:05] [Server thread/INFO]: Preparing spawn area: 60%
[11:33:06] [Server thread/INFO]: Preparing spawn area: 64%
[11:33:06] [Server thread/INFO]: Preparing spawn area: 68%
[11:33:06] [Server thread/INFO]: Preparing spawn area: 72%
[11:33:06] [Server thread/INFO]: Preparing spawn area: 76%
[11:33:06] [Server thread/INFO]: Preparing spawn area: 80%
[11:33:06] [Server thread/INFO]: Preparing spawn area: 84%
[11:33:06] [Server thread/INFO]: Preparing spawn area: 88%
[11:33:06] [Server thread/INFO]: Preparing spawn area: 92%
[11:33:06] [Server thread/INFO]: Preparing spawn area: 96%
[11:33:06] [Server thread/INFO]: Preparing spawn area: 100%
[11:33:06] [Server thread/INFO]: Time elapsed: 3110 ms
[11:33:06] [Server thread/INFO]: Server permissions file permissions.yml is empty, ignoring it
[11:33:06] [Server thread/INFO]: Done (5.917s)! For help, type "help"
