2019-2-3 11:32:48[Yum 能耗监控] 注意! 玩家 CONSOLE 执行 Skywars 插件 sw worldmanager import 七夕桥 命令 耗时 70ms 平均耗时 70ms!
2019-2-3 11:32:49[Yum 能耗监控] 注意! 玩家 CONSOLE 执行 Skywars 插件 sw worldmanager import 丛林 命令 耗时 78ms 平均耗时 74ms!
2019-2-3 11:32:49[Yum 能耗监控] 注意! 玩家 CONSOLE 执行 Skywars 插件 sw worldmanager import 丛林之巅 命令 耗时 88ms 平均耗时 79ms!
2019-2-3 11:32:49[Yum 能耗监控] 注意! 玩家 CONSOLE 执行 Skywars 插件 sw worldmanager import 亚特兰蒂斯 命令 耗时 41ms 平均耗时 69ms!
2019-2-3 11:32:49[Yum 能耗监控] 注意! 玩家 CONSOLE 执行 Skywars 插件 sw worldmanager import 元素 命令 耗时 61ms 平均耗时 68ms!
2019-2-3 11:32:49[Yum 能耗监控] 注意! 玩家 CONSOLE 执行 Skywars 插件 sw worldmanager import 冰雪奇缘 命令 耗时 34ms 平均耗时 62ms!
2019-2-3 11:32:49[Yum 能耗监控] 注意! 玩家 CONSOLE 执行 Skywars 插件 sw worldmanager import 原始岛屿 命令 耗时 33ms 平均耗时 58ms!
2019-2-3 11:32:49[Yum 能耗监控] 注意! 玩家 CONSOLE 执行 Skywars 插件 sw worldmanager import 四边之争 命令 耗时 30ms 平均耗时 54ms!
2019-2-3 11:32:50[Yum 能耗监控] 注意! 玩家 CONSOLE 执行 Skywars 插件 sw worldmanager import 堡垒之夜 命令 耗时 47ms 平均耗时 54ms!
2019-2-3 11:32:50[Yum 能耗监控] 注意! 玩家 CONSOLE 执行 Skywars 插件 sw worldmanager import 天然粘土 命令 耗时 45ms 平均耗时 53ms!
2019-2-3 11:32:50[Yum 能耗监控] 注意! 玩家 CONSOLE 执行 Skywars 插件 sw worldmanager import 奥术 命令 耗时 45ms 平均耗时 52ms!
2019-2-3 11:32:50[Yum 能耗监控] 注意! 玩家 CONSOLE 执行 Skywars 插件 sw worldmanager import 孤岛 命令 耗时 53ms 平均耗时 52ms!
2019-2-3 11:32:50[Yum 能耗监控] 注意! 玩家 CONSOLE 执行 Skywars 插件 sw worldmanager import 帝国 命令 耗时 36ms 平均耗时 51ms!
2019-2-3 11:32:50[Yum 能耗监控] 注意! 玩家 CONSOLE 执行 Skywars 插件 sw worldmanager import 废弃矿场 命令 耗时 38ms 平均耗时 50ms!
2019-2-3 11:32:50[Yum 能耗监控] 注意! 玩家 CONSOLE 执行 Skywars 插件 sw worldmanager import 怪兽 命令 耗时 41ms 平均耗时 49ms!
2019-2-3 11:32:50[Yum 能耗监控] 注意! 玩家 CONSOLE 执行 Skywars 插件 sw worldmanager import 恶魔仪式 命令 耗时 33ms 平均耗时 48ms!
2019-2-3 11:32:50[Yum 能耗监控] 注意! 玩家 CONSOLE 执行 Skywars 插件 sw worldmanager import 战争沙地 命令 耗时 56ms 平均耗时 49ms!
2019-2-3 11:32:51[Yum 能耗监控] 注意! 玩家 CONSOLE 执行 Skywars 插件 sw worldmanager import 披萨 命令 耗时 67ms 平均耗时 50ms!
2019-2-3 11:32:51[Yum 能耗监控] 注意! 玩家 CONSOLE 执行 Skywars 插件 sw worldmanager import 桦木圣灵 命令 耗时 51ms 平均耗时 50ms!
2019-2-3 11:32:51[Yum 能耗监控] 注意! 玩家 CONSOLE 执行 Skywars 插件 sw worldmanager import 沙丘乱斗 命令 耗时 66ms 平均耗时 51ms!
2019-2-3 11:32:51[Yum 能耗监控] 注意! 玩家 CONSOLE 执行 Skywars 插件 sw worldmanager import 流水小庄 命令 耗时 61ms 平均耗时 51ms!
2019-2-3 11:32:52[Yum 能耗监控] 注意! 玩家 CONSOLE 执行 Skywars 插件 sw worldmanager import 温室 命令 耗时 57ms 平均耗时 51ms!
2019-2-3 11:32:52[Yum 能耗监控] 注意! 玩家 CONSOLE 执行 Skywars 插件 sw worldmanager import 滋生蘑菇 命令 耗时 46ms 平均耗时 51ms!
2019-2-3 11:32:52[Yum 能耗监控] 注意! 玩家 CONSOLE 执行 Skywars 插件 sw worldmanager import 滑稽 命令 耗时 112ms 平均耗时 54ms!
2019-2-3 11:32:52[Yum 能耗监控] 注意! 玩家 CONSOLE 执行 Skywars 插件 sw worldmanager import 火山 命令 耗时 42ms 平均耗时 53ms!
2019-2-3 11:32:52[Yum 能耗监控] 注意! 玩家 CONSOLE 执行 Skywars 插件 sw worldmanager import 炸药 命令 耗时 27ms 平均耗时 52ms!
2019-2-3 11:32:52[Yum 能耗监控] 注意! 玩家 CONSOLE 执行 Skywars 插件 sw worldmanager import 环球小岛 命令 耗时 68ms 平均耗时 53ms!
2019-2-3 11:32:52[Yum 能耗监控] 注意! 玩家 CONSOLE 执行 Skywars 插件 sw worldmanager import 盘丝洞穴 命令 耗时 30ms 平均耗时 52ms!
2019-2-3 11:32:53[Yum 能耗监控] 注意! 玩家 CONSOLE 执行 Skywars 插件 sw worldmanager import 矿山 命令 耗时 67ms 平均耗时 53ms!
2019-2-3 11:32:53[Yum 能耗监控] 注意! 玩家 CONSOLE 执行 Skywars 插件 sw worldmanager import 矿物掠夺 命令 耗时 30ms 平均耗时 52ms!
2019-2-3 11:32:53[Yum 能耗监控] 注意! 玩家 CONSOLE 执行 Skywars 插件 sw worldmanager import 站台 命令 耗时 44ms 平均耗时 52ms!
2019-2-3 11:32:53[Yum 能耗监控] 注意! 玩家 CONSOLE 执行 Skywars 插件 sw worldmanager import 花园 命令 耗时 29ms 平均耗时 51ms!
2019-2-3 11:32:53[Yum 能耗监控] 注意! 玩家 CONSOLE 执行 Skywars 插件 sw worldmanager import 草坪之战 命令 耗时 39ms 平均耗时 50ms!
2019-2-3 11:32:53[Yum 能耗监控] 注意! 玩家 CONSOLE 执行 Skywars 插件 sw worldmanager import 荒野 命令 耗时 43ms 平均耗时 50ms!
2019-2-3 11:32:53[Yum 能耗监控] 注意! 玩家 CONSOLE 执行 Skywars 插件 sw worldmanager import 蛋糕 命令 耗时 52ms 平均耗时 50ms!
2019-2-3 11:32:53[Yum 能耗监控] 注意! 玩家 CONSOLE 执行 Skywars 插件 sw worldmanager import 西部荒漠 命令 耗时 44ms 平均耗时 50ms!
2019-2-3 11:32:53[Yum 能耗监控] 注意! 玩家 CONSOLE 执行 Skywars 插件 sw worldmanager import 角斗场 命令 耗时 55ms 平均耗时 50ms!
2019-2-3 11:32:54[Yum 能耗监控] 注意! 玩家 CONSOLE 执行 Skywars 插件 sw worldmanager import 远古祭坛 命令 耗时 35ms 平均耗时 50ms!
2019-2-3 11:32:54[Yum 能耗监控] 注意! 玩家 CONSOLE 执行 Skywars 插件 sw worldmanager import 远航 命令 耗时 50ms 平均耗时 50ms!
2019-2-3 11:32:54[Yum 能耗监控] 注意! 玩家 CONSOLE 执行 Skywars 插件 sw worldmanager import 连环战塔 命令 耗时 83ms 平均耗时 51ms!
2019-2-3 11:32:54[Yum 能耗监控] 注意! 玩家 CONSOLE 执行 Skywars 插件 sw worldmanager import 速战速决 命令 耗时 87ms 平均耗时 52ms!
2019-2-3 11:32:55[Yum 能耗监控] 注意! 插件 Skywars 处理 me.wazup.skywars.Skywars$13 任务 耗时 6508ms 平均耗时 6508ms!
2019-2-3 11:33:04[Yum 能耗监控] 注意! 插件 LaggRemover 处理 drew6017.lr.main.LaggRemover$1 任务 耗时 84ms 平均耗时 84ms!
2019-2-3 11:33:14[Yum 能耗监控] 注意! 插件 LaggRemover 处理 drew6017.lr.main.LaggRemover$1 任务 耗时 27ms 平均耗时 56ms!
2019-2-3 11:33:24[Yum 能耗监控] 注意! 插件 LaggRemover 处理 drew6017.lr.main.LaggRemover$1 任务 耗时 27ms 平均耗时 46ms!
2019-2-3 11:33:34[Yum 能耗监控] 注意! 插件 LaggRemover 处理 drew6017.lr.main.LaggRemover$1 任务 耗时 22ms 平均耗时 40ms!
2019-2-3 11:34:35[Yum 能耗监控] 注意! 插件 LaggRemover 处理 drew6017.lr.main.LaggRemover$1 任务 耗时 22ms 平均耗时 26ms!
2019-2-3 12:22:38[Yum 能耗监控] 注意! 插件 WorldEdit 处理 PlayerGameModeChangeEvent 事件 耗时 51ms 平均耗时 51ms!
2019-2-3 12:22:44[Yum 能耗监控] 注意! 插件 Skywars 处理 PlayerJoinEvent 事件 耗时 6594ms 平均耗时 6594ms!
2019-2-3 12:59:53[Yum 能耗监控] 注意! 插件 WorldEdit 处理 PlayerInteractEvent 事件 耗时 29ms 平均耗时 29ms!
