[11:32:33] [Server thread/WARN]: To start the server with more ram, launch it as "java -Xmx1024M -Xms1024M -jar minecraft_server.jar"
[11:32:33] [Server thread/INFO]: Loading properties
[11:32:33] [Server thread/WARN]: resource-pack-hash is deprecated and found along side resource-pack-sha1. resource-pack-hash will be ignored.
[11:32:33] [Server thread/INFO]: Default game type: SURVIVAL
[11:32:33] [Server thread/INFO]: This server is running CraftBukkit version git-Spigot-642f6d2-57ab4cf (MC: 1.12.2) (Implementing API version 1.12.2-R0.1-SNAPSHOT)
[11:32:33] [Server thread/INFO]: Debug logging is disabled
[11:32:33] [Server thread/INFO]: Using 4 threads for Netty based IO
[11:32:33] [Server thread/INFO]: Server Ping Player Sample Count: 12
[11:32:33] [Server thread/INFO]: Generating keypair
[11:32:34] [Server thread/INFO]: Starting Minecraft server on 127.0.0.1:25566
[11:32:34] [Server thread/INFO]: Using default channel type
[11:32:35] [Server thread/INFO]: Set PluginClassLoader as parallel capable
[11:32:35] [Server thread/INFO]: [ViaVersion] Hooking into ProtocolSupport, to prevent issues!
[11:32:35] [Server thread/INFO]: [Yum] Loading Yum v2.7.10-git-fcf06780f0196bfb77ed26d9c792cda10547bfb4
[11:32:35] [Server thread/INFO]: [网络管理] 注入网络管理系统 将托管服务器网络!
[11:32:35] [Server thread/INFO]: [SkinsRestorer] Loading SkinsRestorer v13.5-SNAPSHOT
[11:32:35] [Server thread/INFO]: [ProtectWorld] Loading ProtectWorld v17.728
[11:32:35] [Server thread/INFO]: [Essentials] Loading Essentials v2.0.1-b604
[11:32:35] [Server thread/INFO]: [EssentialsSpawn] Loading EssentialsSpawn v2.0.1-b604
[11:32:35] [Server thread/INFO]: [ProtocolSupport] Loading ProtocolSupport v4.28
[11:32:36] [Server thread/INFO]: [ProtocolSupport] Detected Spigot server implementation type
[11:32:36] [Server thread/INFO]: [ProtocolSupport] Allocator: PooledByteBufAllocator(directByDefault: true), direct: true
[11:32:36] [Server thread/INFO]: [ProtocolSupport] Compression level: 3
[11:32:36] [Server thread/INFO]: [ProtocolSupport] Assume 1.5.2 ping delay: 100
[11:32:36] [Server thread/INFO]: [ProtocolSupport] Assume legacy ping delay: 200
[11:32:36] [Server thread/INFO]: [ProtocolSupport] Login threads keep alive time: 60
[11:32:38] [Server thread/INFO]: [EssentialsChat] Loading EssentialsChat v2.0.1-b604
[11:32:38] [Server thread/INFO]: [LaggRemover] Loading LaggRemover v2.0.4
[11:32:38] [Server thread/INFO]: [ViaVersion] Loading ViaVersion v1.5.2
[11:32:38] [Server thread/INFO]: [ViaVersion] ViaVersion 1.5.2 is now loaded, injecting!
[11:32:39] [Server thread/INFO]: [ViaVersion] Loading block mapping...
[11:32:39] [Server thread/INFO]: [ViaVersion] Loading item mapping...
[11:32:39] [Server thread/INFO]: [ViaVersion] Loading new tags...
[11:32:39] [Server thread/INFO]: [ViaVersion] Loading enchantments...
[11:32:39] [Server thread/INFO]: [ViaVersion] Loading sound mapping...
[11:32:39] [Server thread/INFO]: [ProtocolLib] Loading ProtocolLib v4.4.0
[11:32:39] [Server thread/INFO]: [ColorMOTD] Loading ColorMOTD v1.5.3
[11:32:39] [Server thread/INFO]: [NeverLag] Loading NeverLag v1.3.0
[11:32:39] [Server thread/INFO]: [Yum] Enabling Yum v2.7.10-git-fcf06780f0196bfb77ed26d9c792cda10547bfb4
[11:32:39] [Server thread/INFO]: [Yum] 服务端未注入安全拦截器 关闭功能...
[11:32:39] [Server thread/INFO]: [Yum] 网络管理系统已启用...
[11:32:39] [Server thread/INFO]: [Yum] 线程管理系统已启用...
[11:32:39] [Server thread/INFO]: [Yum] 性能监控系统已启用...
[11:32:39] [Server thread/INFO]: [Yum] I O 管理系统已启用...
[11:32:39] [Server thread/INFO]: [ProtocolSupport] Enabling ProtocolSupport v4.28
[11:32:39] [Server thread/INFO]: [ProtocolLib] Enabling ProtocolLib v4.4.0
[11:32:39] [Server thread/INFO]: [ProtocolLib] Started structure compiler thread.
[11:32:39] [Server thread/INFO]: [ColorMOTD] Enabling ColorMOTD v1.5.3
[11:32:39] [Server thread/INFO]: [ColorMOTD] ├使用 ProtocolLib 4.4.0 作为前置
[11:32:39] [Server thread/INFO]: [ColorMOTD] │├正在载入配置文件..
[11:32:39] [Server thread/INFO]: [ColorMOTD] │├配置文件编码为UTF-8...
[11:32:39] [Server thread/INFO]: [ColorMOTD] │├正在加载图标...
[11:32:39] [Server thread/INFO]: [ColorMOTD] ││├成功加载图标"12312.png"
[11:32:39] [Server thread/INFO]: [ColorMOTD] ││├成功加载维护模式下的图标
[11:32:39] [Server thread/INFO]: [ColorMOTD] │├载入成功
[11:32:39] [Server thread/INFO]: [ColorMOTD] │├软前置加载...
[11:32:39] [Server thread/INFO]: [ColorMOTD] │├找到Essentials,建立连接...
[11:32:39] [Server thread/INFO]: [ColorMOTD] ├正在注册MOTD监听器...
[11:32:39] [Server thread/INFO]: ColorMOTD v1.5.3加载完成,用时122毫秒
[11:32:39] [Server thread/WARN]: **** SERVER IS RUNNING IN OFFLINE/INSECURE MODE!
[11:32:39] [Server thread/WARN]: The server will make no attempt to authenticate usernames. Beware.
[11:32:39] [Server thread/WARN]: Whilst this makes it possible to use BungeeCord, unless access to your server is properly restricted, it also opens up the ability for hackers to connect with any username they choose.
[11:32:39] [Server thread/WARN]: Please see http://www.spigotmc.org/wiki/firewall-guide/ for further information.
[11:32:39] [Server thread/WARN]: To change this, set "online-mode" to "true" in the server.properties file.
[11:32:39] [Server thread/INFO]: **** Beginning UUID conversion, this may take A LONG time ****
[11:32:39] [Server thread/INFO]: Preparing level "world"
[11:32:39] [Server thread/INFO]: -------- World Settings For [world] --------
[11:32:39] [Server thread/INFO]: Arrow Despawn Rate: 1200
[11:32:39] [Server thread/INFO]: Allow Zombie Pigmen to spawn from portal blocks: true
[11:32:39] [Server thread/INFO]: View Distance: 10
[11:32:39] [Server thread/INFO]: Experience Merge Radius: 3.0
[11:32:39] [Server thread/INFO]: Item Merge Radius: 2.5
[11:32:39] [Server thread/INFO]: Item Despawn Rate: 6000
[11:32:39] [Server thread/INFO]: Nerfing mobs spawned from spawners: false
[11:32:39] [Server thread/INFO]: Zombie Aggressive Towards Villager: true
[11:32:39] [Server thread/INFO]: Custom Map Seeds:  Village: 10387312 Feature: 14357617 Monument: 10387313 Slime: 987234911
[11:32:39] [Server thread/INFO]: Mob Spawn Range: 4
[11:32:39] [Server thread/INFO]: Cactus Growth Modifier: 100%
[11:32:39] [Server thread/INFO]: Cane Growth Modifier: 100%
[11:32:39] [Server thread/INFO]: Melon Growth Modifier: 100%
[11:32:39] [Server thread/INFO]: Mushroom Growth Modifier: 100%
[11:32:39] [Server thread/INFO]: Pumpkin Growth Modifier: 100%
[11:32:39] [Server thread/INFO]: Sapling Growth Modifier: 100%
[11:32:39] [Server thread/INFO]: Wheat Growth Modifier: 100%
[11:32:39] [Server thread/INFO]: NetherWart Growth Modifier: 100%
[11:32:39] [Server thread/INFO]: Vine Growth Modifier: 100%
[11:32:39] [Server thread/INFO]: Cocoa Growth Modifier: 100%
[11:32:39] [Server thread/INFO]: Tile Max Tick Time: 50ms Entity max Tick Time: 50ms
[11:32:39] [Server thread/INFO]: Structure Info Saving: true
[11:32:39] [Server thread/INFO]: Entity Tracking Range: Pl 48 / An 48 / Mo 48 / Mi 32 / Other 64
[11:32:39] [Server thread/INFO]: Entity Activation Range: An 32 / Mo 32 / Mi 16 / Tiv true
[11:32:39] [Server thread/INFO]: Hopper Transfer: 8 Hopper Check: 1 Hopper Amount: 1
[11:32:39] [Server thread/INFO]: Random Lighting Updates: false
[11:32:39] [Server thread/INFO]: Max TNT Explosions: 100
[11:32:39] [Server thread/INFO]: -------- World Settings For [world_nether] --------
[11:32:39] [Server thread/INFO]: Arrow Despawn Rate: 1200
[11:32:39] [Server thread/INFO]: Allow Zombie Pigmen to spawn from portal blocks: true
[11:32:39] [Server thread/INFO]: View Distance: 10
[11:32:39] [Server thread/INFO]: Experience Merge Radius: 3.0
[11:32:39] [Server thread/INFO]: Item Merge Radius: 2.5
[11:32:39] [Server thread/INFO]: Item Despawn Rate: 6000
[11:32:39] [Server thread/INFO]: Nerfing mobs spawned from spawners: false
[11:32:39] [Server thread/INFO]: Zombie Aggressive Towards Villager: true
[11:32:39] [Server thread/INFO]: Custom Map Seeds:  Village: 10387312 Feature: 14357617 Monument: 10387313 Slime: 987234911
[11:32:39] [Server thread/INFO]: Mob Spawn Range: 4
[11:32:39] [Server thread/INFO]: Cactus Growth Modifier: 100%
[11:32:39] [Server thread/INFO]: Cane Growth Modifier: 100%
[11:32:39] [Server thread/INFO]: Melon Growth Modifier: 100%
[11:32:39] [Server thread/INFO]: Mushroom Growth Modifier: 100%
[11:32:39] [Server thread/INFO]: Pumpkin Growth Modifier: 100%
[11:32:39] [Server thread/INFO]: Sapling Growth Modifier: 100%
[11:32:39] [Server thread/INFO]: Wheat Growth Modifier: 100%
[11:32:39] [Server thread/INFO]: NetherWart Growth Modifier: 100%
[11:32:39] [Server thread/INFO]: Vine Growth Modifier: 100%
[11:32:39] [Server thread/INFO]: Cocoa Growth Modifier: 100%
[11:32:39] [Server thread/INFO]: Tile Max Tick Time: 50ms Entity max Tick Time: 50ms
[11:32:39] [Server thread/INFO]: Structure Info Saving: true
[11:32:39] [Server thread/INFO]: Entity Tracking Range: Pl 48 / An 48 / Mo 48 / Mi 32 / Other 64
[11:32:39] [Server thread/INFO]: Entity Activation Range: An 32 / Mo 32 / Mi 16 / Tiv true
[11:32:39] [Server thread/INFO]: Hopper Transfer: 8 Hopper Check: 1 Hopper Amount: 1
[11:32:39] [Server thread/INFO]: Random Lighting Updates: false
[11:32:39] [Server thread/INFO]: Max TNT Explosions: 100
[11:32:39] [Server thread/INFO]: -------- World Settings For [world_the_end] --------
[11:32:39] [Server thread/INFO]: Arrow Despawn Rate: 1200
[11:32:39] [Server thread/INFO]: Allow Zombie Pigmen to spawn from portal blocks: true
[11:32:39] [Server thread/INFO]: View Distance: 10
[11:32:39] [Server thread/INFO]: Experience Merge Radius: 3.0
[11:32:39] [Server thread/INFO]: Item Merge Radius: 2.5
[11:32:39] [Server thread/INFO]: Item Despawn Rate: 6000
[11:32:39] [Server thread/INFO]: Nerfing mobs spawned from spawners: false
[11:32:39] [Server thread/INFO]: Zombie Aggressive Towards Villager: true
[11:32:39] [Server thread/INFO]: Custom Map Seeds:  Village: 10387312 Feature: 14357617 Monument: 10387313 Slime: 987234911
[11:32:39] [Server thread/INFO]: Mob Spawn Range: 4
[11:32:39] [Server thread/INFO]: Cactus Growth Modifier: 100%
[11:32:39] [Server thread/INFO]: Cane Growth Modifier: 100%
[11:32:39] [Server thread/INFO]: Melon Growth Modifier: 100%
[11:32:39] [Server thread/INFO]: Mushroom Growth Modifier: 100%
[11:32:39] [Server thread/INFO]: Pumpkin Growth Modifier: 100%
[11:32:39] [Server thread/INFO]: Sapling Growth Modifier: 100%
[11:32:39] [Server thread/INFO]: Wheat Growth Modifier: 100%
[11:32:39] [Server thread/INFO]: NetherWart Growth Modifier: 100%
[11:32:39] [Server thread/INFO]: Vine Growth Modifier: 100%
[11:32:39] [Server thread/INFO]: Cocoa Growth Modifier: 100%
[11:32:39] [Server thread/INFO]: Tile Max Tick Time: 50ms Entity max Tick Time: 50ms
[11:32:39] [Server thread/INFO]: Structure Info Saving: true
[11:32:39] [Server thread/INFO]: Entity Tracking Range: Pl 48 / An 48 / Mo 48 / Mi 32 / Other 64
[11:32:39] [Server thread/INFO]: Entity Activation Range: An 32 / Mo 32 / Mi 16 / Tiv true
[11:32:39] [Server thread/INFO]: Hopper Transfer: 8 Hopper Check: 1 Hopper Amount: 1
[11:32:39] [Server thread/INFO]: Random Lighting Updates: false
[11:32:39] [Server thread/INFO]: Max TNT Explosions: 100
[11:32:40] [Server thread/INFO]: Preparing start region for level 0 (Seed: -951991731825094270)
[11:32:40] [Server thread/INFO]: Preparing start region for level 1 (Seed: 4113386148420363568)
[11:32:41] [Server thread/INFO]: Preparing start region for level 2 (Seed: 4113386148420363568)
[11:32:41] [Server thread/INFO]: [SkinsRestorer] Enabling SkinsRestorer v13.5-SNAPSHOT
[11:32:41] [Server thread/INFO]: [SkinsRestorer] Detected Minecraft v1_12_R1, using UniversalSkinFactory.
[11:32:41] [Server thread/INFO]: [ProtectWorld] Enabling ProtectWorld v17.728
[11:32:41] [Server thread/INFO]: [特殊世界保护] > 已运行 定制+Q962389099
[11:32:41] [Server thread/INFO]: [Essentials] Enabling Essentials v2.0.1-b604
[11:32:42] [Server thread/INFO]: Attempting to convert old kits in config.yml to new kits.yml
[11:32:42] [Server thread/INFO]: No kits found to migrate.
[11:32:42] [Server thread/INFO]: [Essentials] Using 1.8.3+ BlockStateMeta provider as mob spawner provider.
[11:32:42] [Server thread/INFO]: [Essentials] Using Reflection based provider as spawn egg provider.
[11:32:42] [Server thread/INFO]: [Essentials] Using 1.9+ BasePotionData provider as potion meta provider.
[11:32:42] [Server thread/INFO]: Using locale zh_CN
[11:32:42] [Server thread/INFO]: [Essentials] Using Spigot 1.7.10+ ServerListPingEvent iterator
[11:32:42] [Server thread/INFO]: [Essentials] Starting Metrics. Opt-out using the global bStats config.
[11:32:42] [Server thread/INFO]: [Essentials] Using superperms-based permissions.
[11:32:42] [Server thread/INFO]: [EssentialsSpawn] Enabling EssentialsSpawn v2.0.1-b604
[11:32:42] [Server thread/INFO]: [EssentialsChat] Enabling EssentialsChat v2.0.1-b604
[11:32:42] [Server thread/INFO]: [LaggRemover] Enabling LaggRemover v2.0.4
[11:32:42] [Server thread/INFO]: 
    __                      ____                                         _    _____
   / /   ____ _____ _____ _/ __ \___  ____ ___  ____ _   _____  _____   | |  / /__ \
  / /   / __ `/ __ `/ __ `/ /_/ / _ \/ __ `__ \/ __ \ | / / _ \/ ___/   | | / /__/ /
 / /___/ /_/ / /_/ / /_/ / _, _/  __/ / / / / / /_/ / |/ /  __/ /       | |/ // __/
/_____/\__,_/\__, /\__, /_/ |_|\___/_/ /_/ /_/\____/|___/\___/_/        |___//____/
            /____//____/

[11:32:42] [Server thread/INFO]: [LaggRemover] Loaded 0 module(s)
[11:32:42] [Server thread/INFO]: [LaggRemover] The LaggRemover AI is now active!
[11:32:42] [Server thread/INFO]: [LaggRemover] LaggRemover has been enabled!
[11:32:42] [Server thread/INFO]: [ViaVersion] Enabling ViaVersion v1.5.2
[11:32:42] [Server thread/INFO]: [NeverLag] Enabling NeverLag v1.3.0
[11:32:42] [Server thread/WARN]: [ProtocolLib] [PacketFilterManager] [NeverLag] Unsupported client packet in current Minecraft version: Dynamic-12b523d0-2951-48d0-96d6-3335467a2114[LEGACY, CLIENT, -1, classNames: [] (unregistered)]
[11:32:42] [Server thread/INFO]: Server permissions file permissions.yml is empty, ignoring it
[11:32:42] [Server thread/INFO]: Done (3.153s)! For help, type "help" or "?"
[11:32:42] [Server thread/INFO]: [ViaVersion] ViaVersion detected server version: 1.12.2(340)
[11:32:42] [Craft Scheduler Thread - 5/INFO]: [Yum] [Yum 网络管理] 插件 SkinsRestorer 尝试访问网络 请注意服务器网络安全!
[11:32:42] [Craft Scheduler Thread - 5/INFO]: [Yum] [Yum 网络管理] 地址: http://api.spiget.org/v2/resources/2124?ut=1549164762873
[11:32:42] [Craft Scheduler Thread - 9/INFO]: [Yum] [Yum 网络管理] 插件 ViaVersion 尝试访问网络 请注意服务器网络安全!
[11:32:42] [Craft Scheduler Thread - 9/INFO]: [Yum] [Yum 网络管理] 地址: http://api.spiget.org/v2/resources/19254/versions/latest?1549164762947
[11:32:43] [Craft Scheduler Thread - 7/INFO]: [Yum] [Yum 网络管理] 插件 ColorMOTD 尝试访问网络 请注意服务器网络安全!
[11:32:43] [Craft Scheduler Thread - 7/INFO]: [Yum] [Yum 网络管理] 地址: http://vcheck.windit.net/mc_plugin/andylizi/colormotd/update.json
[11:32:43] [Craft Scheduler Thread - 3/INFO]: 仓库: Yum官方仓库 更新成功!
[11:32:44] [Craft Scheduler Thread - 3/INFO]: 仓库: Yum代理仓库 更新成功!
[11:32:44] [Craft Scheduler Thread - 3/INFO]: 仓库: Yum代理仓库 更新成功!
[11:32:44] [Craft Scheduler Thread - 3/INFO]: 仓库: Yum源仓库 更新成功!
[11:32:44] [Craft Scheduler Thread - 3/INFO]: 仓库: Yum收费仓库 更新成功!
[11:32:44] [Craft Scheduler Thread - 3/INFO]: 仓库: MengCraft仓库 更新成功!
[11:32:44] [Craft Scheduler Thread - 3/INFO]: 仓库: SUM香港仓库 更新成功!
[11:32:44] [Craft Scheduler Thread - 3/INFO]: 仓库: ProtocolLib仓库 更新成功!
[11:32:44] [Craft Scheduler Thread - 3/INFO]: 源: Yum中心源 更新成功!
[11:32:45] [Server thread/WARN]: [ViaVersion] There is a newer version available: 1.6.0, you're on: 1.5.2
[11:32:48] [Server thread/INFO]: [ProtocolLib] The updater found an update, and has readied it to be loaded the next time the server restarts/reloads.
[11:32:52] [Server thread/INFO]: [Yum] [Yum 能耗监控] 注意! 插件 LaggRemover 处理 drew6017.lr.main.LaggRemover$1 任务 耗时 29ms 平均耗时 29ms!
[11:33:04] [Craft Scheduler Thread - 5/WARN]: [SkinsRestorer] Failed to get resource info from spiget.org
java.net.ConnectException: Connection timed out: connect
	at java.net.DualStackPlainSocketImpl.connect0(Native Method) ~[?:1.8.0_171]
	at java.net.DualStackPlainSocketImpl.socketConnect(Unknown Source) ~[?:1.8.0_171]
	at java.net.AbstractPlainSocketImpl.doConnect(Unknown Source) ~[?:1.8.0_171]
	at java.net.AbstractPlainSocketImpl.connectToAddress(Unknown Source) ~[?:1.8.0_171]
	at java.net.AbstractPlainSocketImpl.connect(Unknown Source) ~[?:1.8.0_171]
	at java.net.PlainSocketImpl.connect(Unknown Source) ~[?:1.8.0_171]
	at java.net.SocksSocketImpl.connect(Unknown Source) ~[?:1.8.0_171]
	at java.net.Socket.connect(Unknown Source) ~[?:1.8.0_171]
	at java.net.Socket.connect(Unknown Source) ~[?:1.8.0_171]
	at sun.net.NetworkClient.doConnect(Unknown Source) ~[?:1.8.0_171]
	at sun.net.www.http.HttpClient.openServer(Unknown Source) ~[?:1.8.0_171]
	at sun.net.www.http.HttpClient.openServer(Unknown Source) ~[?:1.8.0_171]
	at sun.net.www.http.HttpClient.<init>(Unknown Source) ~[?:1.8.0_171]
	at sun.net.www.http.HttpClient.New(Unknown Source) ~[?:1.8.0_171]
	at sun.net.www.http.HttpClient.New(Unknown Source) ~[?:1.8.0_171]
	at sun.net.www.protocol.http.HttpURLConnection.getNewHttpClient(Unknown Source) ~[?:1.8.0_171]
	at sun.net.www.protocol.http.HttpURLConnection.plainConnect0(Unknown Source) ~[?:1.8.0_171]
	at sun.net.www.protocol.http.HttpURLConnection.plainConnect(Unknown Source) ~[?:1.8.0_171]
	at sun.net.www.protocol.http.HttpURLConnection.connect(Unknown Source) ~[?:1.8.0_171]
	at sun.net.www.protocol.http.HttpURLConnection.getInputStream0(Unknown Source) ~[?:1.8.0_171]
	at sun.net.www.protocol.http.HttpURLConnection.getInputStream(Unknown Source) ~[?:1.8.0_171]
	at skinsrestorer.shared.utils.updater.update.spiget.SpigetUpdateAbstract$1.run(SpigetUpdateAbstract.java:92) [SkinsRestorer.jar:?]
	at org.bukkit.craftbukkit.v1_12_R1.scheduler.CraftTask.run(CraftTask.java:76) [spigot-1.12.2-R0.1-SNAPSHOT-b1648.jar:git-Spigot-642f6d2-57ab4cf]
	at org.bukkit.craftbukkit.v1_12_R1.scheduler.CraftAsyncTask.run(CraftAsyncTask.java:52) [spigot-1.12.2-R0.1-SNAPSHOT-b1648.jar:git-Spigot-642f6d2-57ab4cf]
	at java.util.concurrent.ThreadPoolExecutor.runWorker(Unknown Source) [?:1.8.0_171]
	at java.util.concurrent.ThreadPoolExecutor$Worker.run(Unknown Source) [?:1.8.0_171]
	at java.lang.Thread.run(Unknown Source) [?:1.8.0_171]
[11:34:19] [LoginProcessingThread/INFO]: UUID of player YuukiSkniro is c32ab6d0-8673-47c8-b2a3-7df48ce221f4
[11:34:19] [Server thread/INFO]: [Yum] [Yum 能耗监控] 注意! 插件 ProtocolLib 处理 PlayerLoginEvent 事件 耗时 25ms 平均耗时 25ms!
[11:34:19] [Server thread/WARN]: Using offline mode UUID file for player YuukiSkniro as it is the only copy we can find.
[11:34:19] [Server thread/INFO]: [Essentials] Found new UUID for YuukiSkniro. Replacing 9fa3a992-90a2-3e98-8124-1c0a3159b2d0 with c32ab6d0-8673-47c8-b2a3-7df48ce221f4
[11:34:19] [Server thread/INFO]: [Yum] [Yum 能耗监控] 注意! 插件 Essentials 处理 PlayerTeleportEvent 事件 耗时 27ms 平均耗时 27ms!
[11:34:19] [Server thread/INFO]: YuukiSkniro[/127.0.0.1:54768] logged in with entity id 216 at ([world]610.3701269266965, 128.0, -388.00860487665193)
[11:34:19] [Craft Scheduler Thread - 4/INFO]: [Yum] [Yum 网络管理] 插件 ViaVersion 尝试访问网络 请注意服务器网络安全!
[11:34:19] [Craft Scheduler Thread - 4/INFO]: [Yum] [Yum 网络管理] 地址: http://api.spiget.org/v2/resources/19254/versions/latest?1549164859328
[11:46:44] [Server thread/INFO]: [服务器娘]地上的掉落物将在 60秒 后清除！
[11:47:14] [Server thread/INFO]: [服务器娘]地上的掉落物将在 30秒 后清除！
[11:47:34] [Server thread/INFO]: [服务器娘]地上的掉落物将在 10秒 后清除！
[11:47:44] [Server thread/INFO]: [服务器娘]哎哟，这次清理了 0个 垃圾，我感觉自己萌萌哒~
[12:01:46] [Server thread/INFO]: [服务器娘]地上的掉落物将在 60秒 后清除！
[12:02:16] [Server thread/INFO]: [服务器娘]地上的掉落物将在 30秒 后清除！
[12:02:36] [Server thread/INFO]: [服务器娘]地上的掉落物将在 10秒 后清除！
[12:02:46] [Server thread/INFO]: [服务器娘]哎哟，这次清理了 1个 垃圾，我感觉自己萌萌哒~
[12:16:47] [Server thread/INFO]: [服务器娘]地上的掉落物将在 60秒 后清除！
[12:17:17] [Server thread/INFO]: [服务器娘]地上的掉落物将在 30秒 后清除！
[12:17:37] [Server thread/INFO]: [服务器娘]地上的掉落物将在 10秒 后清除！
[12:17:47] [Server thread/INFO]: [服务器娘]哎哟，这次清理了 0个 垃圾，我感觉自己萌萌哒~
[12:21:19] [Server thread/INFO]: YuukiSkniro lost connection: Disconnected
[12:21:19] [Server thread/INFO]: [Yum] [Yum 能耗监控] 注意! 插件 Essentials 处理 PlayerQuitEvent 事件 耗时 26ms 平均耗时 26ms!
[12:21:19] [Server thread/INFO]: YuukiSkniro left the game
[12:21:45] [LoginProcessingThread/INFO]: UUID of player YuukiSkniro is c32ab6d0-8673-47c8-b2a3-7df48ce221f4
[12:21:45] [Server thread/INFO]: YuukiSkniro[/127.0.0.1:56130] logged in with entity id 463 at ([world]652.4133861331608, 116.5, -436.6699266011961)
[12:21:45] [Craft Scheduler Thread - 14/INFO]: [Yum] [Yum 网络管理] 插件 ViaVersion 尝试访问网络 请注意服务器网络安全!
[12:21:45] [Craft Scheduler Thread - 14/INFO]: [Yum] [Yum 网络管理] 地址: http://api.spiget.org/v2/resources/19254/versions/latest?1549167705438
[12:22:38] [Server thread/INFO]: YuukiSkniro lost connection: Disconnected
[12:22:38] [Server thread/INFO]: YuukiSkniro left the game
[12:31:48] [Server thread/INFO]: [服务器娘]地上的掉落物将在 60秒 后清除！
[12:32:18] [Server thread/INFO]: [服务器娘]地上的掉落物将在 30秒 后清除！
[12:32:38] [Server thread/INFO]: [服务器娘]地上的掉落物将在 10秒 后清除！
[12:32:48] [Server thread/INFO]: [服务器娘]哎哟，这次清理了 0个 垃圾，我感觉自己萌萌哒~
[12:32:49] [Craft Scheduler Thread - 16/INFO]: [Yum] [Yum 网络管理] 插件 ColorMOTD 尝试访问网络 请注意服务器网络安全!
[12:32:49] [Craft Scheduler Thread - 16/INFO]: [Yum] [Yum 网络管理] 地址: http://vcheck.windit.net/mc_plugin/andylizi/colormotd/update.json
[12:46:50] [Server thread/INFO]: [服务器娘]地上的掉落物将在 60秒 后清除！
[12:47:20] [Server thread/INFO]: [服务器娘]地上的掉落物将在 30秒 后清除！
[12:47:40] [Server thread/INFO]: [服务器娘]地上的掉落物将在 10秒 后清除！
[12:47:50] [Server thread/INFO]: [服务器娘]哎哟，这次清理了 0个 垃圾，我感觉自己萌萌哒~
[13:01:51] [Server thread/INFO]: [服务器娘]地上的掉落物将在 60秒 后清除！
[13:02:21] [Server thread/INFO]: [服务器娘]地上的掉落物将在 30秒 后清除！
[13:02:41] [Server thread/INFO]: [服务器娘]地上的掉落物将在 10秒 后清除！
[13:02:51] [Server thread/INFO]: [服务器娘]哎哟，这次清理了 0个 垃圾，我感觉自己萌萌哒~
[13:09:24] [LoginProcessingThread/INFO]: UUID of player YuukiSkniro is c32ab6d0-8673-47c8-b2a3-7df48ce221f4
[13:09:24] [Server thread/INFO]: YuukiSkniro[/127.0.0.1:58087] logged in with entity id 650 at ([world]652.09834463876, 116.0, -442.44122057719153)
[13:09:24] [Craft Scheduler Thread - 21/INFO]: [Yum] [Yum 网络管理] 插件 ViaVersion 尝试访问网络 请注意服务器网络安全!
[13:09:24] [Craft Scheduler Thread - 21/INFO]: [Yum] [Yum 网络管理] 地址: http://api.spiget.org/v2/resources/19254/versions/latest?1549170564920
[13:09:24] [Server thread/INFO]: YuukiSkniro lost connection: Disconnected
[13:09:24] [Server thread/INFO]: YuukiSkniro left the game
[13:16:52] [Server thread/INFO]: [服务器娘]地上的掉落物将在 60秒 后清除！
[13:17:18] [LoginProcessingThread/INFO]: UUID of player YuukiSkniro is c32ab6d0-8673-47c8-b2a3-7df48ce221f4
[13:17:18] [Server thread/INFO]: YuukiSkniro[/127.0.0.1:58541] logged in with entity id 662 at ([world]652.09834463876, 116.0, -442.44122057719153)
[13:17:18] [Craft Scheduler Thread - 26/INFO]: [Yum] [Yum 网络管理] 插件 ViaVersion 尝试访问网络 请注意服务器网络安全!
[13:17:18] [Craft Scheduler Thread - 26/INFO]: [Yum] [Yum 网络管理] 地址: http://api.spiget.org/v2/resources/19254/versions/latest?1549171038176
[13:17:22] [Server thread/INFO]: [服务器娘]地上的掉落物将在 30秒 后清除！
[13:17:26] [Server thread/INFO]: YuukiSkniro lost connection: Disconnected
[13:17:26] [Server thread/INFO]: YuukiSkniro left the game
[13:17:42] [Server thread/INFO]: [服务器娘]地上的掉落物将在 10秒 后清除！
[13:17:52] [Server thread/INFO]: [服务器娘]哎哟，这次清理了 0个 垃圾，我感觉自己萌萌哒~
[13:24:26] [LoginProcessingThread/INFO]: UUID of player YuukiSkniro is c32ab6d0-8673-47c8-b2a3-7df48ce221f4
[13:24:26] [Server thread/INFO]: YuukiSkniro[/127.0.0.1:58778] logged in with entity id 867 at ([world]652.1018766325924, 116.0, -442.23596949065916)
[13:24:26] [Craft Scheduler Thread - 28/INFO]: [Yum] [Yum 网络管理] 插件 ViaVersion 尝试访问网络 请注意服务器网络安全!
[13:24:26] [Craft Scheduler Thread - 28/INFO]: [Yum] [Yum 网络管理] 地址: http://api.spiget.org/v2/resources/19254/versions/latest?1549171466767
[13:24:26] [Server thread/INFO]: YuukiSkniro lost connection: Disconnected
[13:24:26] [Server thread/INFO]: YuukiSkniro left the game
[13:24:39] [LoginProcessingThread/INFO]: UUID of player YuukiSkniro is c32ab6d0-8673-47c8-b2a3-7df48ce221f4
[13:24:39] [Server thread/INFO]: YuukiSkniro[/127.0.0.1:58816] logged in with entity id 883 at ([world]652.1018766325924, 116.0, -442.23596949065916)
[13:24:39] [Craft Scheduler Thread - 28/INFO]: [Yum] [Yum 网络管理] 插件 ViaVersion 尝试访问网络 请注意服务器网络安全!
[13:24:39] [Craft Scheduler Thread - 28/INFO]: [Yum] [Yum 网络管理] 地址: http://api.spiget.org/v2/resources/19254/versions/latest?1549171479335
[13:26:32] [Server thread/INFO]: YuukiSkniro lost connection: Disconnected
[13:26:32] [Server thread/INFO]: YuukiSkniro left the game
[13:27:35] [LoginProcessingThread/INFO]: UUID of player YuukiSkniro is c32ab6d0-8673-47c8-b2a3-7df48ce221f4
[13:27:35] [Server thread/INFO]: YuukiSkniro[/127.0.0.1:58964] logged in with entity id 1101 at ([world]652.1018766325924, 116.0, -442.23596949065916)
[13:27:35] [Craft Scheduler Thread - 30/INFO]: [Yum] [Yum 网络管理] 插件 ViaVersion 尝试访问网络 请注意服务器网络安全!
[13:27:35] [Craft Scheduler Thread - 30/INFO]: [Yum] [Yum 网络管理] 地址: http://api.spiget.org/v2/resources/19254/versions/latest?1549171655493
[13:27:56] [Server thread/INFO]: YuukiSkniro lost connection: Disconnected
[13:27:56] [Server thread/INFO]: YuukiSkniro left the game
[13:28:19] [LoginProcessingThread/INFO]: UUID of player YuukiSkniro is c32ab6d0-8673-47c8-b2a3-7df48ce221f4
[13:28:19] [Server thread/INFO]: YuukiSkniro[/127.0.0.1:59063] logged in with entity id 1218 at ([world]648.7621982319775, 115.5, -441.8208013533088)
[13:28:19] [Craft Scheduler Thread - 28/INFO]: [Yum] [Yum 网络管理] 插件 ViaVersion 尝试访问网络 请注意服务器网络安全!
[13:28:19] [Craft Scheduler Thread - 28/INFO]: [Yum] [Yum 网络管理] 地址: http://api.spiget.org/v2/resources/19254/versions/latest?1549171699891
[13:29:29] [Server thread/INFO]: YuukiSkniro lost connection: Disconnected
[13:29:29] [Server thread/INFO]: YuukiSkniro left the game
[13:29:54] [LoginProcessingThread/INFO]: UUID of player YuukiSkniro is c32ab6d0-8673-47c8-b2a3-7df48ce221f4
[13:29:54] [Server thread/INFO]: YuukiSkniro[/127.0.0.1:59176] logged in with entity id 1345 at ([world]620.8649429467198, 127.3254788718151, -386.69999998807907)
[13:29:54] [Craft Scheduler Thread - 28/INFO]: [Yum] [Yum 网络管理] 插件 ViaVersion 尝试访问网络 请注意服务器网络安全!
[13:29:54] [Craft Scheduler Thread - 28/INFO]: [Yum] [Yum 网络管理] 地址: http://api.spiget.org/v2/resources/19254/versions/latest?1549171794661
[13:29:54] [Server thread/INFO]: YuukiSkniro lost connection: Disconnected
[13:29:54] [Server thread/INFO]: YuukiSkniro left the game
